<?xml version="1.0" encoding="UTF-8"?>
<testsuite name="testUI.VulnerabilityTest" tests="1" skipped="0" failures="0" errors="0" timestamp="2020-10-10T18:08:16" hostname="DESKTOP-F1JKFO9" time="802.375">
  <properties/>
  <testcase name="verifyVulnerabilityScanTest" classname="testUI.VulnerabilityTest" time="802.375"/>
  <system-out><![CDATA[{
    "scan": "5"
}
ID :5
OWASP Status : 1 %
{
    "scanProgress": [
        "http://todo.ly",
        {
            "HostProcess": [
                {
                    "Plugin": [
                        "Path Traversal",
                        "6",
                        "release",
                        "98%",
                        "26174",
                        "94",
                        "0"
                    ]
                },
                {
                    "Plugin": [
                        "Remote File Inclusion",
                        "7",
                        "release",
                        "Pending",
                        "0",
                        "0",
                        "0"
                    ]
                },
                {
                    "Plugin": [
                        "Source Code Disclosure - /WEB-INF folder",
                        "10045",
                        "release",
                        "Pending",
                        "0",
                        "0",
                        "0"
                    ]
                },
                {
                    "Plugin": [
                        "External Redirect",
                        "20019",
                        "release",
                        "Pending",
                        "0",
                        "0",
                        "0"
                    ]
                },
                {
                    "Plugin": [
                        "Server Side Include",
                        "40009",
                        "release",
                        "Pending",
                        "0",
                        "0",
                        "0"
                    ]
                },
                {
                    "Plugin": [
                        "Cross Site Scripting (Reflected)",
                        "40012",
                        "release",
                        "Pending",
                        "0",
                        "0",
                        "0"
                    ]
                },
                {
                    "Plugin": [
                        "Cross Site Scripting (Persistent) - Prime",
                        "40016",
                        "release",
                        "Pending",
                        "0",
                        "0",
                        "0"
                    ]
                },
                {
                    "Plugin": [
                        "Cross Site Scripting (Persistent) - Spider",
                        "40017",
                        "release",
                        "Pending",
                        "0",
                        "0",
                        "0"
                    ]
                },
                {
                    "Plugin": [
                        "Cross Site Scripting (Persistent)",
                        "40014",
                        "release",
                        "Pending",
                        "0",
                        "0",
                        "0"
                    ]
                },
                {
                    "Plugin": [
                        "SQL Injection",
                        "40018",
                        "release",
                        "Pending",
                        "0",
                        "0",
                        "0"
                    ]
                },
                {
                    "Plugin": [
                        "Server Side Code Injection",
                        "90019",
                        "release",
                        "Pending",
                        "0",
                        "0",
                        "0"
                    ]
                },
                {
                    "Plugin": [
                        "Remote OS Command Injection",
                        "90020",
                        "release",
                        "Pending",
                        "0",
                        "0",
                        "0"
                    ]
                },
                {
                    "Plugin": [
                        "Directory Browsing",
                        "0",
                        "release",
                        "Pending",
                        "0",
                        "0",
                        "0"
                    ]
                },
                {
                    "Plugin": [
                        "Buffer Overflow",
                        "30001",
                        "release",
                        "Pending",
                        "0",
                        "0",
                        "0"
                    ]
                },
                {
                    "Plugin": [
                        "Error de formato de cadena",
                        "30002",
                        "release",
                        "Pending",
                        "0",
                        "0",
                        "0"
                    ]
                },
                {
                    "Plugin": [
                        "CRLF Injection",
                        "40003",
                        "release",
                        "Pending",
                        "0",
                        "0",
                        "0"
                    ]
                },
                {
                    "Plugin": [
                        "Parameter Tampering",
                        "40008",
                        "release",
                        "Pending",
                        "0",
                        "0",
                        "0"
                    ]
                },
                {
                    "Plugin": [
                        "Reglas de búsqueda activadas para el Script",
                        "50000",
                        "release",
                        "Pending",
                        "0",
                        "0",
                        "0"
                    ]
                },
                {
                    "Plugin": [
                        "Source Code Disclosure - Git ",
                        "41",
                        "beta",
                        "Pending",
                        "0",
                        "0",
                        "0"
                    ]
                },
                {
                    "Plugin": [
                        "Source Code Disclosure - File Inclusion",
                        "43",
                        "beta",
                        "Pending",
                        "0",
                        "0",
                        "0"
                    ]
                },
                {
                    "Plugin": [
                        "Ejecución remota de código - Shell Shock",
                        "10048",
                        "beta",
                        "Pending",
                        "0",
                        "0",
                        "0"
                    ]
                },
                {
                    "Plugin": [
                        "Httpoxy - Proxy Header Misuse",
                        "10107",
                        "beta",
                        "Pending",
                        "0",
                        "0",
                        "0"
                    ]
                },
                {
                    "Plugin": [
                        "Anti-CSRF Tokens Check",
                        "20012",
                        "beta",
                        "Pending",
                        "0",
                        "0",
                        "0"
                    ]
                },
                {
                    "Plugin": [
                        "Vulnerabilidades de OpenSLL HeartBleed",
                        "20015",
                        "beta",
                        "Pending",
                        "0",
                        "0",
                        "0"
                    ]
                },
                {
                    "Plugin": [
                        "Desconfiguración de Dominio cruzado",
                        "20016",
                        "beta",
                        "Pending",
                        "0",
                        "0",
                        "0"
                    ]
                },
                {
                    "Plugin": [
                        "Divulgación del código fuente - CVE-2012-1823",
                        "20017",
                        "beta",
                        "Pending",
                        "0",
                        "0",
                        "0"
                    ]
                },
                {
                    "Plugin": [
                        "Ejecución remota de código - CVE-2012-1823",
                        "20018",
                        "beta",
                        "Pending",
                        "0",
                        "0",
                        "0"
                    ]
                },
                {
                    "Plugin": [
                        "Fijación de Sesión",
                        "40013",
                        "beta",
                        "Pending",
                        "0",
                        "0",
                        "0"
                    ]
                },
                {
                    "Plugin": [
                        "Inyección SQL - MySQL",
                        "40019",
                        "beta",
                        "Pending",
                        "0",
                        "0",
                        "0"
                    ]
                },
                {
                    "Plugin": [
                        "Inyección SQL - SQL hipersónico",
                        "40020",
                        "beta",
                        "Pending",
                        "0",
                        "0",
                        "0"
                    ]
                },
                {
                    "Plugin": [
                        "Inyección SQL - Oráculo",
                        "40021",
                        "beta",
                        "Pending",
                        "0",
                        "0",
                        "0"
                    ]
                },
                {
                    "Plugin": [
                        "Inyección SQL - PostgreSQL",
                        "40022",
                        "beta",
                        "Pending",
                        "0",
                        "0",
                        "0"
                    ]
                },
                {
                    "Plugin": [
                        "SQL Injection - SQLite",
                        "40024",
                        "beta",
                        "Pending",
                        "0",
                        "0",
                        "0"
                    ]
                },
                {
                    "Plugin": [
                        "SQL Injection - MsSQL",
                        "40027",
                        "beta",
                        "Pending",
                        "0",
                        "0",
                        "0"
                    ]
                },
                {
                    "Plugin": [
                        "XPath Injection",
                        "90021",
                        "beta",
                        "Pending",
                        "0",
                        "0",
                        "0"
                    ]
                },
                {
                    "Plugin": [
                        "XML External Entity Attack",
                        "90023",
                        "beta",
                        "Pending",
                        "0",
                        "0",
                        "0"
                    ]
                },
                {
                    "Plugin": [
                        "Relleno genérico del Oráculo",
                        "90024",
                        "beta",
                        "Pending",
                        "0",
                        "0",
                        "0"
                    ]
                },
                {
                    "Plugin": [
                        "Inyección Expresión de Lenguaje",
                        "90025",
                        "beta",
                        "Pending",
                        "0",
                        "0",
                        "0"
                    ]
                },
                {
                    "Plugin": [
                        "Divulgación del código fuente - SVN",
                        "42",
                        "beta",
                        "Pending",
                        "0",
                        "0",
                        "0"
                    ]
                },
                {
                    "Plugin": [
                        "Relative Path Confusion",
                        "10051",
                        "beta",
                        "Pending",
                        "0",
                        "0",
                        "0"
                    ]
                },
                {
                    "Plugin": [
                        "Apache Range Header DoS (CVE-2011-3192)",
                        "10053",
                        "beta",
                        "Pending",
                        "0",
                        "0",
                        "0"
                    ]
                },
                {
                    "Plugin": [
                        "Divulgación del archivo de respaldo",
                        "10095",
                        "beta",
                        "Pending",
                        "0",
                        "0",
                        "0"
                    ]
                },
                {
                    "Plugin": [
                        "HTTP Only Site",
                        "10106",
                        "beta",
                        "Pending",
                        "0",
                        "0",
                        "0"
                    ]
                },
                {
                    "Plugin": [
                        "Falla de desbordamiento de enteros",
                        "30003",
                        "beta",
                        "Pending",
                        "0",
                        "0",
                        "0"
                    ]
                },
                {
                    "Plugin": [
                        "Proxy Disclosure",
                        "40025",
                        "beta",
                        "Pending",
                        "0",
                        "0",
                        "0"
                    ]
                },
                {
                    "Plugin": [
                        "ELMAH Information Leak",
                        "40028",
                        "beta",
                        "Pending",
                        "0",
                        "0",
                        "0"
                    ]
                },
                {
                    "Plugin": [
                        "Trace.axd Information Leak",
                        "40029",
                        "beta",
                        "Pending",
                        "0",
                        "0",
                        "0"
                    ]
                },
                {
                    "Plugin": [
                        ".htaccess Information Leak",
                        "40032",
                        "beta",
                        "Pending",
                        "0",
                        "0",
                        "0"
                    ]
                },
                {
                    "Plugin": [
                        "Método HTTP inseguro",
                        "90028",
                        "beta",
                        "Pending",
                        "0",
                        "0",
                        "0"
                    ]
                },
                {
                    "Plugin": [
                        "HTTPS Content Available via HTTP",
                        "10047",
                        "beta",
                        "Pending",
                        "0",
                        "0",
                        "0"
                    ]
                },
                {
                    "Plugin": [
                        "GET for POST",
                        "10058",
                        "beta",
                        "Pending",
                        "0",
                        "0",
                        "0"
                    ]
                },
                {
                    "Plugin": [
                        "User Agent Fuzzer",
                        "10104",
                        "beta",
                        "Pending",
                        "0",
                        "0",
                        "0"
                    ]
                },
                {
                    "Plugin": [
                        "Escáner de infección por el parámetro HTTP",
                        "20014",
                        "beta",
                        "Pending",
                        "0",
                        "0",
                        "0"
                    ]
                },
                {
                    "Plugin": [
                        "Posible enumeración de nombre de usuario",
                        "40023",
                        "beta",
                        "Pending",
                        "0",
                        "0",
                        "0"
                    ]
                },
                {
                    "Plugin": [
                        "Cookie Slack Detector",
                        "90027",
                        "beta",
                        "Pending",
                        "0",
                        "0",
                        "0"
                    ]
                }
            ]
        }
    ]
}
OWASP Status : 3 %
{
    "scanProgress": [
        "http://todo.ly",
        {
            "HostProcess": [
                {
                    "Plugin": [
                        "Path Traversal",
                        "6",
                        "release",
                        "Complete",
                        "36468",
                        "150",
                        "0"
                    ]
                },
                {
                    "Plugin": [
                        "Remote File Inclusion",
                        "7",
                        "release",
                        "98%",
                        "19832",
                        "67",
                        "0"
                    ]
                },
                {
                    "Plugin": [
                        "Source Code Disclosure - /WEB-INF folder",
                        "10045",
                        "release",
                        "Pending",
                        "0",
                        "0",
                        "0"
                    ]
                },
                {
                    "Plugin": [
                        "External Redirect",
                        "20019",
                        "release",
                        "Pending",
                        "0",
                        "0",
                        "0"
                    ]
                },
                {
                    "Plugin": [
                        "Server Side Include",
                        "40009",
                        "release",
                        "Pending",
                        "0",
                        "0",
                        "0"
                    ]
                },
                {
                    "Plugin": [
                        "Cross Site Scripting (Reflected)",
                        "40012",
                        "release",
                        "Pending",
                        "0",
                        "0",
                        "0"
                    ]
                },
                {
                    "Plugin": [
                        "Cross Site Scripting (Persistent) - Prime",
                        "40016",
                        "release",
                        "Pending",
                        "0",
                        "0",
                        "0"
                    ]
                },
                {
                    "Plugin": [
                        "Cross Site Scripting (Persistent) - Spider",
                        "40017",
                        "release",
                        "Pending",
                        "0",
                        "0",
                        "0"
                    ]
                },
                {
                    "Plugin": [
                        "Cross Site Scripting (Persistent)",
                        "40014",
                        "release",
                        "Pending",
                        "0",
                        "0",
                        "0"
                    ]
                },
                {
                    "Plugin": [
                        "SQL Injection",
                        "40018",
                        "release",
                        "Pending",
                        "0",
                        "0",
                        "0"
                    ]
                },
                {
                    "Plugin": [
                        "Server Side Code Injection",
                        "90019",
                        "release",
                        "Pending",
                        "0",
                        "0",
                        "0"
                    ]
                },
                {
                    "Plugin": [
                        "Remote OS Command Injection",
                        "90020",
                        "release",
                        "Pending",
                        "0",
                        "0",
                        "0"
                    ]
                },
                {
                    "Plugin": [
                        "Directory Browsing",
                        "0",
                        "release",
                        "Pending",
                        "0",
                        "0",
                        "0"
                    ]
                },
                {
                    "Plugin": [
                        "Buffer Overflow",
                        "30001",
                        "release",
                        "Pending",
                        "0",
                        "0",
                        "0"
                    ]
                },
                {
                    "Plugin": [
                        "Error de formato de cadena",
                        "30002",
                        "release",
                        "Pending",
                        "0",
                        "0",
                        "0"
                    ]
                },
                {
                    "Plugin": [
                        "CRLF Injection",
                        "40003",
                        "release",
                        "Pending",
                        "0",
                        "0",
                        "0"
                    ]
                },
                {
                    "Plugin": [
                        "Parameter Tampering",
                        "40008",
                        "release",
                        "Pending",
                        "0",
                        "0",
                        "0"
                    ]
                },
                {
                    "Plugin": [
                        "Reglas de búsqueda activadas para el Script",
                        "50000",
                        "release",
                        "Pending",
                        "0",
                        "0",
                        "0"
                    ]
                },
                {
                    "Plugin": [
                        "Source Code Disclosure - Git ",
                        "41",
                        "beta",
                        "Pending",
                        "0",
                        "0",
                        "0"
                    ]
                },
                {
                    "Plugin": [
                        "Source Code Disclosure - File Inclusion",
                        "43",
                        "beta",
                        "Pending",
                        "0",
                        "0",
                        "0"
                    ]
                },
                {
                    "Plugin": [
                        "Ejecución remota de código - Shell Shock",
                        "10048",
                        "beta",
                        "Pending",
                        "0",
                        "0",
                        "0"
                    ]
                },
                {
                    "Plugin": [
                        "Httpoxy - Proxy Header Misuse",
                        "10107",
                        "beta",
                        "Pending",
                        "0",
                        "0",
                        "0"
                    ]
                },
                {
                    "Plugin": [
                        "Anti-CSRF Tokens Check",
                        "20012",
                        "beta",
                        "Pending",
                        "0",
                        "0",
                        "0"
                    ]
                },
                {
                    "Plugin": [
                        "Vulnerabilidades de OpenSLL HeartBleed",
                        "20015",
                        "beta",
                        "Pending",
                        "0",
                        "0",
                        "0"
                    ]
                },
                {
                    "Plugin": [
                        "Desconfiguración de Dominio cruzado",
                        "20016",
                        "beta",
                        "Pending",
                        "0",
                        "0",
                        "0"
                    ]
                },
                {
                    "Plugin": [
                        "Divulgación del código fuente - CVE-2012-1823",
                        "20017",
                        "beta",
                        "Pending",
                        "0",
                        "0",
                        "0"
                    ]
                },
                {
                    "Plugin": [
                        "Ejecución remota de código - CVE-2012-1823",
                        "20018",
                        "beta",
                        "Pending",
                        "0",
                        "0",
                        "0"
                    ]
                },
                {
                    "Plugin": [
                        "Fijación de Sesión",
                        "40013",
                        "beta",
                        "Pending",
                        "0",
                        "0",
                        "0"
                    ]
                },
                {
                    "Plugin": [
                        "Inyección SQL - MySQL",
                        "40019",
                        "beta",
                        "Pending",
                        "0",
                        "0",
                        "0"
                    ]
                },
                {
                    "Plugin": [
                        "Inyección SQL - SQL hipersónico",
                        "40020",
                        "beta",
                        "Pending",
                        "0",
                        "0",
                        "0"
                    ]
                },
                {
                    "Plugin": [
                        "Inyección SQL - Oráculo",
                        "40021",
                        "beta",
                        "Pending",
                        "0",
                        "0",
                        "0"
                    ]
                },
                {
                    "Plugin": [
                        "Inyección SQL - PostgreSQL",
                        "40022",
                        "beta",
                        "Pending",
                        "0",
                        "0",
                        "0"
                    ]
                },
                {
                    "Plugin": [
                        "SQL Injection - SQLite",
                        "40024",
                        "beta",
                        "Pending",
                        "0",
                        "0",
                        "0"
                    ]
                },
                {
                    "Plugin": [
                        "SQL Injection - MsSQL",
                        "40027",
                        "beta",
                        "Pending",
                        "0",
                        "0",
                        "0"
                    ]
                },
                {
                    "Plugin": [
                        "XPath Injection",
                        "90021",
                        "beta",
                        "Pending",
                        "0",
                        "0",
                        "0"
                    ]
                },
                {
                    "Plugin": [
                        "XML External Entity Attack",
                        "90023",
                        "beta",
                        "Pending",
                        "0",
                        "0",
                        "0"
                    ]
                },
                {
                    "Plugin": [
                        "Relleno genérico del Oráculo",
                        "90024",
                        "beta",
                        "Pending",
                        "0",
                        "0",
                        "0"
                    ]
                },
                {
                    "Plugin": [
                        "Inyección Expresión de Lenguaje",
                        "90025",
                        "beta",
                        "Pending",
                        "0",
                        "0",
                        "0"
                    ]
                },
                {
                    "Plugin": [
                        "Divulgación del código fuente - SVN",
                        "42",
                        "beta",
                        "Pending",
                        "0",
                        "0",
                        "0"
                    ]
                },
                {
                    "Plugin": [
                        "Relative Path Confusion",
                        "10051",
                        "beta",
                        "Pending",
                        "0",
                        "0",
                        "0"
                    ]
                },
                {
                    "Plugin": [
                        "Apache Range Header DoS (CVE-2011-3192)",
                        "10053",
                        "beta",
                        "Pending",
                        "0",
                        "0",
                        "0"
                    ]
                },
                {
                    "Plugin": [
                        "Divulgación del archivo de respaldo",
                        "10095",
                        "beta",
                        "Pending",
                        "0",
                        "0",
                        "0"
                    ]
                },
                {
                    "Plugin": [
                        "HTTP Only Site",
                        "10106",
                        "beta",
                        "Pending",
                        "0",
                        "0",
                        "0"
                    ]
                },
                {
                    "Plugin": [
                        "Falla de desbordamiento de enteros",
                        "30003",
                        "beta",
                        "Pending",
                        "0",
                        "0",
                        "0"
                    ]
                },
                {
                    "Plugin": [
                        "Proxy Disclosure",
                        "40025",
                        "beta",
                        "Pending",
                        "0",
                        "0",
                        "0"
                    ]
                },
                {
                    "Plugin": [
                        "ELMAH Information Leak",
                        "40028",
                        "beta",
                        "Pending",
                        "0",
                        "0",
                        "0"
                    ]
                },
                {
                    "Plugin": [
                        "Trace.axd Information Leak",
                        "40029",
                        "beta",
                        "Pending",
                        "0",
                        "0",
                        "0"
                    ]
                },
                {
                    "Plugin": [
                        ".htaccess Information Leak",
                        "40032",
                        "beta",
                        "Pending",
                        "0",
                        "0",
                        "0"
                    ]
                },
                {
                    "Plugin": [
                        "Método HTTP inseguro",
                        "90028",
                        "beta",
                        "Pending",
                        "0",
                        "0",
                        "0"
                    ]
                },
                {
                    "Plugin": [
                        "HTTPS Content Available via HTTP",
                        "10047",
                        "beta",
                        "Pending",
                        "0",
                        "0",
                        "0"
                    ]
                },
                {
                    "Plugin": [
                        "GET for POST",
                        "10058",
                        "beta",
                        "Pending",
                        "0",
                        "0",
                        "0"
                    ]
                },
                {
                    "Plugin": [
                        "User Agent Fuzzer",
                        "10104",
                        "beta",
                        "Pending",
                        "0",
                        "0",
                        "0"
                    ]
                },
                {
                    "Plugin": [
                        "Escáner de infección por el parámetro HTTP",
                        "20014",
                        "beta",
                        "Pending",
                        "0",
                        "0",
                        "0"
                    ]
                },
                {
                    "Plugin": [
                        "Posible enumeración de nombre de usuario",
                        "40023",
                        "beta",
                        "Pending",
                        "0",
                        "0",
                        "0"
                    ]
                },
                {
                    "Plugin": [
                        "Cookie Slack Detector",
                        "90027",
                        "beta",
                        "Pending",
                        "0",
                        "0",
                        "0"
                    ]
                }
            ]
        }
    ]
}
OWASP Status : 7 %
{
    "scanProgress": [
        "http://todo.ly",
        {
            "HostProcess": [
                {
                    "Plugin": [
                        "Path Traversal",
                        "6",
                        "release",
                        "Complete",
                        "36468",
                        "150",
                        "0"
                    ]
                },
                {
                    "Plugin": [
                        "Remote File Inclusion",
                        "7",
                        "release",
                        "Complete",
                        "24501",
                        "90",
                        "0"
                    ]
                },
                {
                    "Plugin": [
                        "Source Code Disclosure - /WEB-INF folder",
                        "10045",
                        "release",
                        "Complete",
                        "1870",
                        "8",
                        "0"
                    ]
                },
                {
                    "Plugin": [
                        "External Redirect",
                        "20019",
                        "release",
                        "Complete",
                        "23503",
                        "81",
                        "0"
                    ]
                },
                {
                    "Plugin": [
                        "Server Side Include",
                        "40009",
                        "release",
                        "8%",
                        "1905",
                        "7",
                        "0"
                    ]
                },
                {
                    "Plugin": [
                        "Cross Site Scripting (Reflected)",
                        "40012",
                        "release",
                        "Pending",
                        "0",
                        "0",
                        "0"
                    ]
                },
                {
                    "Plugin": [
                        "Cross Site Scripting (Persistent) - Prime",
                        "40016",
                        "release",
                        "Pending",
                        "0",
                        "0",
                        "0"
                    ]
                },
                {
                    "Plugin": [
                        "Cross Site Scripting (Persistent) - Spider",
                        "40017",
                        "release",
                        "Pending",
                        "0",
                        "0",
                        "0"
                    ]
                },
                {
                    "Plugin": [
                        "Cross Site Scripting (Persistent)",
                        "40014",
                        "release",
                        "Pending",
                        "0",
                        "0",
                        "0"
                    ]
                },
                {
                    "Plugin": [
                        "SQL Injection",
                        "40018",
                        "release",
                        "Pending",
                        "0",
                        "0",
                        "0"
                    ]
                },
                {
                    "Plugin": [
                        "Server Side Code Injection",
                        "90019",
                        "release",
                        "Pending",
                        "0",
                        "0",
                        "0"
                    ]
                },
                {
                    "Plugin": [
                        "Remote OS Command Injection",
                        "90020",
                        "release",
                        "Pending",
                        "0",
                        "0",
                        "0"
                    ]
                },
                {
                    "Plugin": [
                        "Directory Browsing",
                        "0",
                        "release",
                        "Pending",
                        "0",
                        "0",
                        "0"
                    ]
                },
                {
                    "Plugin": [
                        "Buffer Overflow",
                        "30001",
                        "release",
                        "Pending",
                        "0",
                        "0",
                        "0"
                    ]
                },
                {
                    "Plugin": [
                        "Error de formato de cadena",
                        "30002",
                        "release",
                        "Pending",
                        "0",
                        "0",
                        "0"
                    ]
                },
                {
                    "Plugin": [
                        "CRLF Injection",
                        "40003",
                        "release",
                        "Pending",
                        "0",
                        "0",
                        "0"
                    ]
                },
                {
                    "Plugin": [
                        "Parameter Tampering",
                        "40008",
                        "release",
                        "Pending",
                        "0",
                        "0",
                        "0"
                    ]
                },
                {
                    "Plugin": [
                        "Reglas de búsqueda activadas para el Script",
                        "50000",
                        "release",
                        "Pending",
                        "0",
                        "0",
                        "0"
                    ]
                },
                {
                    "Plugin": [
                        "Source Code Disclosure - Git ",
                        "41",
                        "beta",
                        "Pending",
                        "0",
                        "0",
                        "0"
                    ]
                },
                {
                    "Plugin": [
                        "Source Code Disclosure - File Inclusion",
                        "43",
                        "beta",
                        "Pending",
                        "0",
                        "0",
                        "0"
                    ]
                },
                {
                    "Plugin": [
                        "Ejecución remota de código - Shell Shock",
                        "10048",
                        "beta",
                        "Pending",
                        "0",
                        "0",
                        "0"
                    ]
                },
                {
                    "Plugin": [
                        "Httpoxy - Proxy Header Misuse",
                        "10107",
                        "beta",
                        "Pending",
                        "0",
                        "0",
                        "0"
                    ]
                },
                {
                    "Plugin": [
                        "Anti-CSRF Tokens Check",
                        "20012",
                        "beta",
                        "Pending",
                        "0",
                        "0",
                        "0"
                    ]
                },
                {
                    "Plugin": [
                        "Vulnerabilidades de OpenSLL HeartBleed",
                        "20015",
                        "beta",
                        "Pending",
                        "0",
                        "0",
                        "0"
                    ]
                },
                {
                    "Plugin": [
                        "Desconfiguración de Dominio cruzado",
                        "20016",
                        "beta",
                        "Pending",
                        "0",
                        "0",
                        "0"
                    ]
                },
                {
                    "Plugin": [
                        "Divulgación del código fuente - CVE-2012-1823",
                        "20017",
                        "beta",
                        "Pending",
                        "0",
                        "0",
                        "0"
                    ]
                },
                {
                    "Plugin": [
                        "Ejecución remota de código - CVE-2012-1823",
                        "20018",
                        "beta",
                        "Pending",
                        "0",
                        "0",
                        "0"
                    ]
                },
                {
                    "Plugin": [
                        "Fijación de Sesión",
                        "40013",
                        "beta",
                        "Pending",
                        "0",
                        "0",
                        "0"
                    ]
                },
                {
                    "Plugin": [
                        "Inyección SQL - MySQL",
                        "40019",
                        "beta",
                        "Pending",
                        "0",
                        "0",
                        "0"
                    ]
                },
                {
                    "Plugin": [
                        "Inyección SQL - SQL hipersónico",
                        "40020",
                        "beta",
                        "Pending",
                        "0",
                        "0",
                        "0"
                    ]
                },
                {
                    "Plugin": [
                        "Inyección SQL - Oráculo",
                        "40021",
                        "beta",
                        "Pending",
                        "0",
                        "0",
                        "0"
                    ]
                },
                {
                    "Plugin": [
                        "Inyección SQL - PostgreSQL",
                        "40022",
                        "beta",
                        "Pending",
                        "0",
                        "0",
                        "0"
                    ]
                },
                {
                    "Plugin": [
                        "SQL Injection - SQLite",
                        "40024",
                        "beta",
                        "Pending",
                        "0",
                        "0",
                        "0"
                    ]
                },
                {
                    "Plugin": [
                        "SQL Injection - MsSQL",
                        "40027",
                        "beta",
                        "Pending",
                        "0",
                        "0",
                        "0"
                    ]
                },
                {
                    "Plugin": [
                        "XPath Injection",
                        "90021",
                        "beta",
                        "Pending",
                        "0",
                        "0",
                        "0"
                    ]
                },
                {
                    "Plugin": [
                        "XML External Entity Attack",
                        "90023",
                        "beta",
                        "Pending",
                        "0",
                        "0",
                        "0"
                    ]
                },
                {
                    "Plugin": [
                        "Relleno genérico del Oráculo",
                        "90024",
                        "beta",
                        "Pending",
                        "0",
                        "0",
                        "0"
                    ]
                },
                {
                    "Plugin": [
                        "Inyección Expresión de Lenguaje",
                        "90025",
                        "beta",
                        "Pending",
                        "0",
                        "0",
                        "0"
                    ]
                },
                {
                    "Plugin": [
                        "Divulgación del código fuente - SVN",
                        "42",
                        "beta",
                        "Pending",
                        "0",
                        "0",
                        "0"
                    ]
                },
                {
                    "Plugin": [
                        "Relative Path Confusion",
                        "10051",
                        "beta",
                        "Pending",
                        "0",
                        "0",
                        "0"
                    ]
                },
                {
                    "Plugin": [
                        "Apache Range Header DoS (CVE-2011-3192)",
                        "10053",
                        "beta",
                        "Pending",
                        "0",
                        "0",
                        "0"
                    ]
                },
                {
                    "Plugin": [
                        "Divulgación del archivo de respaldo",
                        "10095",
                        "beta",
                        "Pending",
                        "0",
                        "0",
                        "0"
                    ]
                },
                {
                    "Plugin": [
                        "HTTP Only Site",
                        "10106",
                        "beta",
                        "Pending",
                        "0",
                        "0",
                        "0"
                    ]
                },
                {
                    "Plugin": [
                        "Falla de desbordamiento de enteros",
                        "30003",
                        "beta",
                        "Pending",
                        "0",
                        "0",
                        "0"
                    ]
                },
                {
                    "Plugin": [
                        "Proxy Disclosure",
                        "40025",
                        "beta",
                        "Pending",
                        "0",
                        "0",
                        "0"
                    ]
                },
                {
                    "Plugin": [
                        "ELMAH Information Leak",
                        "40028",
                        "beta",
                        "Pending",
                        "0",
                        "0",
                        "0"
                    ]
                },
                {
                    "Plugin": [
                        "Trace.axd Information Leak",
                        "40029",
                        "beta",
                        "Pending",
                        "0",
                        "0",
                        "0"
                    ]
                },
                {
                    "Plugin": [
                        ".htaccess Information Leak",
                        "40032",
                        "beta",
                        "Pending",
                        "0",
                        "0",
                        "0"
                    ]
                },
                {
                    "Plugin": [
                        "Método HTTP inseguro",
                        "90028",
                        "beta",
                        "Pending",
                        "0",
                        "0",
                        "0"
                    ]
                },
                {
                    "Plugin": [
                        "HTTPS Content Available via HTTP",
                        "10047",
                        "beta",
                        "Pending",
                        "0",
                        "0",
                        "0"
                    ]
                },
                {
                    "Plugin": [
                        "GET for POST",
                        "10058",
                        "beta",
                        "Pending",
                        "0",
                        "0",
                        "0"
                    ]
                },
                {
                    "Plugin": [
                        "User Agent Fuzzer",
                        "10104",
                        "beta",
                        "Pending",
                        "0",
                        "0",
                        "0"
                    ]
                },
                {
                    "Plugin": [
                        "Escáner de infección por el parámetro HTTP",
                        "20014",
                        "beta",
                        "Pending",
                        "0",
                        "0",
                        "0"
                    ]
                },
                {
                    "Plugin": [
                        "Posible enumeración de nombre de usuario",
                        "40023",
                        "beta",
                        "Pending",
                        "0",
                        "0",
                        "0"
                    ]
                },
                {
                    "Plugin": [
                        "Cookie Slack Detector",
                        "90027",
                        "beta",
                        "Pending",
                        "0",
                        "0",
                        "0"
                    ]
                }
            ]
        }
    ]
}
OWASP Status : 10 %
{
    "scanProgress": [
        "http://todo.ly",
        {
            "HostProcess": [
                {
                    "Plugin": [
                        "Path Traversal",
                        "6",
                        "release",
                        "Complete",
                        "36468",
                        "150",
                        "0"
                    ]
                },
                {
                    "Plugin": [
                        "Remote File Inclusion",
                        "7",
                        "release",
                        "Complete",
                        "24501",
                        "90",
                        "0"
                    ]
                },
                {
                    "Plugin": [
                        "Source Code Disclosure - /WEB-INF folder",
                        "10045",
                        "release",
                        "Complete",
                        "1870",
                        "8",
                        "0"
                    ]
                },
                {
                    "Plugin": [
                        "External Redirect",
                        "20019",
                        "release",
                        "Complete",
                        "23503",
                        "81",
                        "0"
                    ]
                },
                {
                    "Plugin": [
                        "Server Side Include",
                        "40009",
                        "release",
                        "Complete",
                        "15675",
                        "36",
                        "0"
                    ]
                },
                {
                    "Plugin": [
                        "Cross Site Scripting (Reflected)",
                        "40012",
                        "release",
                        "Complete",
                        "15446",
                        "36",
                        "0"
                    ]
                },
                {
                    "Plugin": [
                        "Cross Site Scripting (Persistent) - Prime",
                        "40016",
                        "release",
                        "4%",
                        "876",
                        "0",
                        "0"
                    ]
                },
                {
                    "Plugin": [
                        "Cross Site Scripting (Persistent) - Spider",
                        "40017",
                        "release",
                        "Pending",
                        "0",
                        "0",
                        "0"
                    ]
                },
                {
                    "Plugin": [
                        "Cross Site Scripting (Persistent)",
                        "40014",
                        "release",
                        "Pending",
                        "0",
                        "0",
                        "0"
                    ]
                },
                {
                    "Plugin": [
                        "SQL Injection",
                        "40018",
                        "release",
                        "Pending",
                        "0",
                        "0",
                        "0"
                    ]
                },
                {
                    "Plugin": [
                        "Server Side Code Injection",
                        "90019",
                        "release",
                        "Pending",
                        "0",
                        "0",
                        "0"
                    ]
                },
                {
                    "Plugin": [
                        "Remote OS Command Injection",
                        "90020",
                        "release",
                        "Pending",
                        "0",
                        "0",
                        "0"
                    ]
                },
                {
                    "Plugin": [
                        "Directory Browsing",
                        "0",
                        "release",
                        "Pending",
                        "0",
                        "0",
                        "0"
                    ]
                },
                {
                    "Plugin": [
                        "Buffer Overflow",
                        "30001",
                        "release",
                        "Pending",
                        "0",
                        "0",
                        "0"
                    ]
                },
                {
                    "Plugin": [
                        "Error de formato de cadena",
                        "30002",
                        "release",
                        "Pending",
                        "0",
                        "0",
                        "0"
                    ]
                },
                {
                    "Plugin": [
                        "CRLF Injection",
                        "40003",
                        "release",
                        "Pending",
                        "0",
                        "0",
                        "0"
                    ]
                },
                {
                    "Plugin": [
                        "Parameter Tampering",
                        "40008",
                        "release",
                        "Pending",
                        "0",
                        "0",
                        "0"
                    ]
                },
                {
                    "Plugin": [
                        "Reglas de búsqueda activadas para el Script",
                        "50000",
                        "release",
                        "Pending",
                        "0",
                        "0",
                        "0"
                    ]
                },
                {
                    "Plugin": [
                        "Source Code Disclosure - Git ",
                        "41",
                        "beta",
                        "Pending",
                        "0",
                        "0",
                        "0"
                    ]
                },
                {
                    "Plugin": [
                        "Source Code Disclosure - File Inclusion",
                        "43",
                        "beta",
                        "Pending",
                        "0",
                        "0",
                        "0"
                    ]
                },
                {
                    "Plugin": [
                        "Ejecución remota de código - Shell Shock",
                        "10048",
                        "beta",
                        "Pending",
                        "0",
                        "0",
                        "0"
                    ]
                },
                {
                    "Plugin": [
                        "Httpoxy - Proxy Header Misuse",
                        "10107",
                        "beta",
                        "Pending",
                        "0",
                        "0",
                        "0"
                    ]
                },
                {
                    "Plugin": [
                        "Anti-CSRF Tokens Check",
                        "20012",
                        "beta",
                        "Pending",
                        "0",
                        "0",
                        "0"
                    ]
                },
                {
                    "Plugin": [
                        "Vulnerabilidades de OpenSLL HeartBleed",
                        "20015",
                        "beta",
                        "Pending",
                        "0",
                        "0",
                        "0"
                    ]
                },
                {
                    "Plugin": [
                        "Desconfiguración de Dominio cruzado",
                        "20016",
                        "beta",
                        "Pending",
                        "0",
                        "0",
                        "0"
                    ]
                },
                {
                    "Plugin": [
                        "Divulgación del código fuente - CVE-2012-1823",
                        "20017",
                        "beta",
                        "Pending",
                        "0",
                        "0",
                        "0"
                    ]
                },
                {
                    "Plugin": [
                        "Ejecución remota de código - CVE-2012-1823",
                        "20018",
                        "beta",
                        "Pending",
                        "0",
                        "0",
                        "0"
                    ]
                },
                {
                    "Plugin": [
                        "Fijación de Sesión",
                        "40013",
                        "beta",
                        "Pending",
                        "0",
                        "0",
                        "0"
                    ]
                },
                {
                    "Plugin": [
                        "Inyección SQL - MySQL",
                        "40019",
                        "beta",
                        "Pending",
                        "0",
                        "0",
                        "0"
                    ]
                },
                {
                    "Plugin": [
                        "Inyección SQL - SQL hipersónico",
                        "40020",
                        "beta",
                        "Pending",
                        "0",
                        "0",
                        "0"
                    ]
                },
                {
                    "Plugin": [
                        "Inyección SQL - Oráculo",
                        "40021",
                        "beta",
                        "Pending",
                        "0",
                        "0",
                        "0"
                    ]
                },
                {
                    "Plugin": [
                        "Inyección SQL - PostgreSQL",
                        "40022",
                        "beta",
                        "Pending",
                        "0",
                        "0",
                        "0"
                    ]
                },
                {
                    "Plugin": [
                        "SQL Injection - SQLite",
                        "40024",
                        "beta",
                        "Pending",
                        "0",
                        "0",
                        "0"
                    ]
                },
                {
                    "Plugin": [
                        "SQL Injection - MsSQL",
                        "40027",
                        "beta",
                        "Pending",
                        "0",
                        "0",
                        "0"
                    ]
                },
                {
                    "Plugin": [
                        "XPath Injection",
                        "90021",
                        "beta",
                        "Pending",
                        "0",
                        "0",
                        "0"
                    ]
                },
                {
                    "Plugin": [
                        "XML External Entity Attack",
                        "90023",
                        "beta",
                        "Pending",
                        "0",
                        "0",
                        "0"
                    ]
                },
                {
                    "Plugin": [
                        "Relleno genérico del Oráculo",
                        "90024",
                        "beta",
                        "Pending",
                        "0",
                        "0",
                        "0"
                    ]
                },
                {
                    "Plugin": [
                        "Inyección Expresión de Lenguaje",
                        "90025",
                        "beta",
                        "Pending",
                        "0",
                        "0",
                        "0"
                    ]
                },
                {
                    "Plugin": [
                        "Divulgación del código fuente - SVN",
                        "42",
                        "beta",
                        "Pending",
                        "0",
                        "0",
                        "0"
                    ]
                },
                {
                    "Plugin": [
                        "Relative Path Confusion",
                        "10051",
                        "beta",
                        "Pending",
                        "0",
                        "0",
                        "0"
                    ]
                },
                {
                    "Plugin": [
                        "Apache Range Header DoS (CVE-2011-3192)",
                        "10053",
                        "beta",
                        "Pending",
                        "0",
                        "0",
                        "0"
                    ]
                },
                {
                    "Plugin": [
                        "Divulgación del archivo de respaldo",
                        "10095",
                        "beta",
                        "Pending",
                        "0",
                        "0",
                        "0"
                    ]
                },
                {
                    "Plugin": [
                        "HTTP Only Site",
                        "10106",
                        "beta",
                        "Pending",
                        "0",
                        "0",
                        "0"
                    ]
                },
                {
                    "Plugin": [
                        "Falla de desbordamiento de enteros",
                        "30003",
                        "beta",
                        "Pending",
                        "0",
                        "0",
                        "0"
                    ]
                },
                {
                    "Plugin": [
                        "Proxy Disclosure",
                        "40025",
                        "beta",
                        "Pending",
                        "0",
                        "0",
                        "0"
                    ]
                },
                {
                    "Plugin": [
                        "ELMAH Information Leak",
                        "40028",
                        "beta",
                        "Pending",
                        "0",
                        "0",
                        "0"
                    ]
                },
                {
                    "Plugin": [
                        "Trace.axd Information Leak",
                        "40029",
                        "beta",
                        "Pending",
                        "0",
                        "0",
                        "0"
                    ]
                },
                {
                    "Plugin": [
                        ".htaccess Information Leak",
                        "40032",
                        "beta",
                        "Pending",
                        "0",
                        "0",
                        "0"
                    ]
                },
                {
                    "Plugin": [
                        "Método HTTP inseguro",
                        "90028",
                        "beta",
                        "Pending",
                        "0",
                        "0",
                        "0"
                    ]
                },
                {
                    "Plugin": [
                        "HTTPS Content Available via HTTP",
                        "10047",
                        "beta",
                        "Pending",
                        "0",
                        "0",
                        "0"
                    ]
                },
                {
                    "Plugin": [
                        "GET for POST",
                        "10058",
                        "beta",
                        "Pending",
                        "0",
                        "0",
                        "0"
                    ]
                },
                {
                    "Plugin": [
                        "User Agent Fuzzer",
                        "10104",
                        "beta",
                        "Pending",
                        "0",
                        "0",
                        "0"
                    ]
                },
                {
                    "Plugin": [
                        "Escáner de infección por el parámetro HTTP",
                        "20014",
                        "beta",
                        "Pending",
                        "0",
                        "0",
                        "0"
                    ]
                },
                {
                    "Plugin": [
                        "Posible enumeración de nombre de usuario",
                        "40023",
                        "beta",
                        "Pending",
                        "0",
                        "0",
                        "0"
                    ]
                },
                {
                    "Plugin": [
                        "Cookie Slack Detector",
                        "90027",
                        "beta",
                        "Pending",
                        "0",
                        "0",
                        "0"
                    ]
                }
            ]
        }
    ]
}
OWASP Status : 14 %
{
    "scanProgress": [
        "http://todo.ly",
        {
            "HostProcess": [
                {
                    "Plugin": [
                        "Path Traversal",
                        "6",
                        "release",
                        "Complete",
                        "36468",
                        "150",
                        "0"
                    ]
                },
                {
                    "Plugin": [
                        "Remote File Inclusion",
                        "7",
                        "release",
                        "Complete",
                        "24501",
                        "90",
                        "0"
                    ]
                },
                {
                    "Plugin": [
                        "Source Code Disclosure - /WEB-INF folder",
                        "10045",
                        "release",
                        "Complete",
                        "1870",
                        "8",
                        "0"
                    ]
                },
                {
                    "Plugin": [
                        "External Redirect",
                        "20019",
                        "release",
                        "Complete",
                        "23503",
                        "81",
                        "0"
                    ]
                },
                {
                    "Plugin": [
                        "Server Side Include",
                        "40009",
                        "release",
                        "Complete",
                        "15675",
                        "36",
                        "0"
                    ]
                },
                {
                    "Plugin": [
                        "Cross Site Scripting (Reflected)",
                        "40012",
                        "release",
                        "Complete",
                        "15446",
                        "36",
                        "0"
                    ]
                },
                {
                    "Plugin": [
                        "Cross Site Scripting (Persistent) - Prime",
                        "40016",
                        "release",
                        "Complete",
                        "11307",
                        "9",
                        "0"
                    ]
                },
                {
                    "Plugin": [
                        "Cross Site Scripting (Persistent) - Spider",
                        "40017",
                        "release",
                        "82%",
                        "19652",
                        "93",
                        "0"
                    ]
                },
                {
                    "Plugin": [
                        "Cross Site Scripting (Persistent)",
                        "40014",
                        "release",
                        "Pending",
                        "0",
                        "0",
                        "0"
                    ]
                },
                {
                    "Plugin": [
                        "SQL Injection",
                        "40018",
                        "release",
                        "Pending",
                        "0",
                        "0",
                        "0"
                    ]
                },
                {
                    "Plugin": [
                        "Server Side Code Injection",
                        "90019",
                        "release",
                        "Pending",
                        "0",
                        "0",
                        "0"
                    ]
                },
                {
                    "Plugin": [
                        "Remote OS Command Injection",
                        "90020",
                        "release",
                        "Pending",
                        "0",
                        "0",
                        "0"
                    ]
                },
                {
                    "Plugin": [
                        "Directory Browsing",
                        "0",
                        "release",
                        "Pending",
                        "0",
                        "0",
                        "0"
                    ]
                },
                {
                    "Plugin": [
                        "Buffer Overflow",
                        "30001",
                        "release",
                        "Pending",
                        "0",
                        "0",
                        "0"
                    ]
                },
                {
                    "Plugin": [
                        "Error de formato de cadena",
                        "30002",
                        "release",
                        "Pending",
                        "0",
                        "0",
                        "0"
                    ]
                },
                {
                    "Plugin": [
                        "CRLF Injection",
                        "40003",
                        "release",
                        "Pending",
                        "0",
                        "0",
                        "0"
                    ]
                },
                {
                    "Plugin": [
                        "Parameter Tampering",
                        "40008",
                        "release",
                        "Pending",
                        "0",
                        "0",
                        "0"
                    ]
                },
                {
                    "Plugin": [
                        "Reglas de búsqueda activadas para el Script",
                        "50000",
                        "release",
                        "Pending",
                        "0",
                        "0",
                        "0"
                    ]
                },
                {
                    "Plugin": [
                        "Source Code Disclosure - Git ",
                        "41",
                        "beta",
                        "Pending",
                        "0",
                        "0",
                        "0"
                    ]
                },
                {
                    "Plugin": [
                        "Source Code Disclosure - File Inclusion",
                        "43",
                        "beta",
                        "Pending",
                        "0",
                        "0",
                        "0"
                    ]
                },
                {
                    "Plugin": [
                        "Ejecución remota de código - Shell Shock",
                        "10048",
                        "beta",
                        "Pending",
                        "0",
                        "0",
                        "0"
                    ]
                },
                {
                    "Plugin": [
                        "Httpoxy - Proxy Header Misuse",
                        "10107",
                        "beta",
                        "Pending",
                        "0",
                        "0",
                        "0"
                    ]
                },
                {
                    "Plugin": [
                        "Anti-CSRF Tokens Check",
                        "20012",
                        "beta",
                        "Pending",
                        "0",
                        "0",
                        "0"
                    ]
                },
                {
                    "Plugin": [
                        "Vulnerabilidades de OpenSLL HeartBleed",
                        "20015",
                        "beta",
                        "Pending",
                        "0",
                        "0",
                        "0"
                    ]
                },
                {
                    "Plugin": [
                        "Desconfiguración de Dominio cruzado",
                        "20016",
                        "beta",
                        "Pending",
                        "0",
                        "0",
                        "0"
                    ]
                },
                {
                    "Plugin": [
                        "Divulgación del código fuente - CVE-2012-1823",
                        "20017",
                        "beta",
                        "Pending",
                        "0",
                        "0",
                        "0"
                    ]
                },
                {
                    "Plugin": [
                        "Ejecución remota de código - CVE-2012-1823",
                        "20018",
                        "beta",
                        "Pending",
                        "0",
                        "0",
                        "0"
                    ]
                },
                {
                    "Plugin": [
                        "Fijación de Sesión",
                        "40013",
                        "beta",
                        "Pending",
                        "0",
                        "0",
                        "0"
                    ]
                },
                {
                    "Plugin": [
                        "Inyección SQL - MySQL",
                        "40019",
                        "beta",
                        "Pending",
                        "0",
                        "0",
                        "0"
                    ]
                },
                {
                    "Plugin": [
                        "Inyección SQL - SQL hipersónico",
                        "40020",
                        "beta",
                        "Pending",
                        "0",
                        "0",
                        "0"
                    ]
                },
                {
                    "Plugin": [
                        "Inyección SQL - Oráculo",
                        "40021",
                        "beta",
                        "Pending",
                        "0",
                        "0",
                        "0"
                    ]
                },
                {
                    "Plugin": [
                        "Inyección SQL - PostgreSQL",
                        "40022",
                        "beta",
                        "Pending",
                        "0",
                        "0",
                        "0"
                    ]
                },
                {
                    "Plugin": [
                        "SQL Injection - SQLite",
                        "40024",
                        "beta",
                        "Pending",
                        "0",
                        "0",
                        "0"
                    ]
                },
                {
                    "Plugin": [
                        "SQL Injection - MsSQL",
                        "40027",
                        "beta",
                        "Pending",
                        "0",
                        "0",
                        "0"
                    ]
                },
                {
                    "Plugin": [
                        "XPath Injection",
                        "90021",
                        "beta",
                        "Pending",
                        "0",
                        "0",
                        "0"
                    ]
                },
                {
                    "Plugin": [
                        "XML External Entity Attack",
                        "90023",
                        "beta",
                        "Pending",
                        "0",
                        "0",
                        "0"
                    ]
                },
                {
                    "Plugin": [
                        "Relleno genérico del Oráculo",
                        "90024",
                        "beta",
                        "Pending",
                        "0",
                        "0",
                        "0"
                    ]
                },
                {
                    "Plugin": [
                        "Inyección Expresión de Lenguaje",
                        "90025",
                        "beta",
                        "Pending",
                        "0",
                        "0",
                        "0"
                    ]
                },
                {
                    "Plugin": [
                        "Divulgación del código fuente - SVN",
                        "42",
                        "beta",
                        "Pending",
                        "0",
                        "0",
                        "0"
                    ]
                },
                {
                    "Plugin": [
                        "Relative Path Confusion",
                        "10051",
                        "beta",
                        "Pending",
                        "0",
                        "0",
                        "0"
                    ]
                },
                {
                    "Plugin": [
                        "Apache Range Header DoS (CVE-2011-3192)",
                        "10053",
                        "beta",
                        "Pending",
                        "0",
                        "0",
                        "0"
                    ]
                },
                {
                    "Plugin": [
                        "Divulgación del archivo de respaldo",
                        "10095",
                        "beta",
                        "Pending",
                        "0",
                        "0",
                        "0"
                    ]
                },
                {
                    "Plugin": [
                        "HTTP Only Site",
                        "10106",
                        "beta",
                        "Pending",
                        "0",
                        "0",
                        "0"
                    ]
                },
                {
                    "Plugin": [
                        "Falla de desbordamiento de enteros",
                        "30003",
                        "beta",
                        "Pending",
                        "0",
                        "0",
                        "0"
                    ]
                },
                {
                    "Plugin": [
                        "Proxy Disclosure",
                        "40025",
                        "beta",
                        "Pending",
                        "0",
                        "0",
                        "0"
                    ]
                },
                {
                    "Plugin": [
                        "ELMAH Information Leak",
                        "40028",
                        "beta",
                        "Pending",
                        "0",
                        "0",
                        "0"
                    ]
                },
                {
                    "Plugin": [
                        "Trace.axd Information Leak",
                        "40029",
                        "beta",
                        "Pending",
                        "0",
                        "0",
                        "0"
                    ]
                },
                {
                    "Plugin": [
                        ".htaccess Information Leak",
                        "40032",
                        "beta",
                        "Pending",
                        "0",
                        "0",
                        "0"
                    ]
                },
                {
                    "Plugin": [
                        "Método HTTP inseguro",
                        "90028",
                        "beta",
                        "Pending",
                        "0",
                        "0",
                        "0"
                    ]
                },
                {
                    "Plugin": [
                        "HTTPS Content Available via HTTP",
                        "10047",
                        "beta",
                        "Pending",
                        "0",
                        "0",
                        "0"
                    ]
                },
                {
                    "Plugin": [
                        "GET for POST",
                        "10058",
                        "beta",
                        "Pending",
                        "0",
                        "0",
                        "0"
                    ]
                },
                {
                    "Plugin": [
                        "User Agent Fuzzer",
                        "10104",
                        "beta",
                        "Pending",
                        "0",
                        "0",
                        "0"
                    ]
                },
                {
                    "Plugin": [
                        "Escáner de infección por el parámetro HTTP",
                        "20014",
                        "beta",
                        "Pending",
                        "0",
                        "0",
                        "0"
                    ]
                },
                {
                    "Plugin": [
                        "Posible enumeración de nombre de usuario",
                        "40023",
                        "beta",
                        "Pending",
                        "0",
                        "0",
                        "0"
                    ]
                },
                {
                    "Plugin": [
                        "Cookie Slack Detector",
                        "90027",
                        "beta",
                        "Pending",
                        "0",
                        "0",
                        "0"
                    ]
                }
            ]
        }
    ]
}
OWASP Status : 17 %
{
    "scanProgress": [
        "http://todo.ly",
        {
            "HostProcess": [
                {
                    "Plugin": [
                        "Path Traversal",
                        "6",
                        "release",
                        "Complete",
                        "36468",
                        "150",
                        "0"
                    ]
                },
                {
                    "Plugin": [
                        "Remote File Inclusion",
                        "7",
                        "release",
                        "Complete",
                        "24501",
                        "90",
                        "0"
                    ]
                },
                {
                    "Plugin": [
                        "Source Code Disclosure - /WEB-INF folder",
                        "10045",
                        "release",
                        "Complete",
                        "1870",
                        "8",
                        "0"
                    ]
                },
                {
                    "Plugin": [
                        "External Redirect",
                        "20019",
                        "release",
                        "Complete",
                        "23503",
                        "81",
                        "0"
                    ]
                },
                {
                    "Plugin": [
                        "Server Side Include",
                        "40009",
                        "release",
                        "Complete",
                        "15675",
                        "36",
                        "0"
                    ]
                },
                {
                    "Plugin": [
                        "Cross Site Scripting (Reflected)",
                        "40012",
                        "release",
                        "Complete",
                        "15446",
                        "36",
                        "0"
                    ]
                },
                {
                    "Plugin": [
                        "Cross Site Scripting (Persistent) - Prime",
                        "40016",
                        "release",
                        "Complete",
                        "11307",
                        "9",
                        "0"
                    ]
                },
                {
                    "Plugin": [
                        "Cross Site Scripting (Persistent) - Spider",
                        "40017",
                        "release",
                        "Complete",
                        "24202",
                        "114",
                        "0"
                    ]
                },
                {
                    "Plugin": [
                        "Cross Site Scripting (Persistent)",
                        "40014",
                        "release",
                        "Complete",
                        "9168",
                        "0",
                        "0"
                    ]
                },
                {
                    "Plugin": [
                        "SQL Injection",
                        "40018",
                        "release",
                        "79%",
                        "16351",
                        "56",
                        "0"
                    ]
                },
                {
                    "Plugin": [
                        "Server Side Code Injection",
                        "90019",
                        "release",
                        "Pending",
                        "0",
                        "0",
                        "0"
                    ]
                },
                {
                    "Plugin": [
                        "Remote OS Command Injection",
                        "90020",
                        "release",
                        "Pending",
                        "0",
                        "0",
                        "0"
                    ]
                },
                {
                    "Plugin": [
                        "Directory Browsing",
                        "0",
                        "release",
                        "Pending",
                        "0",
                        "0",
                        "0"
                    ]
                },
                {
                    "Plugin": [
                        "Buffer Overflow",
                        "30001",
                        "release",
                        "Pending",
                        "0",
                        "0",
                        "0"
                    ]
                },
                {
                    "Plugin": [
                        "Error de formato de cadena",
                        "30002",
                        "release",
                        "Pending",
                        "0",
                        "0",
                        "0"
                    ]
                },
                {
                    "Plugin": [
                        "CRLF Injection",
                        "40003",
                        "release",
                        "Pending",
                        "0",
                        "0",
                        "0"
                    ]
                },
                {
                    "Plugin": [
                        "Parameter Tampering",
                        "40008",
                        "release",
                        "Pending",
                        "0",
                        "0",
                        "0"
                    ]
                },
                {
                    "Plugin": [
                        "Reglas de búsqueda activadas para el Script",
                        "50000",
                        "release",
                        "Pending",
                        "0",
                        "0",
                        "0"
                    ]
                },
                {
                    "Plugin": [
                        "Source Code Disclosure - Git ",
                        "41",
                        "beta",
                        "Pending",
                        "0",
                        "0",
                        "0"
                    ]
                },
                {
                    "Plugin": [
                        "Source Code Disclosure - File Inclusion",
                        "43",
                        "beta",
                        "Pending",
                        "0",
                        "0",
                        "0"
                    ]
                },
                {
                    "Plugin": [
                        "Ejecución remota de código - Shell Shock",
                        "10048",
                        "beta",
                        "Pending",
                        "0",
                        "0",
                        "0"
                    ]
                },
                {
                    "Plugin": [
                        "Httpoxy - Proxy Header Misuse",
                        "10107",
                        "beta",
                        "Pending",
                        "0",
                        "0",
                        "0"
                    ]
                },
                {
                    "Plugin": [
                        "Anti-CSRF Tokens Check",
                        "20012",
                        "beta",
                        "Pending",
                        "0",
                        "0",
                        "0"
                    ]
                },
                {
                    "Plugin": [
                        "Vulnerabilidades de OpenSLL HeartBleed",
                        "20015",
                        "beta",
                        "Pending",
                        "0",
                        "0",
                        "0"
                    ]
                },
                {
                    "Plugin": [
                        "Desconfiguración de Dominio cruzado",
                        "20016",
                        "beta",
                        "Pending",
                        "0",
                        "0",
                        "0"
                    ]
                },
                {
                    "Plugin": [
                        "Divulgación del código fuente - CVE-2012-1823",
                        "20017",
                        "beta",
                        "Pending",
                        "0",
                        "0",
                        "0"
                    ]
                },
                {
                    "Plugin": [
                        "Ejecución remota de código - CVE-2012-1823",
                        "20018",
                        "beta",
                        "Pending",
                        "0",
                        "0",
                        "0"
                    ]
                },
                {
                    "Plugin": [
                        "Fijación de Sesión",
                        "40013",
                        "beta",
                        "Pending",
                        "0",
                        "0",
                        "0"
                    ]
                },
                {
                    "Plugin": [
                        "Inyección SQL - MySQL",
                        "40019",
                        "beta",
                        "Pending",
                        "0",
                        "0",
                        "0"
                    ]
                },
                {
                    "Plugin": [
                        "Inyección SQL - SQL hipersónico",
                        "40020",
                        "beta",
                        "Pending",
                        "0",
                        "0",
                        "0"
                    ]
                },
                {
                    "Plugin": [
                        "Inyección SQL - Oráculo",
                        "40021",
                        "beta",
                        "Pending",
                        "0",
                        "0",
                        "0"
                    ]
                },
                {
                    "Plugin": [
                        "Inyección SQL - PostgreSQL",
                        "40022",
                        "beta",
                        "Pending",
                        "0",
                        "0",
                        "0"
                    ]
                },
                {
                    "Plugin": [
                        "SQL Injection - SQLite",
                        "40024",
                        "beta",
                        "Pending",
                        "0",
                        "0",
                        "0"
                    ]
                },
                {
                    "Plugin": [
                        "SQL Injection - MsSQL",
                        "40027",
                        "beta",
                        "Pending",
                        "0",
                        "0",
                        "0"
                    ]
                },
                {
                    "Plugin": [
                        "XPath Injection",
                        "90021",
                        "beta",
                        "Pending",
                        "0",
                        "0",
                        "0"
                    ]
                },
                {
                    "Plugin": [
                        "XML External Entity Attack",
                        "90023",
                        "beta",
                        "Pending",
                        "0",
                        "0",
                        "0"
                    ]
                },
                {
                    "Plugin": [
                        "Relleno genérico del Oráculo",
                        "90024",
                        "beta",
                        "Pending",
                        "0",
                        "0",
                        "0"
                    ]
                },
                {
                    "Plugin": [
                        "Inyección Expresión de Lenguaje",
                        "90025",
                        "beta",
                        "Pending",
                        "0",
                        "0",
                        "0"
                    ]
                },
                {
                    "Plugin": [
                        "Divulgación del código fuente - SVN",
                        "42",
                        "beta",
                        "Pending",
                        "0",
                        "0",
                        "0"
                    ]
                },
                {
                    "Plugin": [
                        "Relative Path Confusion",
                        "10051",
                        "beta",
                        "Pending",
                        "0",
                        "0",
                        "0"
                    ]
                },
                {
                    "Plugin": [
                        "Apache Range Header DoS (CVE-2011-3192)",
                        "10053",
                        "beta",
                        "Pending",
                        "0",
                        "0",
                        "0"
                    ]
                },
                {
                    "Plugin": [
                        "Divulgación del archivo de respaldo",
                        "10095",
                        "beta",
                        "Pending",
                        "0",
                        "0",
                        "0"
                    ]
                },
                {
                    "Plugin": [
                        "HTTP Only Site",
                        "10106",
                        "beta",
                        "Pending",
                        "0",
                        "0",
                        "0"
                    ]
                },
                {
                    "Plugin": [
                        "Falla de desbordamiento de enteros",
                        "30003",
                        "beta",
                        "Pending",
                        "0",
                        "0",
                        "0"
                    ]
                },
                {
                    "Plugin": [
                        "Proxy Disclosure",
                        "40025",
                        "beta",
                        "Pending",
                        "0",
                        "0",
                        "0"
                    ]
                },
                {
                    "Plugin": [
                        "ELMAH Information Leak",
                        "40028",
                        "beta",
                        "Pending",
                        "0",
                        "0",
                        "0"
                    ]
                },
                {
                    "Plugin": [
                        "Trace.axd Information Leak",
                        "40029",
                        "beta",
                        "Pending",
                        "0",
                        "0",
                        "0"
                    ]
                },
                {
                    "Plugin": [
                        ".htaccess Information Leak",
                        "40032",
                        "beta",
                        "Pending",
                        "0",
                        "0",
                        "0"
                    ]
                },
                {
                    "Plugin": [
                        "Método HTTP inseguro",
                        "90028",
                        "beta",
                        "Pending",
                        "0",
                        "0",
                        "0"
                    ]
                },
                {
                    "Plugin": [
                        "HTTPS Content Available via HTTP",
                        "10047",
                        "beta",
                        "Pending",
                        "0",
                        "0",
                        "0"
                    ]
                },
                {
                    "Plugin": [
                        "GET for POST",
                        "10058",
                        "beta",
                        "Pending",
                        "0",
                        "0",
                        "0"
                    ]
                },
                {
                    "Plugin": [
                        "User Agent Fuzzer",
                        "10104",
                        "beta",
                        "Pending",
                        "0",
                        "0",
                        "0"
                    ]
                },
                {
                    "Plugin": [
                        "Escáner de infección por el parámetro HTTP",
                        "20014",
                        "beta",
                        "Pending",
                        "0",
                        "0",
                        "0"
                    ]
                },
                {
                    "Plugin": [
                        "Posible enumeración de nombre de usuario",
                        "40023",
                        "beta",
                        "Pending",
                        "0",
                        "0",
                        "0"
                    ]
                },
                {
                    "Plugin": [
                        "Cookie Slack Detector",
                        "90027",
                        "beta",
                        "Pending",
                        "0",
                        "0",
                        "0"
                    ]
                }
            ]
        }
    ]
}
OWASP Status : 18 %
{
    "scanProgress": [
        "http://todo.ly",
        {
            "HostProcess": [
                {
                    "Plugin": [
                        "Path Traversal",
                        "6",
                        "release",
                        "Complete",
                        "36468",
                        "150",
                        "0"
                    ]
                },
                {
                    "Plugin": [
                        "Remote File Inclusion",
                        "7",
                        "release",
                        "Complete",
                        "24501",
                        "90",
                        "0"
                    ]
                },
                {
                    "Plugin": [
                        "Source Code Disclosure - /WEB-INF folder",
                        "10045",
                        "release",
                        "Complete",
                        "1870",
                        "8",
                        "0"
                    ]
                },
                {
                    "Plugin": [
                        "External Redirect",
                        "20019",
                        "release",
                        "Complete",
                        "23503",
                        "81",
                        "0"
                    ]
                },
                {
                    "Plugin": [
                        "Server Side Include",
                        "40009",
                        "release",
                        "Complete",
                        "15675",
                        "36",
                        "0"
                    ]
                },
                {
                    "Plugin": [
                        "Cross Site Scripting (Reflected)",
                        "40012",
                        "release",
                        "Complete",
                        "15446",
                        "36",
                        "0"
                    ]
                },
                {
                    "Plugin": [
                        "Cross Site Scripting (Persistent) - Prime",
                        "40016",
                        "release",
                        "Complete",
                        "11307",
                        "9",
                        "0"
                    ]
                },
                {
                    "Plugin": [
                        "Cross Site Scripting (Persistent) - Spider",
                        "40017",
                        "release",
                        "Complete",
                        "24202",
                        "114",
                        "0"
                    ]
                },
                {
                    "Plugin": [
                        "Cross Site Scripting (Persistent)",
                        "40014",
                        "release",
                        "Complete",
                        "9168",
                        "0",
                        "0"
                    ]
                },
                {
                    "Plugin": [
                        "SQL Injection",
                        "40018",
                        "release",
                        "99%",
                        "46398",
                        "202",
                        "0"
                    ]
                },
                {
                    "Plugin": [
                        "Server Side Code Injection",
                        "90019",
                        "release",
                        "Pending",
                        "0",
                        "0",
                        "0"
                    ]
                },
                {
                    "Plugin": [
                        "Remote OS Command Injection",
                        "90020",
                        "release",
                        "Pending",
                        "0",
                        "0",
                        "0"
                    ]
                },
                {
                    "Plugin": [
                        "Directory Browsing",
                        "0",
                        "release",
                        "Pending",
                        "0",
                        "0",
                        "0"
                    ]
                },
                {
                    "Plugin": [
                        "Buffer Overflow",
                        "30001",
                        "release",
                        "Pending",
                        "0",
                        "0",
                        "0"
                    ]
                },
                {
                    "Plugin": [
                        "Error de formato de cadena",
                        "30002",
                        "release",
                        "Pending",
                        "0",
                        "0",
                        "0"
                    ]
                },
                {
                    "Plugin": [
                        "CRLF Injection",
                        "40003",
                        "release",
                        "Pending",
                        "0",
                        "0",
                        "0"
                    ]
                },
                {
                    "Plugin": [
                        "Parameter Tampering",
                        "40008",
                        "release",
                        "Pending",
                        "0",
                        "0",
                        "0"
                    ]
                },
                {
                    "Plugin": [
                        "Reglas de búsqueda activadas para el Script",
                        "50000",
                        "release",
                        "Pending",
                        "0",
                        "0",
                        "0"
                    ]
                },
                {
                    "Plugin": [
                        "Source Code Disclosure - Git ",
                        "41",
                        "beta",
                        "Pending",
                        "0",
                        "0",
                        "0"
                    ]
                },
                {
                    "Plugin": [
                        "Source Code Disclosure - File Inclusion",
                        "43",
                        "beta",
                        "Pending",
                        "0",
                        "0",
                        "0"
                    ]
                },
                {
                    "Plugin": [
                        "Ejecución remota de código - Shell Shock",
                        "10048",
                        "beta",
                        "Pending",
                        "0",
                        "0",
                        "0"
                    ]
                },
                {
                    "Plugin": [
                        "Httpoxy - Proxy Header Misuse",
                        "10107",
                        "beta",
                        "Pending",
                        "0",
                        "0",
                        "0"
                    ]
                },
                {
                    "Plugin": [
                        "Anti-CSRF Tokens Check",
                        "20012",
                        "beta",
                        "Pending",
                        "0",
                        "0",
                        "0"
                    ]
                },
                {
                    "Plugin": [
                        "Vulnerabilidades de OpenSLL HeartBleed",
                        "20015",
                        "beta",
                        "Pending",
                        "0",
                        "0",
                        "0"
                    ]
                },
                {
                    "Plugin": [
                        "Desconfiguración de Dominio cruzado",
                        "20016",
                        "beta",
                        "Pending",
                        "0",
                        "0",
                        "0"
                    ]
                },
                {
                    "Plugin": [
                        "Divulgación del código fuente - CVE-2012-1823",
                        "20017",
                        "beta",
                        "Pending",
                        "0",
                        "0",
                        "0"
                    ]
                },
                {
                    "Plugin": [
                        "Ejecución remota de código - CVE-2012-1823",
                        "20018",
                        "beta",
                        "Pending",
                        "0",
                        "0",
                        "0"
                    ]
                },
                {
                    "Plugin": [
                        "Fijación de Sesión",
                        "40013",
                        "beta",
                        "Pending",
                        "0",
                        "0",
                        "0"
                    ]
                },
                {
                    "Plugin": [
                        "Inyección SQL - MySQL",
                        "40019",
                        "beta",
                        "Pending",
                        "0",
                        "0",
                        "0"
                    ]
                },
                {
                    "Plugin": [
                        "Inyección SQL - SQL hipersónico",
                        "40020",
                        "beta",
                        "Pending",
                        "0",
                        "0",
                        "0"
                    ]
                },
                {
                    "Plugin": [
                        "Inyección SQL - Oráculo",
                        "40021",
                        "beta",
                        "Pending",
                        "0",
                        "0",
                        "0"
                    ]
                },
                {
                    "Plugin": [
                        "Inyección SQL - PostgreSQL",
                        "40022",
                        "beta",
                        "Pending",
                        "0",
                        "0",
                        "0"
                    ]
                },
                {
                    "Plugin": [
                        "SQL Injection - SQLite",
                        "40024",
                        "beta",
                        "Pending",
                        "0",
                        "0",
                        "0"
                    ]
                },
                {
                    "Plugin": [
                        "SQL Injection - MsSQL",
                        "40027",
                        "beta",
                        "Pending",
                        "0",
                        "0",
                        "0"
                    ]
                },
                {
                    "Plugin": [
                        "XPath Injection",
                        "90021",
                        "beta",
                        "Pending",
                        "0",
                        "0",
                        "0"
                    ]
                },
                {
                    "Plugin": [
                        "XML External Entity Attack",
                        "90023",
                        "beta",
                        "Pending",
                        "0",
                        "0",
                        "0"
                    ]
                },
                {
                    "Plugin": [
                        "Relleno genérico del Oráculo",
                        "90024",
                        "beta",
                        "Pending",
                        "0",
                        "0",
                        "0"
                    ]
                },
                {
                    "Plugin": [
                        "Inyección Expresión de Lenguaje",
                        "90025",
                        "beta",
                        "Pending",
                        "0",
                        "0",
                        "0"
                    ]
                },
                {
                    "Plugin": [
                        "Divulgación del código fuente - SVN",
                        "42",
                        "beta",
                        "Pending",
                        "0",
                        "0",
                        "0"
                    ]
                },
                {
                    "Plugin": [
                        "Relative Path Confusion",
                        "10051",
                        "beta",
                        "Pending",
                        "0",
                        "0",
                        "0"
                    ]
                },
                {
                    "Plugin": [
                        "Apache Range Header DoS (CVE-2011-3192)",
                        "10053",
                        "beta",
                        "Pending",
                        "0",
                        "0",
                        "0"
                    ]
                },
                {
                    "Plugin": [
                        "Divulgación del archivo de respaldo",
                        "10095",
                        "beta",
                        "Pending",
                        "0",
                        "0",
                        "0"
                    ]
                },
                {
                    "Plugin": [
                        "HTTP Only Site",
                        "10106",
                        "beta",
                        "Pending",
                        "0",
                        "0",
                        "0"
                    ]
                },
                {
                    "Plugin": [
                        "Falla de desbordamiento de enteros",
                        "30003",
                        "beta",
                        "Pending",
                        "0",
                        "0",
                        "0"
                    ]
                },
                {
                    "Plugin": [
                        "Proxy Disclosure",
                        "40025",
                        "beta",
                        "Pending",
                        "0",
                        "0",
                        "0"
                    ]
                },
                {
                    "Plugin": [
                        "ELMAH Information Leak",
                        "40028",
                        "beta",
                        "Pending",
                        "0",
                        "0",
                        "0"
                    ]
                },
                {
                    "Plugin": [
                        "Trace.axd Information Leak",
                        "40029",
                        "beta",
                        "Pending",
                        "0",
                        "0",
                        "0"
                    ]
                },
                {
                    "Plugin": [
                        ".htaccess Information Leak",
                        "40032",
                        "beta",
                        "Pending",
                        "0",
                        "0",
                        "0"
                    ]
                },
                {
                    "Plugin": [
                        "Método HTTP inseguro",
                        "90028",
                        "beta",
                        "Pending",
                        "0",
                        "0",
                        "0"
                    ]
                },
                {
                    "Plugin": [
                        "HTTPS Content Available via HTTP",
                        "10047",
                        "beta",
                        "Pending",
                        "0",
                        "0",
                        "0"
                    ]
                },
                {
                    "Plugin": [
                        "GET for POST",
                        "10058",
                        "beta",
                        "Pending",
                        "0",
                        "0",
                        "0"
                    ]
                },
                {
                    "Plugin": [
                        "User Agent Fuzzer",
                        "10104",
                        "beta",
                        "Pending",
                        "0",
                        "0",
                        "0"
                    ]
                },
                {
                    "Plugin": [
                        "Escáner de infección por el parámetro HTTP",
                        "20014",
                        "beta",
                        "Pending",
                        "0",
                        "0",
                        "0"
                    ]
                },
                {
                    "Plugin": [
                        "Posible enumeración de nombre de usuario",
                        "40023",
                        "beta",
                        "Pending",
                        "0",
                        "0",
                        "0"
                    ]
                },
                {
                    "Plugin": [
                        "Cookie Slack Detector",
                        "90027",
                        "beta",
                        "Pending",
                        "0",
                        "0",
                        "0"
                    ]
                }
            ]
        }
    ]
}
OWASP Status : 20 %
{
    "scanProgress": [
        "http://todo.ly",
        {
            "HostProcess": [
                {
                    "Plugin": [
                        "Path Traversal",
                        "6",
                        "release",
                        "Complete",
                        "36468",
                        "150",
                        "0"
                    ]
                },
                {
                    "Plugin": [
                        "Remote File Inclusion",
                        "7",
                        "release",
                        "Complete",
                        "24501",
                        "90",
                        "0"
                    ]
                },
                {
                    "Plugin": [
                        "Source Code Disclosure - /WEB-INF folder",
                        "10045",
                        "release",
                        "Complete",
                        "1870",
                        "8",
                        "0"
                    ]
                },
                {
                    "Plugin": [
                        "External Redirect",
                        "20019",
                        "release",
                        "Complete",
                        "23503",
                        "81",
                        "0"
                    ]
                },
                {
                    "Plugin": [
                        "Server Side Include",
                        "40009",
                        "release",
                        "Complete",
                        "15675",
                        "36",
                        "0"
                    ]
                },
                {
                    "Plugin": [
                        "Cross Site Scripting (Reflected)",
                        "40012",
                        "release",
                        "Complete",
                        "15446",
                        "36",
                        "0"
                    ]
                },
                {
                    "Plugin": [
                        "Cross Site Scripting (Persistent) - Prime",
                        "40016",
                        "release",
                        "Complete",
                        "11307",
                        "9",
                        "0"
                    ]
                },
                {
                    "Plugin": [
                        "Cross Site Scripting (Persistent) - Spider",
                        "40017",
                        "release",
                        "Complete",
                        "24202",
                        "114",
                        "0"
                    ]
                },
                {
                    "Plugin": [
                        "Cross Site Scripting (Persistent)",
                        "40014",
                        "release",
                        "Complete",
                        "9168",
                        "0",
                        "0"
                    ]
                },
                {
                    "Plugin": [
                        "SQL Injection",
                        "40018",
                        "release",
                        "Complete",
                        "53560",
                        "242",
                        "0"
                    ]
                },
                {
                    "Plugin": [
                        "Server Side Code Injection",
                        "90019",
                        "release",
                        "Complete",
                        "20869",
                        "72",
                        "0"
                    ]
                },
                {
                    "Plugin": [
                        "Remote OS Command Injection",
                        "90020",
                        "release",
                        "7%",
                        "2048",
                        "9",
                        "0"
                    ]
                },
                {
                    "Plugin": [
                        "Directory Browsing",
                        "0",
                        "release",
                        "Pending",
                        "0",
                        "0",
                        "0"
                    ]
                },
                {
                    "Plugin": [
                        "Buffer Overflow",
                        "30001",
                        "release",
                        "Pending",
                        "0",
                        "0",
                        "0"
                    ]
                },
                {
                    "Plugin": [
                        "Error de formato de cadena",
                        "30002",
                        "release",
                        "Pending",
                        "0",
                        "0",
                        "0"
                    ]
                },
                {
                    "Plugin": [
                        "CRLF Injection",
                        "40003",
                        "release",
                        "Pending",
                        "0",
                        "0",
                        "0"
                    ]
                },
                {
                    "Plugin": [
                        "Parameter Tampering",
                        "40008",
                        "release",
                        "Pending",
                        "0",
                        "0",
                        "0"
                    ]
                },
                {
                    "Plugin": [
                        "Reglas de búsqueda activadas para el Script",
                        "50000",
                        "release",
                        "Pending",
                        "0",
                        "0",
                        "0"
                    ]
                },
                {
                    "Plugin": [
                        "Source Code Disclosure - Git ",
                        "41",
                        "beta",
                        "Pending",
                        "0",
                        "0",
                        "0"
                    ]
                },
                {
                    "Plugin": [
                        "Source Code Disclosure - File Inclusion",
                        "43",
                        "beta",
                        "Pending",
                        "0",
                        "0",
                        "0"
                    ]
                },
                {
                    "Plugin": [
                        "Ejecución remota de código - Shell Shock",
                        "10048",
                        "beta",
                        "Pending",
                        "0",
                        "0",
                        "0"
                    ]
                },
                {
                    "Plugin": [
                        "Httpoxy - Proxy Header Misuse",
                        "10107",
                        "beta",
                        "Pending",
                        "0",
                        "0",
                        "0"
                    ]
                },
                {
                    "Plugin": [
                        "Anti-CSRF Tokens Check",
                        "20012",
                        "beta",
                        "Pending",
                        "0",
                        "0",
                        "0"
                    ]
                },
                {
                    "Plugin": [
                        "Vulnerabilidades de OpenSLL HeartBleed",
                        "20015",
                        "beta",
                        "Pending",
                        "0",
                        "0",
                        "0"
                    ]
                },
                {
                    "Plugin": [
                        "Desconfiguración de Dominio cruzado",
                        "20016",
                        "beta",
                        "Pending",
                        "0",
                        "0",
                        "0"
                    ]
                },
                {
                    "Plugin": [
                        "Divulgación del código fuente - CVE-2012-1823",
                        "20017",
                        "beta",
                        "Pending",
                        "0",
                        "0",
                        "0"
                    ]
                },
                {
                    "Plugin": [
                        "Ejecución remota de código - CVE-2012-1823",
                        "20018",
                        "beta",
                        "Pending",
                        "0",
                        "0",
                        "0"
                    ]
                },
                {
                    "Plugin": [
                        "Fijación de Sesión",
                        "40013",
                        "beta",
                        "Pending",
                        "0",
                        "0",
                        "0"
                    ]
                },
                {
                    "Plugin": [
                        "Inyección SQL - MySQL",
                        "40019",
                        "beta",
                        "Pending",
                        "0",
                        "0",
                        "0"
                    ]
                },
                {
                    "Plugin": [
                        "Inyección SQL - SQL hipersónico",
                        "40020",
                        "beta",
                        "Pending",
                        "0",
                        "0",
                        "0"
                    ]
                },
                {
                    "Plugin": [
                        "Inyección SQL - Oráculo",
                        "40021",
                        "beta",
                        "Pending",
                        "0",
                        "0",
                        "0"
                    ]
                },
                {
                    "Plugin": [
                        "Inyección SQL - PostgreSQL",
                        "40022",
                        "beta",
                        "Pending",
                        "0",
                        "0",
                        "0"
                    ]
                },
                {
                    "Plugin": [
                        "SQL Injection - SQLite",
                        "40024",
                        "beta",
                        "Pending",
                        "0",
                        "0",
                        "0"
                    ]
                },
                {
                    "Plugin": [
                        "SQL Injection - MsSQL",
                        "40027",
                        "beta",
                        "Pending",
                        "0",
                        "0",
                        "0"
                    ]
                },
                {
                    "Plugin": [
                        "XPath Injection",
                        "90021",
                        "beta",
                        "Pending",
                        "0",
                        "0",
                        "0"
                    ]
                },
                {
                    "Plugin": [
                        "XML External Entity Attack",
                        "90023",
                        "beta",
                        "Pending",
                        "0",
                        "0",
                        "0"
                    ]
                },
                {
                    "Plugin": [
                        "Relleno genérico del Oráculo",
                        "90024",
                        "beta",
                        "Pending",
                        "0",
                        "0",
                        "0"
                    ]
                },
                {
                    "Plugin": [
                        "Inyección Expresión de Lenguaje",
                        "90025",
                        "beta",
                        "Pending",
                        "0",
                        "0",
                        "0"
                    ]
                },
                {
                    "Plugin": [
                        "Divulgación del código fuente - SVN",
                        "42",
                        "beta",
                        "Pending",
                        "0",
                        "0",
                        "0"
                    ]
                },
                {
                    "Plugin": [
                        "Relative Path Confusion",
                        "10051",
                        "beta",
                        "Pending",
                        "0",
                        "0",
                        "0"
                    ]
                },
                {
                    "Plugin": [
                        "Apache Range Header DoS (CVE-2011-3192)",
                        "10053",
                        "beta",
                        "Pending",
                        "0",
                        "0",
                        "0"
                    ]
                },
                {
                    "Plugin": [
                        "Divulgación del archivo de respaldo",
                        "10095",
                        "beta",
                        "Pending",
                        "0",
                        "0",
                        "0"
                    ]
                },
                {
                    "Plugin": [
                        "HTTP Only Site",
                        "10106",
                        "beta",
                        "Pending",
                        "0",
                        "0",
                        "0"
                    ]
                },
                {
                    "Plugin": [
                        "Falla de desbordamiento de enteros",
                        "30003",
                        "beta",
                        "Pending",
                        "0",
                        "0",
                        "0"
                    ]
                },
                {
                    "Plugin": [
                        "Proxy Disclosure",
                        "40025",
                        "beta",
                        "Pending",
                        "0",
                        "0",
                        "0"
                    ]
                },
                {
                    "Plugin": [
                        "ELMAH Information Leak",
                        "40028",
                        "beta",
                        "Pending",
                        "0",
                        "0",
                        "0"
                    ]
                },
                {
                    "Plugin": [
                        "Trace.axd Information Leak",
                        "40029",
                        "beta",
                        "Pending",
                        "0",
                        "0",
                        "0"
                    ]
                },
                {
                    "Plugin": [
                        ".htaccess Information Leak",
                        "40032",
                        "beta",
                        "Pending",
                        "0",
                        "0",
                        "0"
                    ]
                },
                {
                    "Plugin": [
                        "Método HTTP inseguro",
                        "90028",
                        "beta",
                        "Pending",
                        "0",
                        "0",
                        "0"
                    ]
                },
                {
                    "Plugin": [
                        "HTTPS Content Available via HTTP",
                        "10047",
                        "beta",
                        "Pending",
                        "0",
                        "0",
                        "0"
                    ]
                },
                {
                    "Plugin": [
                        "GET for POST",
                        "10058",
                        "beta",
                        "Pending",
                        "0",
                        "0",
                        "0"
                    ]
                },
                {
                    "Plugin": [
                        "User Agent Fuzzer",
                        "10104",
                        "beta",
                        "Pending",
                        "0",
                        "0",
                        "0"
                    ]
                },
                {
                    "Plugin": [
                        "Escáner de infección por el parámetro HTTP",
                        "20014",
                        "beta",
                        "Pending",
                        "0",
                        "0",
                        "0"
                    ]
                },
                {
                    "Plugin": [
                        "Posible enumeración de nombre de usuario",
                        "40023",
                        "beta",
                        "Pending",
                        "0",
                        "0",
                        "0"
                    ]
                },
                {
                    "Plugin": [
                        "Cookie Slack Detector",
                        "90027",
                        "beta",
                        "Pending",
                        "0",
                        "0",
                        "0"
                    ]
                }
            ]
        }
    ]
}
OWASP Status : 21 %
{
    "scanProgress": [
        "http://todo.ly",
        {
            "HostProcess": [
                {
                    "Plugin": [
                        "Path Traversal",
                        "6",
                        "release",
                        "Complete",
                        "36468",
                        "150",
                        "0"
                    ]
                },
                {
                    "Plugin": [
                        "Remote File Inclusion",
                        "7",
                        "release",
                        "Complete",
                        "24501",
                        "90",
                        "0"
                    ]
                },
                {
                    "Plugin": [
                        "Source Code Disclosure - /WEB-INF folder",
                        "10045",
                        "release",
                        "Complete",
                        "1870",
                        "8",
                        "0"
                    ]
                },
                {
                    "Plugin": [
                        "External Redirect",
                        "20019",
                        "release",
                        "Complete",
                        "23503",
                        "81",
                        "0"
                    ]
                },
                {
                    "Plugin": [
                        "Server Side Include",
                        "40009",
                        "release",
                        "Complete",
                        "15675",
                        "36",
                        "0"
                    ]
                },
                {
                    "Plugin": [
                        "Cross Site Scripting (Reflected)",
                        "40012",
                        "release",
                        "Complete",
                        "15446",
                        "36",
                        "0"
                    ]
                },
                {
                    "Plugin": [
                        "Cross Site Scripting (Persistent) - Prime",
                        "40016",
                        "release",
                        "Complete",
                        "11307",
                        "9",
                        "0"
                    ]
                },
                {
                    "Plugin": [
                        "Cross Site Scripting (Persistent) - Spider",
                        "40017",
                        "release",
                        "Complete",
                        "24202",
                        "114",
                        "0"
                    ]
                },
                {
                    "Plugin": [
                        "Cross Site Scripting (Persistent)",
                        "40014",
                        "release",
                        "Complete",
                        "9168",
                        "0",
                        "0"
                    ]
                },
                {
                    "Plugin": [
                        "SQL Injection",
                        "40018",
                        "release",
                        "Complete",
                        "53560",
                        "242",
                        "0"
                    ]
                },
                {
                    "Plugin": [
                        "Server Side Code Injection",
                        "90019",
                        "release",
                        "Complete",
                        "20869",
                        "72",
                        "0"
                    ]
                },
                {
                    "Plugin": [
                        "Remote OS Command Injection",
                        "90020",
                        "release",
                        "85%",
                        "32088",
                        "158",
                        "0"
                    ]
                },
                {
                    "Plugin": [
                        "Directory Browsing",
                        "0",
                        "release",
                        "Pending",
                        "0",
                        "0",
                        "0"
                    ]
                },
                {
                    "Plugin": [
                        "Buffer Overflow",
                        "30001",
                        "release",
                        "Pending",
                        "0",
                        "0",
                        "0"
                    ]
                },
                {
                    "Plugin": [
                        "Error de formato de cadena",
                        "30002",
                        "release",
                        "Pending",
                        "0",
                        "0",
                        "0"
                    ]
                },
                {
                    "Plugin": [
                        "CRLF Injection",
                        "40003",
                        "release",
                        "Pending",
                        "0",
                        "0",
                        "0"
                    ]
                },
                {
                    "Plugin": [
                        "Parameter Tampering",
                        "40008",
                        "release",
                        "Pending",
                        "0",
                        "0",
                        "0"
                    ]
                },
                {
                    "Plugin": [
                        "Reglas de búsqueda activadas para el Script",
                        "50000",
                        "release",
                        "Pending",
                        "0",
                        "0",
                        "0"
                    ]
                },
                {
                    "Plugin": [
                        "Source Code Disclosure - Git ",
                        "41",
                        "beta",
                        "Pending",
                        "0",
                        "0",
                        "0"
                    ]
                },
                {
                    "Plugin": [
                        "Source Code Disclosure - File Inclusion",
                        "43",
                        "beta",
                        "Pending",
                        "0",
                        "0",
                        "0"
                    ]
                },
                {
                    "Plugin": [
                        "Ejecución remota de código - Shell Shock",
                        "10048",
                        "beta",
                        "Pending",
                        "0",
                        "0",
                        "0"
                    ]
                },
                {
                    "Plugin": [
                        "Httpoxy - Proxy Header Misuse",
                        "10107",
                        "beta",
                        "Pending",
                        "0",
                        "0",
                        "0"
                    ]
                },
                {
                    "Plugin": [
                        "Anti-CSRF Tokens Check",
                        "20012",
                        "beta",
                        "Pending",
                        "0",
                        "0",
                        "0"
                    ]
                },
                {
                    "Plugin": [
                        "Vulnerabilidades de OpenSLL HeartBleed",
                        "20015",
                        "beta",
                        "Pending",
                        "0",
                        "0",
                        "0"
                    ]
                },
                {
                    "Plugin": [
                        "Desconfiguración de Dominio cruzado",
                        "20016",
                        "beta",
                        "Pending",
                        "0",
                        "0",
                        "0"
                    ]
                },
                {
                    "Plugin": [
                        "Divulgación del código fuente - CVE-2012-1823",
                        "20017",
                        "beta",
                        "Pending",
                        "0",
                        "0",
                        "0"
                    ]
                },
                {
                    "Plugin": [
                        "Ejecución remota de código - CVE-2012-1823",
                        "20018",
                        "beta",
                        "Pending",
                        "0",
                        "0",
                        "0"
                    ]
                },
                {
                    "Plugin": [
                        "Fijación de Sesión",
                        "40013",
                        "beta",
                        "Pending",
                        "0",
                        "0",
                        "0"
                    ]
                },
                {
                    "Plugin": [
                        "Inyección SQL - MySQL",
                        "40019",
                        "beta",
                        "Pending",
                        "0",
                        "0",
                        "0"
                    ]
                },
                {
                    "Plugin": [
                        "Inyección SQL - SQL hipersónico",
                        "40020",
                        "beta",
                        "Pending",
                        "0",
                        "0",
                        "0"
                    ]
                },
                {
                    "Plugin": [
                        "Inyección SQL - Oráculo",
                        "40021",
                        "beta",
                        "Pending",
                        "0",
                        "0",
                        "0"
                    ]
                },
                {
                    "Plugin": [
                        "Inyección SQL - PostgreSQL",
                        "40022",
                        "beta",
                        "Pending",
                        "0",
                        "0",
                        "0"
                    ]
                },
                {
                    "Plugin": [
                        "SQL Injection - SQLite",
                        "40024",
                        "beta",
                        "Pending",
                        "0",
                        "0",
                        "0"
                    ]
                },
                {
                    "Plugin": [
                        "SQL Injection - MsSQL",
                        "40027",
                        "beta",
                        "Pending",
                        "0",
                        "0",
                        "0"
                    ]
                },
                {
                    "Plugin": [
                        "XPath Injection",
                        "90021",
                        "beta",
                        "Pending",
                        "0",
                        "0",
                        "0"
                    ]
                },
                {
                    "Plugin": [
                        "XML External Entity Attack",
                        "90023",
                        "beta",
                        "Pending",
                        "0",
                        "0",
                        "0"
                    ]
                },
                {
                    "Plugin": [
                        "Relleno genérico del Oráculo",
                        "90024",
                        "beta",
                        "Pending",
                        "0",
                        "0",
                        "0"
                    ]
                },
                {
                    "Plugin": [
                        "Inyección Expresión de Lenguaje",
                        "90025",
                        "beta",
                        "Pending",
                        "0",
                        "0",
                        "0"
                    ]
                },
                {
                    "Plugin": [
                        "Divulgación del código fuente - SVN",
                        "42",
                        "beta",
                        "Pending",
                        "0",
                        "0",
                        "0"
                    ]
                },
                {
                    "Plugin": [
                        "Relative Path Confusion",
                        "10051",
                        "beta",
                        "Pending",
                        "0",
                        "0",
                        "0"
                    ]
                },
                {
                    "Plugin": [
                        "Apache Range Header DoS (CVE-2011-3192)",
                        "10053",
                        "beta",
                        "Pending",
                        "0",
                        "0",
                        "0"
                    ]
                },
                {
                    "Plugin": [
                        "Divulgación del archivo de respaldo",
                        "10095",
                        "beta",
                        "Pending",
                        "0",
                        "0",
                        "0"
                    ]
                },
                {
                    "Plugin": [
                        "HTTP Only Site",
                        "10106",
                        "beta",
                        "Pending",
                        "0",
                        "0",
                        "0"
                    ]
                },
                {
                    "Plugin": [
                        "Falla de desbordamiento de enteros",
                        "30003",
                        "beta",
                        "Pending",
                        "0",
                        "0",
                        "0"
                    ]
                },
                {
                    "Plugin": [
                        "Proxy Disclosure",
                        "40025",
                        "beta",
                        "Pending",
                        "0",
                        "0",
                        "0"
                    ]
                },
                {
                    "Plugin": [
                        "ELMAH Information Leak",
                        "40028",
                        "beta",
                        "Pending",
                        "0",
                        "0",
                        "0"
                    ]
                },
                {
                    "Plugin": [
                        "Trace.axd Information Leak",
                        "40029",
                        "beta",
                        "Pending",
                        "0",
                        "0",
                        "0"
                    ]
                },
                {
                    "Plugin": [
                        ".htaccess Information Leak",
                        "40032",
                        "beta",
                        "Pending",
                        "0",
                        "0",
                        "0"
                    ]
                },
                {
                    "Plugin": [
                        "Método HTTP inseguro",
                        "90028",
                        "beta",
                        "Pending",
                        "0",
                        "0",
                        "0"
                    ]
                },
                {
                    "Plugin": [
                        "HTTPS Content Available via HTTP",
                        "10047",
                        "beta",
                        "Pending",
                        "0",
                        "0",
                        "0"
                    ]
                },
                {
                    "Plugin": [
                        "GET for POST",
                        "10058",
                        "beta",
                        "Pending",
                        "0",
                        "0",
                        "0"
                    ]
                },
                {
                    "Plugin": [
                        "User Agent Fuzzer",
                        "10104",
                        "beta",
                        "Pending",
                        "0",
                        "0",
                        "0"
                    ]
                },
                {
                    "Plugin": [
                        "Escáner de infección por el parámetro HTTP",
                        "20014",
                        "beta",
                        "Pending",
                        "0",
                        "0",
                        "0"
                    ]
                },
                {
                    "Plugin": [
                        "Posible enumeración de nombre de usuario",
                        "40023",
                        "beta",
                        "Pending",
                        "0",
                        "0",
                        "0"
                    ]
                },
                {
                    "Plugin": [
                        "Cookie Slack Detector",
                        "90027",
                        "beta",
                        "Pending",
                        "0",
                        "0",
                        "0"
                    ]
                }
            ]
        }
    ]
}
OWASP Status : 22 %
{
    "scanProgress": [
        "http://todo.ly",
        {
            "HostProcess": [
                {
                    "Plugin": [
                        "Path Traversal",
                        "6",
                        "release",
                        "Complete",
                        "36468",
                        "150",
                        "0"
                    ]
                },
                {
                    "Plugin": [
                        "Remote File Inclusion",
                        "7",
                        "release",
                        "Complete",
                        "24501",
                        "90",
                        "0"
                    ]
                },
                {
                    "Plugin": [
                        "Source Code Disclosure - /WEB-INF folder",
                        "10045",
                        "release",
                        "Complete",
                        "1870",
                        "8",
                        "0"
                    ]
                },
                {
                    "Plugin": [
                        "External Redirect",
                        "20019",
                        "release",
                        "Complete",
                        "23503",
                        "81",
                        "0"
                    ]
                },
                {
                    "Plugin": [
                        "Server Side Include",
                        "40009",
                        "release",
                        "Complete",
                        "15675",
                        "36",
                        "0"
                    ]
                },
                {
                    "Plugin": [
                        "Cross Site Scripting (Reflected)",
                        "40012",
                        "release",
                        "Complete",
                        "15446",
                        "36",
                        "0"
                    ]
                },
                {
                    "Plugin": [
                        "Cross Site Scripting (Persistent) - Prime",
                        "40016",
                        "release",
                        "Complete",
                        "11307",
                        "9",
                        "0"
                    ]
                },
                {
                    "Plugin": [
                        "Cross Site Scripting (Persistent) - Spider",
                        "40017",
                        "release",
                        "Complete",
                        "24202",
                        "114",
                        "0"
                    ]
                },
                {
                    "Plugin": [
                        "Cross Site Scripting (Persistent)",
                        "40014",
                        "release",
                        "Complete",
                        "9168",
                        "0",
                        "0"
                    ]
                },
                {
                    "Plugin": [
                        "SQL Injection",
                        "40018",
                        "release",
                        "Complete",
                        "53560",
                        "242",
                        "0"
                    ]
                },
                {
                    "Plugin": [
                        "Server Side Code Injection",
                        "90019",
                        "release",
                        "Complete",
                        "20869",
                        "72",
                        "0"
                    ]
                },
                {
                    "Plugin": [
                        "Remote OS Command Injection",
                        "90020",
                        "release",
                        "Complete",
                        "55836",
                        "288",
                        "0"
                    ]
                },
                {
                    "Plugin": [
                        "Directory Browsing",
                        "0",
                        "release",
                        "25%",
                        "6318",
                        "27",
                        "0"
                    ]
                },
                {
                    "Plugin": [
                        "Buffer Overflow",
                        "30001",
                        "release",
                        "Pending",
                        "0",
                        "0",
                        "0"
                    ]
                },
                {
                    "Plugin": [
                        "Error de formato de cadena",
                        "30002",
                        "release",
                        "Pending",
                        "0",
                        "0",
                        "0"
                    ]
                },
                {
                    "Plugin": [
                        "CRLF Injection",
                        "40003",
                        "release",
                        "Pending",
                        "0",
                        "0",
                        "0"
                    ]
                },
                {
                    "Plugin": [
                        "Parameter Tampering",
                        "40008",
                        "release",
                        "Pending",
                        "0",
                        "0",
                        "0"
                    ]
                },
                {
                    "Plugin": [
                        "Reglas de búsqueda activadas para el Script",
                        "50000",
                        "release",
                        "Pending",
                        "0",
                        "0",
                        "0"
                    ]
                },
                {
                    "Plugin": [
                        "Source Code Disclosure - Git ",
                        "41",
                        "beta",
                        "Pending",
                        "0",
                        "0",
                        "0"
                    ]
                },
                {
                    "Plugin": [
                        "Source Code Disclosure - File Inclusion",
                        "43",
                        "beta",
                        "Pending",
                        "0",
                        "0",
                        "0"
                    ]
                },
                {
                    "Plugin": [
                        "Ejecución remota de código - Shell Shock",
                        "10048",
                        "beta",
                        "Pending",
                        "0",
                        "0",
                        "0"
                    ]
                },
                {
                    "Plugin": [
                        "Httpoxy - Proxy Header Misuse",
                        "10107",
                        "beta",
                        "Pending",
                        "0",
                        "0",
                        "0"
                    ]
                },
                {
                    "Plugin": [
                        "Anti-CSRF Tokens Check",
                        "20012",
                        "beta",
                        "Pending",
                        "0",
                        "0",
                        "0"
                    ]
                },
                {
                    "Plugin": [
                        "Vulnerabilidades de OpenSLL HeartBleed",
                        "20015",
                        "beta",
                        "Pending",
                        "0",
                        "0",
                        "0"
                    ]
                },
                {
                    "Plugin": [
                        "Desconfiguración de Dominio cruzado",
                        "20016",
                        "beta",
                        "Pending",
                        "0",
                        "0",
                        "0"
                    ]
                },
                {
                    "Plugin": [
                        "Divulgación del código fuente - CVE-2012-1823",
                        "20017",
                        "beta",
                        "Pending",
                        "0",
                        "0",
                        "0"
                    ]
                },
                {
                    "Plugin": [
                        "Ejecución remota de código - CVE-2012-1823",
                        "20018",
                        "beta",
                        "Pending",
                        "0",
                        "0",
                        "0"
                    ]
                },
                {
                    "Plugin": [
                        "Fijación de Sesión",
                        "40013",
                        "beta",
                        "Pending",
                        "0",
                        "0",
                        "0"
                    ]
                },
                {
                    "Plugin": [
                        "Inyección SQL - MySQL",
                        "40019",
                        "beta",
                        "Pending",
                        "0",
                        "0",
                        "0"
                    ]
                },
                {
                    "Plugin": [
                        "Inyección SQL - SQL hipersónico",
                        "40020",
                        "beta",
                        "Pending",
                        "0",
                        "0",
                        "0"
                    ]
                },
                {
                    "Plugin": [
                        "Inyección SQL - Oráculo",
                        "40021",
                        "beta",
                        "Pending",
                        "0",
                        "0",
                        "0"
                    ]
                },
                {
                    "Plugin": [
                        "Inyección SQL - PostgreSQL",
                        "40022",
                        "beta",
                        "Pending",
                        "0",
                        "0",
                        "0"
                    ]
                },
                {
                    "Plugin": [
                        "SQL Injection - SQLite",
                        "40024",
                        "beta",
                        "Pending",
                        "0",
                        "0",
                        "0"
                    ]
                },
                {
                    "Plugin": [
                        "SQL Injection - MsSQL",
                        "40027",
                        "beta",
                        "Pending",
                        "0",
                        "0",
                        "0"
                    ]
                },
                {
                    "Plugin": [
                        "XPath Injection",
                        "90021",
                        "beta",
                        "Pending",
                        "0",
                        "0",
                        "0"
                    ]
                },
                {
                    "Plugin": [
                        "XML External Entity Attack",
                        "90023",
                        "beta",
                        "Pending",
                        "0",
                        "0",
                        "0"
                    ]
                },
                {
                    "Plugin": [
                        "Relleno genérico del Oráculo",
                        "90024",
                        "beta",
                        "Pending",
                        "0",
                        "0",
                        "0"
                    ]
                },
                {
                    "Plugin": [
                        "Inyección Expresión de Lenguaje",
                        "90025",
                        "beta",
                        "Pending",
                        "0",
                        "0",
                        "0"
                    ]
                },
                {
                    "Plugin": [
                        "Divulgación del código fuente - SVN",
                        "42",
                        "beta",
                        "Pending",
                        "0",
                        "0",
                        "0"
                    ]
                },
                {
                    "Plugin": [
                        "Relative Path Confusion",
                        "10051",
                        "beta",
                        "Pending",
                        "0",
                        "0",
                        "0"
                    ]
                },
                {
                    "Plugin": [
                        "Apache Range Header DoS (CVE-2011-3192)",
                        "10053",
                        "beta",
                        "Pending",
                        "0",
                        "0",
                        "0"
                    ]
                },
                {
                    "Plugin": [
                        "Divulgación del archivo de respaldo",
                        "10095",
                        "beta",
                        "Pending",
                        "0",
                        "0",
                        "0"
                    ]
                },
                {
                    "Plugin": [
                        "HTTP Only Site",
                        "10106",
                        "beta",
                        "Pending",
                        "0",
                        "0",
                        "0"
                    ]
                },
                {
                    "Plugin": [
                        "Falla de desbordamiento de enteros",
                        "30003",
                        "beta",
                        "Pending",
                        "0",
                        "0",
                        "0"
                    ]
                },
                {
                    "Plugin": [
                        "Proxy Disclosure",
                        "40025",
                        "beta",
                        "Pending",
                        "0",
                        "0",
                        "0"
                    ]
                },
                {
                    "Plugin": [
                        "ELMAH Information Leak",
                        "40028",
                        "beta",
                        "Pending",
                        "0",
                        "0",
                        "0"
                    ]
                },
                {
                    "Plugin": [
                        "Trace.axd Information Leak",
                        "40029",
                        "beta",
                        "Pending",
                        "0",
                        "0",
                        "0"
                    ]
                },
                {
                    "Plugin": [
                        ".htaccess Information Leak",
                        "40032",
                        "beta",
                        "Pending",
                        "0",
                        "0",
                        "0"
                    ]
                },
                {
                    "Plugin": [
                        "Método HTTP inseguro",
                        "90028",
                        "beta",
                        "Pending",
                        "0",
                        "0",
                        "0"
                    ]
                },
                {
                    "Plugin": [
                        "HTTPS Content Available via HTTP",
                        "10047",
                        "beta",
                        "Pending",
                        "0",
                        "0",
                        "0"
                    ]
                },
                {
                    "Plugin": [
                        "GET for POST",
                        "10058",
                        "beta",
                        "Pending",
                        "0",
                        "0",
                        "0"
                    ]
                },
                {
                    "Plugin": [
                        "User Agent Fuzzer",
                        "10104",
                        "beta",
                        "Pending",
                        "0",
                        "0",
                        "0"
                    ]
                },
                {
                    "Plugin": [
                        "Escáner de infección por el parámetro HTTP",
                        "20014",
                        "beta",
                        "Pending",
                        "0",
                        "0",
                        "0"
                    ]
                },
                {
                    "Plugin": [
                        "Posible enumeración de nombre de usuario",
                        "40023",
                        "beta",
                        "Pending",
                        "0",
                        "0",
                        "0"
                    ]
                },
                {
                    "Plugin": [
                        "Cookie Slack Detector",
                        "90027",
                        "beta",
                        "Pending",
                        "0",
                        "0",
                        "0"
                    ]
                }
            ]
        }
    ]
}
OWASP Status : 25 %
{
    "scanProgress": [
        "http://todo.ly",
        {
            "HostProcess": [
                {
                    "Plugin": [
                        "Path Traversal",
                        "6",
                        "release",
                        "Complete",
                        "36468",
                        "150",
                        "0"
                    ]
                },
                {
                    "Plugin": [
                        "Remote File Inclusion",
                        "7",
                        "release",
                        "Complete",
                        "24501",
                        "90",
                        "0"
                    ]
                },
                {
                    "Plugin": [
                        "Source Code Disclosure - /WEB-INF folder",
                        "10045",
                        "release",
                        "Complete",
                        "1870",
                        "8",
                        "0"
                    ]
                },
                {
                    "Plugin": [
                        "External Redirect",
                        "20019",
                        "release",
                        "Complete",
                        "23503",
                        "81",
                        "0"
                    ]
                },
                {
                    "Plugin": [
                        "Server Side Include",
                        "40009",
                        "release",
                        "Complete",
                        "15675",
                        "36",
                        "0"
                    ]
                },
                {
                    "Plugin": [
                        "Cross Site Scripting (Reflected)",
                        "40012",
                        "release",
                        "Complete",
                        "15446",
                        "36",
                        "0"
                    ]
                },
                {
                    "Plugin": [
                        "Cross Site Scripting (Persistent) - Prime",
                        "40016",
                        "release",
                        "Complete",
                        "11307",
                        "9",
                        "0"
                    ]
                },
                {
                    "Plugin": [
                        "Cross Site Scripting (Persistent) - Spider",
                        "40017",
                        "release",
                        "Complete",
                        "24202",
                        "114",
                        "0"
                    ]
                },
                {
                    "Plugin": [
                        "Cross Site Scripting (Persistent)",
                        "40014",
                        "release",
                        "Complete",
                        "9168",
                        "0",
                        "0"
                    ]
                },
                {
                    "Plugin": [
                        "SQL Injection",
                        "40018",
                        "release",
                        "Complete",
                        "53560",
                        "242",
                        "0"
                    ]
                },
                {
                    "Plugin": [
                        "Server Side Code Injection",
                        "90019",
                        "release",
                        "Complete",
                        "20869",
                        "72",
                        "0"
                    ]
                },
                {
                    "Plugin": [
                        "Remote OS Command Injection",
                        "90020",
                        "release",
                        "Complete",
                        "55836",
                        "288",
                        "0"
                    ]
                },
                {
                    "Plugin": [
                        "Directory Browsing",
                        "0",
                        "release",
                        "Complete",
                        "23864",
                        "114",
                        "0"
                    ]
                },
                {
                    "Plugin": [
                        "Buffer Overflow",
                        "30001",
                        "release",
                        "Complete",
                        "12382",
                        "9",
                        "0"
                    ]
                },
                {
                    "Plugin": [
                        "Error de formato de cadena",
                        "30002",
                        "release",
                        "0%",
                        "137",
                        "0",
                        "0"
                    ]
                },
                {
                    "Plugin": [
                        "CRLF Injection",
                        "40003",
                        "release",
                        "Pending",
                        "0",
                        "0",
                        "0"
                    ]
                },
                {
                    "Plugin": [
                        "Parameter Tampering",
                        "40008",
                        "release",
                        "Pending",
                        "0",
                        "0",
                        "0"
                    ]
                },
                {
                    "Plugin": [
                        "Reglas de búsqueda activadas para el Script",
                        "50000",
                        "release",
                        "Pending",
                        "0",
                        "0",
                        "0"
                    ]
                },
                {
                    "Plugin": [
                        "Source Code Disclosure - Git ",
                        "41",
                        "beta",
                        "Pending",
                        "0",
                        "0",
                        "0"
                    ]
                },
                {
                    "Plugin": [
                        "Source Code Disclosure - File Inclusion",
                        "43",
                        "beta",
                        "Pending",
                        "0",
                        "0",
                        "0"
                    ]
                },
                {
                    "Plugin": [
                        "Ejecución remota de código - Shell Shock",
                        "10048",
                        "beta",
                        "Pending",
                        "0",
                        "0",
                        "0"
                    ]
                },
                {
                    "Plugin": [
                        "Httpoxy - Proxy Header Misuse",
                        "10107",
                        "beta",
                        "Pending",
                        "0",
                        "0",
                        "0"
                    ]
                },
                {
                    "Plugin": [
                        "Anti-CSRF Tokens Check",
                        "20012",
                        "beta",
                        "Pending",
                        "0",
                        "0",
                        "0"
                    ]
                },
                {
                    "Plugin": [
                        "Vulnerabilidades de OpenSLL HeartBleed",
                        "20015",
                        "beta",
                        "Pending",
                        "0",
                        "0",
                        "0"
                    ]
                },
                {
                    "Plugin": [
                        "Desconfiguración de Dominio cruzado",
                        "20016",
                        "beta",
                        "Pending",
                        "0",
                        "0",
                        "0"
                    ]
                },
                {
                    "Plugin": [
                        "Divulgación del código fuente - CVE-2012-1823",
                        "20017",
                        "beta",
                        "Pending",
                        "0",
                        "0",
                        "0"
                    ]
                },
                {
                    "Plugin": [
                        "Ejecución remota de código - CVE-2012-1823",
                        "20018",
                        "beta",
                        "Pending",
                        "0",
                        "0",
                        "0"
                    ]
                },
                {
                    "Plugin": [
                        "Fijación de Sesión",
                        "40013",
                        "beta",
                        "Pending",
                        "0",
                        "0",
                        "0"
                    ]
                },
                {
                    "Plugin": [
                        "Inyección SQL - MySQL",
                        "40019",
                        "beta",
                        "Pending",
                        "0",
                        "0",
                        "0"
                    ]
                },
                {
                    "Plugin": [
                        "Inyección SQL - SQL hipersónico",
                        "40020",
                        "beta",
                        "Pending",
                        "0",
                        "0",
                        "0"
                    ]
                },
                {
                    "Plugin": [
                        "Inyección SQL - Oráculo",
                        "40021",
                        "beta",
                        "Pending",
                        "0",
                        "0",
                        "0"
                    ]
                },
                {
                    "Plugin": [
                        "Inyección SQL - PostgreSQL",
                        "40022",
                        "beta",
                        "Pending",
                        "0",
                        "0",
                        "0"
                    ]
                },
                {
                    "Plugin": [
                        "SQL Injection - SQLite",
                        "40024",
                        "beta",
                        "Pending",
                        "0",
                        "0",
                        "0"
                    ]
                },
                {
                    "Plugin": [
                        "SQL Injection - MsSQL",
                        "40027",
                        "beta",
                        "Pending",
                        "0",
                        "0",
                        "0"
                    ]
                },
                {
                    "Plugin": [
                        "XPath Injection",
                        "90021",
                        "beta",
                        "Pending",
                        "0",
                        "0",
                        "0"
                    ]
                },
                {
                    "Plugin": [
                        "XML External Entity Attack",
                        "90023",
                        "beta",
                        "Pending",
                        "0",
                        "0",
                        "0"
                    ]
                },
                {
                    "Plugin": [
                        "Relleno genérico del Oráculo",
                        "90024",
                        "beta",
                        "Pending",
                        "0",
                        "0",
                        "0"
                    ]
                },
                {
                    "Plugin": [
                        "Inyección Expresión de Lenguaje",
                        "90025",
                        "beta",
                        "Pending",
                        "0",
                        "0",
                        "0"
                    ]
                },
                {
                    "Plugin": [
                        "Divulgación del código fuente - SVN",
                        "42",
                        "beta",
                        "Pending",
                        "0",
                        "0",
                        "0"
                    ]
                },
                {
                    "Plugin": [
                        "Relative Path Confusion",
                        "10051",
                        "beta",
                        "Pending",
                        "0",
                        "0",
                        "0"
                    ]
                },
                {
                    "Plugin": [
                        "Apache Range Header DoS (CVE-2011-3192)",
                        "10053",
                        "beta",
                        "Pending",
                        "0",
                        "0",
                        "0"
                    ]
                },
                {
                    "Plugin": [
                        "Divulgación del archivo de respaldo",
                        "10095",
                        "beta",
                        "Pending",
                        "0",
                        "0",
                        "0"
                    ]
                },
                {
                    "Plugin": [
                        "HTTP Only Site",
                        "10106",
                        "beta",
                        "Pending",
                        "0",
                        "0",
                        "0"
                    ]
                },
                {
                    "Plugin": [
                        "Falla de desbordamiento de enteros",
                        "30003",
                        "beta",
                        "Pending",
                        "0",
                        "0",
                        "0"
                    ]
                },
                {
                    "Plugin": [
                        "Proxy Disclosure",
                        "40025",
                        "beta",
                        "Pending",
                        "0",
                        "0",
                        "0"
                    ]
                },
                {
                    "Plugin": [
                        "ELMAH Information Leak",
                        "40028",
                        "beta",
                        "Pending",
                        "0",
                        "0",
                        "0"
                    ]
                },
                {
                    "Plugin": [
                        "Trace.axd Information Leak",
                        "40029",
                        "beta",
                        "Pending",
                        "0",
                        "0",
                        "0"
                    ]
                },
                {
                    "Plugin": [
                        ".htaccess Information Leak",
                        "40032",
                        "beta",
                        "Pending",
                        "0",
                        "0",
                        "0"
                    ]
                },
                {
                    "Plugin": [
                        "Método HTTP inseguro",
                        "90028",
                        "beta",
                        "Pending",
                        "0",
                        "0",
                        "0"
                    ]
                },
                {
                    "Plugin": [
                        "HTTPS Content Available via HTTP",
                        "10047",
                        "beta",
                        "Pending",
                        "0",
                        "0",
                        "0"
                    ]
                },
                {
                    "Plugin": [
                        "GET for POST",
                        "10058",
                        "beta",
                        "Pending",
                        "0",
                        "0",
                        "0"
                    ]
                },
                {
                    "Plugin": [
                        "User Agent Fuzzer",
                        "10104",
                        "beta",
                        "Pending",
                        "0",
                        "0",
                        "0"
                    ]
                },
                {
                    "Plugin": [
                        "Escáner de infección por el parámetro HTTP",
                        "20014",
                        "beta",
                        "Pending",
                        "0",
                        "0",
                        "0"
                    ]
                },
                {
                    "Plugin": [
                        "Posible enumeración de nombre de usuario",
                        "40023",
                        "beta",
                        "Pending",
                        "0",
                        "0",
                        "0"
                    ]
                },
                {
                    "Plugin": [
                        "Cookie Slack Detector",
                        "90027",
                        "beta",
                        "Pending",
                        "0",
                        "0",
                        "0"
                    ]
                }
            ]
        }
    ]
}
OWASP Status : 29 %
{
    "scanProgress": [
        "http://todo.ly",
        {
            "HostProcess": [
                {
                    "Plugin": [
                        "Path Traversal",
                        "6",
                        "release",
                        "Complete",
                        "36468",
                        "150",
                        "0"
                    ]
                },
                {
                    "Plugin": [
                        "Remote File Inclusion",
                        "7",
                        "release",
                        "Complete",
                        "24501",
                        "90",
                        "0"
                    ]
                },
                {
                    "Plugin": [
                        "Source Code Disclosure - /WEB-INF folder",
                        "10045",
                        "release",
                        "Complete",
                        "1870",
                        "8",
                        "0"
                    ]
                },
                {
                    "Plugin": [
                        "External Redirect",
                        "20019",
                        "release",
                        "Complete",
                        "23503",
                        "81",
                        "0"
                    ]
                },
                {
                    "Plugin": [
                        "Server Side Include",
                        "40009",
                        "release",
                        "Complete",
                        "15675",
                        "36",
                        "0"
                    ]
                },
                {
                    "Plugin": [
                        "Cross Site Scripting (Reflected)",
                        "40012",
                        "release",
                        "Complete",
                        "15446",
                        "36",
                        "0"
                    ]
                },
                {
                    "Plugin": [
                        "Cross Site Scripting (Persistent) - Prime",
                        "40016",
                        "release",
                        "Complete",
                        "11307",
                        "9",
                        "0"
                    ]
                },
                {
                    "Plugin": [
                        "Cross Site Scripting (Persistent) - Spider",
                        "40017",
                        "release",
                        "Complete",
                        "24202",
                        "114",
                        "0"
                    ]
                },
                {
                    "Plugin": [
                        "Cross Site Scripting (Persistent)",
                        "40014",
                        "release",
                        "Complete",
                        "9168",
                        "0",
                        "0"
                    ]
                },
                {
                    "Plugin": [
                        "SQL Injection",
                        "40018",
                        "release",
                        "Complete",
                        "53560",
                        "242",
                        "0"
                    ]
                },
                {
                    "Plugin": [
                        "Server Side Code Injection",
                        "90019",
                        "release",
                        "Complete",
                        "20869",
                        "72",
                        "0"
                    ]
                },
                {
                    "Plugin": [
                        "Remote OS Command Injection",
                        "90020",
                        "release",
                        "Complete",
                        "55836",
                        "288",
                        "0"
                    ]
                },
                {
                    "Plugin": [
                        "Directory Browsing",
                        "0",
                        "release",
                        "Complete",
                        "23864",
                        "114",
                        "0"
                    ]
                },
                {
                    "Plugin": [
                        "Buffer Overflow",
                        "30001",
                        "release",
                        "Complete",
                        "12382",
                        "9",
                        "0"
                    ]
                },
                {
                    "Plugin": [
                        "Error de formato de cadena",
                        "30002",
                        "release",
                        "Complete",
                        "15100",
                        "23",
                        "0"
                    ]
                },
                {
                    "Plugin": [
                        "CRLF Injection",
                        "40003",
                        "release",
                        "98%",
                        "15112",
                        "40",
                        "0"
                    ]
                },
                {
                    "Plugin": [
                        "Parameter Tampering",
                        "40008",
                        "release",
                        "Pending",
                        "0",
                        "0",
                        "0"
                    ]
                },
                {
                    "Plugin": [
                        "Reglas de búsqueda activadas para el Script",
                        "50000",
                        "release",
                        "Pending",
                        "0",
                        "0",
                        "0"
                    ]
                },
                {
                    "Plugin": [
                        "Source Code Disclosure - Git ",
                        "41",
                        "beta",
                        "Pending",
                        "0",
                        "0",
                        "0"
                    ]
                },
                {
                    "Plugin": [
                        "Source Code Disclosure - File Inclusion",
                        "43",
                        "beta",
                        "Pending",
                        "0",
                        "0",
                        "0"
                    ]
                },
                {
                    "Plugin": [
                        "Ejecución remota de código - Shell Shock",
                        "10048",
                        "beta",
                        "Pending",
                        "0",
                        "0",
                        "0"
                    ]
                },
                {
                    "Plugin": [
                        "Httpoxy - Proxy Header Misuse",
                        "10107",
                        "beta",
                        "Pending",
                        "0",
                        "0",
                        "0"
                    ]
                },
                {
                    "Plugin": [
                        "Anti-CSRF Tokens Check",
                        "20012",
                        "beta",
                        "Pending",
                        "0",
                        "0",
                        "0"
                    ]
                },
                {
                    "Plugin": [
                        "Vulnerabilidades de OpenSLL HeartBleed",
                        "20015",
                        "beta",
                        "Pending",
                        "0",
                        "0",
                        "0"
                    ]
                },
                {
                    "Plugin": [
                        "Desconfiguración de Dominio cruzado",
                        "20016",
                        "beta",
                        "Pending",
                        "0",
                        "0",
                        "0"
                    ]
                },
                {
                    "Plugin": [
                        "Divulgación del código fuente - CVE-2012-1823",
                        "20017",
                        "beta",
                        "Pending",
                        "0",
                        "0",
                        "0"
                    ]
                },
                {
                    "Plugin": [
                        "Ejecución remota de código - CVE-2012-1823",
                        "20018",
                        "beta",
                        "Pending",
                        "0",
                        "0",
                        "0"
                    ]
                },
                {
                    "Plugin": [
                        "Fijación de Sesión",
                        "40013",
                        "beta",
                        "Pending",
                        "0",
                        "0",
                        "0"
                    ]
                },
                {
                    "Plugin": [
                        "Inyección SQL - MySQL",
                        "40019",
                        "beta",
                        "Pending",
                        "0",
                        "0",
                        "0"
                    ]
                },
                {
                    "Plugin": [
                        "Inyección SQL - SQL hipersónico",
                        "40020",
                        "beta",
                        "Pending",
                        "0",
                        "0",
                        "0"
                    ]
                },
                {
                    "Plugin": [
                        "Inyección SQL - Oráculo",
                        "40021",
                        "beta",
                        "Pending",
                        "0",
                        "0",
                        "0"
                    ]
                },
                {
                    "Plugin": [
                        "Inyección SQL - PostgreSQL",
                        "40022",
                        "beta",
                        "Pending",
                        "0",
                        "0",
                        "0"
                    ]
                },
                {
                    "Plugin": [
                        "SQL Injection - SQLite",
                        "40024",
                        "beta",
                        "Pending",
                        "0",
                        "0",
                        "0"
                    ]
                },
                {
                    "Plugin": [
                        "SQL Injection - MsSQL",
                        "40027",
                        "beta",
                        "Pending",
                        "0",
                        "0",
                        "0"
                    ]
                },
                {
                    "Plugin": [
                        "XPath Injection",
                        "90021",
                        "beta",
                        "Pending",
                        "0",
                        "0",
                        "0"
                    ]
                },
                {
                    "Plugin": [
                        "XML External Entity Attack",
                        "90023",
                        "beta",
                        "Pending",
                        "0",
                        "0",
                        "0"
                    ]
                },
                {
                    "Plugin": [
                        "Relleno genérico del Oráculo",
                        "90024",
                        "beta",
                        "Pending",
                        "0",
                        "0",
                        "0"
                    ]
                },
                {
                    "Plugin": [
                        "Inyección Expresión de Lenguaje",
                        "90025",
                        "beta",
                        "Pending",
                        "0",
                        "0",
                        "0"
                    ]
                },
                {
                    "Plugin": [
                        "Divulgación del código fuente - SVN",
                        "42",
                        "beta",
                        "Pending",
                        "0",
                        "0",
                        "0"
                    ]
                },
                {
                    "Plugin": [
                        "Relative Path Confusion",
                        "10051",
                        "beta",
                        "Pending",
                        "0",
                        "0",
                        "0"
                    ]
                },
                {
                    "Plugin": [
                        "Apache Range Header DoS (CVE-2011-3192)",
                        "10053",
                        "beta",
                        "Pending",
                        "0",
                        "0",
                        "0"
                    ]
                },
                {
                    "Plugin": [
                        "Divulgación del archivo de respaldo",
                        "10095",
                        "beta",
                        "Pending",
                        "0",
                        "0",
                        "0"
                    ]
                },
                {
                    "Plugin": [
                        "HTTP Only Site",
                        "10106",
                        "beta",
                        "Pending",
                        "0",
                        "0",
                        "0"
                    ]
                },
                {
                    "Plugin": [
                        "Falla de desbordamiento de enteros",
                        "30003",
                        "beta",
                        "Pending",
                        "0",
                        "0",
                        "0"
                    ]
                },
                {
                    "Plugin": [
                        "Proxy Disclosure",
                        "40025",
                        "beta",
                        "Pending",
                        "0",
                        "0",
                        "0"
                    ]
                },
                {
                    "Plugin": [
                        "ELMAH Information Leak",
                        "40028",
                        "beta",
                        "Pending",
                        "0",
                        "0",
                        "0"
                    ]
                },
                {
                    "Plugin": [
                        "Trace.axd Information Leak",
                        "40029",
                        "beta",
                        "Pending",
                        "0",
                        "0",
                        "0"
                    ]
                },
                {
                    "Plugin": [
                        ".htaccess Information Leak",
                        "40032",
                        "beta",
                        "Pending",
                        "0",
                        "0",
                        "0"
                    ]
                },
                {
                    "Plugin": [
                        "Método HTTP inseguro",
                        "90028",
                        "beta",
                        "Pending",
                        "0",
                        "0",
                        "0"
                    ]
                },
                {
                    "Plugin": [
                        "HTTPS Content Available via HTTP",
                        "10047",
                        "beta",
                        "Pending",
                        "0",
                        "0",
                        "0"
                    ]
                },
                {
                    "Plugin": [
                        "GET for POST",
                        "10058",
                        "beta",
                        "Pending",
                        "0",
                        "0",
                        "0"
                    ]
                },
                {
                    "Plugin": [
                        "User Agent Fuzzer",
                        "10104",
                        "beta",
                        "Pending",
                        "0",
                        "0",
                        "0"
                    ]
                },
                {
                    "Plugin": [
                        "Escáner de infección por el parámetro HTTP",
                        "20014",
                        "beta",
                        "Pending",
                        "0",
                        "0",
                        "0"
                    ]
                },
                {
                    "Plugin": [
                        "Posible enumeración de nombre de usuario",
                        "40023",
                        "beta",
                        "Pending",
                        "0",
                        "0",
                        "0"
                    ]
                },
                {
                    "Plugin": [
                        "Cookie Slack Detector",
                        "90027",
                        "beta",
                        "Pending",
                        "0",
                        "0",
                        "0"
                    ]
                }
            ]
        }
    ]
}
OWASP Status : 33 %
{
    "scanProgress": [
        "http://todo.ly",
        {
            "HostProcess": [
                {
                    "Plugin": [
                        "Path Traversal",
                        "6",
                        "release",
                        "Complete",
                        "36468",
                        "150",
                        "0"
                    ]
                },
                {
                    "Plugin": [
                        "Remote File Inclusion",
                        "7",
                        "release",
                        "Complete",
                        "24501",
                        "90",
                        "0"
                    ]
                },
                {
                    "Plugin": [
                        "Source Code Disclosure - /WEB-INF folder",
                        "10045",
                        "release",
                        "Complete",
                        "1870",
                        "8",
                        "0"
                    ]
                },
                {
                    "Plugin": [
                        "External Redirect",
                        "20019",
                        "release",
                        "Complete",
                        "23503",
                        "81",
                        "0"
                    ]
                },
                {
                    "Plugin": [
                        "Server Side Include",
                        "40009",
                        "release",
                        "Complete",
                        "15675",
                        "36",
                        "0"
                    ]
                },
                {
                    "Plugin": [
                        "Cross Site Scripting (Reflected)",
                        "40012",
                        "release",
                        "Complete",
                        "15446",
                        "36",
                        "0"
                    ]
                },
                {
                    "Plugin": [
                        "Cross Site Scripting (Persistent) - Prime",
                        "40016",
                        "release",
                        "Complete",
                        "11307",
                        "9",
                        "0"
                    ]
                },
                {
                    "Plugin": [
                        "Cross Site Scripting (Persistent) - Spider",
                        "40017",
                        "release",
                        "Complete",
                        "24202",
                        "114",
                        "0"
                    ]
                },
                {
                    "Plugin": [
                        "Cross Site Scripting (Persistent)",
                        "40014",
                        "release",
                        "Complete",
                        "9168",
                        "0",
                        "0"
                    ]
                },
                {
                    "Plugin": [
                        "SQL Injection",
                        "40018",
                        "release",
                        "Complete",
                        "53560",
                        "242",
                        "0"
                    ]
                },
                {
                    "Plugin": [
                        "Server Side Code Injection",
                        "90019",
                        "release",
                        "Complete",
                        "20869",
                        "72",
                        "0"
                    ]
                },
                {
                    "Plugin": [
                        "Remote OS Command Injection",
                        "90020",
                        "release",
                        "Complete",
                        "55836",
                        "288",
                        "0"
                    ]
                },
                {
                    "Plugin": [
                        "Directory Browsing",
                        "0",
                        "release",
                        "Complete",
                        "23864",
                        "114",
                        "0"
                    ]
                },
                {
                    "Plugin": [
                        "Buffer Overflow",
                        "30001",
                        "release",
                        "Complete",
                        "12382",
                        "9",
                        "0"
                    ]
                },
                {
                    "Plugin": [
                        "Error de formato de cadena",
                        "30002",
                        "release",
                        "Complete",
                        "15100",
                        "23",
                        "0"
                    ]
                },
                {
                    "Plugin": [
                        "CRLF Injection",
                        "40003",
                        "release",
                        "Complete",
                        "20173",
                        "63",
                        "0"
                    ]
                },
                {
                    "Plugin": [
                        "Parameter Tampering",
                        "40008",
                        "release",
                        "Complete",
                        "20858",
                        "63",
                        "0"
                    ]
                },
                {
                    "Plugin": [
                        "Reglas de búsqueda activadas para el Script",
                        "50000",
                        "release",
                        "Salteado, sin scripts habilitados.",
                        "2",
                        "0",
                        "0"
                    ]
                },
                {
                    "Plugin": [
                        "Source Code Disclosure - Git ",
                        "41",
                        "beta",
                        "55%",
                        "4137",
                        "0",
                        "0"
                    ]
                },
                {
                    "Plugin": [
                        "Source Code Disclosure - File Inclusion",
                        "43",
                        "beta",
                        "Pending",
                        "0",
                        "0",
                        "0"
                    ]
                },
                {
                    "Plugin": [
                        "Ejecución remota de código - Shell Shock",
                        "10048",
                        "beta",
                        "Pending",
                        "0",
                        "0",
                        "0"
                    ]
                },
                {
                    "Plugin": [
                        "Httpoxy - Proxy Header Misuse",
                        "10107",
                        "beta",
                        "Pending",
                        "0",
                        "0",
                        "0"
                    ]
                },
                {
                    "Plugin": [
                        "Anti-CSRF Tokens Check",
                        "20012",
                        "beta",
                        "Pending",
                        "0",
                        "0",
                        "0"
                    ]
                },
                {
                    "Plugin": [
                        "Vulnerabilidades de OpenSLL HeartBleed",
                        "20015",
                        "beta",
                        "Pending",
                        "0",
                        "0",
                        "0"
                    ]
                },
                {
                    "Plugin": [
                        "Desconfiguración de Dominio cruzado",
                        "20016",
                        "beta",
                        "Pending",
                        "0",
                        "0",
                        "0"
                    ]
                },
                {
                    "Plugin": [
                        "Divulgación del código fuente - CVE-2012-1823",
                        "20017",
                        "beta",
                        "Pending",
                        "0",
                        "0",
                        "0"
                    ]
                },
                {
                    "Plugin": [
                        "Ejecución remota de código - CVE-2012-1823",
                        "20018",
                        "beta",
                        "Pending",
                        "0",
                        "0",
                        "0"
                    ]
                },
                {
                    "Plugin": [
                        "Fijación de Sesión",
                        "40013",
                        "beta",
                        "Pending",
                        "0",
                        "0",
                        "0"
                    ]
                },
                {
                    "Plugin": [
                        "Inyección SQL - MySQL",
                        "40019",
                        "beta",
                        "Pending",
                        "0",
                        "0",
                        "0"
                    ]
                },
                {
                    "Plugin": [
                        "Inyección SQL - SQL hipersónico",
                        "40020",
                        "beta",
                        "Pending",
                        "0",
                        "0",
                        "0"
                    ]
                },
                {
                    "Plugin": [
                        "Inyección SQL - Oráculo",
                        "40021",
                        "beta",
                        "Pending",
                        "0",
                        "0",
                        "0"
                    ]
                },
                {
                    "Plugin": [
                        "Inyección SQL - PostgreSQL",
                        "40022",
                        "beta",
                        "Pending",
                        "0",
                        "0",
                        "0"
                    ]
                },
                {
                    "Plugin": [
                        "SQL Injection - SQLite",
                        "40024",
                        "beta",
                        "Pending",
                        "0",
                        "0",
                        "0"
                    ]
                },
                {
                    "Plugin": [
                        "SQL Injection - MsSQL",
                        "40027",
                        "beta",
                        "Pending",
                        "0",
                        "0",
                        "0"
                    ]
                },
                {
                    "Plugin": [
                        "XPath Injection",
                        "90021",
                        "beta",
                        "Pending",
                        "0",
                        "0",
                        "0"
                    ]
                },
                {
                    "Plugin": [
                        "XML External Entity Attack",
                        "90023",
                        "beta",
                        "Pending",
                        "0",
                        "0",
                        "0"
                    ]
                },
                {
                    "Plugin": [
                        "Relleno genérico del Oráculo",
                        "90024",
                        "beta",
                        "Pending",
                        "0",
                        "0",
                        "0"
                    ]
                },
                {
                    "Plugin": [
                        "Inyección Expresión de Lenguaje",
                        "90025",
                        "beta",
                        "Pending",
                        "0",
                        "0",
                        "0"
                    ]
                },
                {
                    "Plugin": [
                        "Divulgación del código fuente - SVN",
                        "42",
                        "beta",
                        "Pending",
                        "0",
                        "0",
                        "0"
                    ]
                },
                {
                    "Plugin": [
                        "Relative Path Confusion",
                        "10051",
                        "beta",
                        "Pending",
                        "0",
                        "0",
                        "0"
                    ]
                },
                {
                    "Plugin": [
                        "Apache Range Header DoS (CVE-2011-3192)",
                        "10053",
                        "beta",
                        "Pending",
                        "0",
                        "0",
                        "0"
                    ]
                },
                {
                    "Plugin": [
                        "Divulgación del archivo de respaldo",
                        "10095",
                        "beta",
                        "Pending",
                        "0",
                        "0",
                        "0"
                    ]
                },
                {
                    "Plugin": [
                        "HTTP Only Site",
                        "10106",
                        "beta",
                        "Pending",
                        "0",
                        "0",
                        "0"
                    ]
                },
                {
                    "Plugin": [
                        "Falla de desbordamiento de enteros",
                        "30003",
                        "beta",
                        "Pending",
                        "0",
                        "0",
                        "0"
                    ]
                },
                {
                    "Plugin": [
                        "Proxy Disclosure",
                        "40025",
                        "beta",
                        "Pending",
                        "0",
                        "0",
                        "0"
                    ]
                },
                {
                    "Plugin": [
                        "ELMAH Information Leak",
                        "40028",
                        "beta",
                        "Pending",
                        "0",
                        "0",
                        "0"
                    ]
                },
                {
                    "Plugin": [
                        "Trace.axd Information Leak",
                        "40029",
                        "beta",
                        "Pending",
                        "0",
                        "0",
                        "0"
                    ]
                },
                {
                    "Plugin": [
                        ".htaccess Information Leak",
                        "40032",
                        "beta",
                        "Pending",
                        "0",
                        "0",
                        "0"
                    ]
                },
                {
                    "Plugin": [
                        "Método HTTP inseguro",
                        "90028",
                        "beta",
                        "Pending",
                        "0",
                        "0",
                        "0"
                    ]
                },
                {
                    "Plugin": [
                        "HTTPS Content Available via HTTP",
                        "10047",
                        "beta",
                        "Pending",
                        "0",
                        "0",
                        "0"
                    ]
                },
                {
                    "Plugin": [
                        "GET for POST",
                        "10058",
                        "beta",
                        "Pending",
                        "0",
                        "0",
                        "0"
                    ]
                },
                {
                    "Plugin": [
                        "User Agent Fuzzer",
                        "10104",
                        "beta",
                        "Pending",
                        "0",
                        "0",
                        "0"
                    ]
                },
                {
                    "Plugin": [
                        "Escáner de infección por el parámetro HTTP",
                        "20014",
                        "beta",
                        "Pending",
                        "0",
                        "0",
                        "0"
                    ]
                },
                {
                    "Plugin": [
                        "Posible enumeración de nombre de usuario",
                        "40023",
                        "beta",
                        "Pending",
                        "0",
                        "0",
                        "0"
                    ]
                },
                {
                    "Plugin": [
                        "Cookie Slack Detector",
                        "90027",
                        "beta",
                        "Pending",
                        "0",
                        "0",
                        "0"
                    ]
                }
            ]
        }
    ]
}
OWASP Status : 35 %
{
    "scanProgress": [
        "http://todo.ly",
        {
            "HostProcess": [
                {
                    "Plugin": [
                        "Path Traversal",
                        "6",
                        "release",
                        "Complete",
                        "36468",
                        "150",
                        "0"
                    ]
                },
                {
                    "Plugin": [
                        "Remote File Inclusion",
                        "7",
                        "release",
                        "Complete",
                        "24501",
                        "90",
                        "0"
                    ]
                },
                {
                    "Plugin": [
                        "Source Code Disclosure - /WEB-INF folder",
                        "10045",
                        "release",
                        "Complete",
                        "1870",
                        "8",
                        "0"
                    ]
                },
                {
                    "Plugin": [
                        "External Redirect",
                        "20019",
                        "release",
                        "Complete",
                        "23503",
                        "81",
                        "0"
                    ]
                },
                {
                    "Plugin": [
                        "Server Side Include",
                        "40009",
                        "release",
                        "Complete",
                        "15675",
                        "36",
                        "0"
                    ]
                },
                {
                    "Plugin": [
                        "Cross Site Scripting (Reflected)",
                        "40012",
                        "release",
                        "Complete",
                        "15446",
                        "36",
                        "0"
                    ]
                },
                {
                    "Plugin": [
                        "Cross Site Scripting (Persistent) - Prime",
                        "40016",
                        "release",
                        "Complete",
                        "11307",
                        "9",
                        "0"
                    ]
                },
                {
                    "Plugin": [
                        "Cross Site Scripting (Persistent) - Spider",
                        "40017",
                        "release",
                        "Complete",
                        "24202",
                        "114",
                        "0"
                    ]
                },
                {
                    "Plugin": [
                        "Cross Site Scripting (Persistent)",
                        "40014",
                        "release",
                        "Complete",
                        "9168",
                        "0",
                        "0"
                    ]
                },
                {
                    "Plugin": [
                        "SQL Injection",
                        "40018",
                        "release",
                        "Complete",
                        "53560",
                        "242",
                        "0"
                    ]
                },
                {
                    "Plugin": [
                        "Server Side Code Injection",
                        "90019",
                        "release",
                        "Complete",
                        "20869",
                        "72",
                        "0"
                    ]
                },
                {
                    "Plugin": [
                        "Remote OS Command Injection",
                        "90020",
                        "release",
                        "Complete",
                        "55836",
                        "288",
                        "0"
                    ]
                },
                {
                    "Plugin": [
                        "Directory Browsing",
                        "0",
                        "release",
                        "Complete",
                        "23864",
                        "114",
                        "0"
                    ]
                },
                {
                    "Plugin": [
                        "Buffer Overflow",
                        "30001",
                        "release",
                        "Complete",
                        "12382",
                        "9",
                        "0"
                    ]
                },
                {
                    "Plugin": [
                        "Error de formato de cadena",
                        "30002",
                        "release",
                        "Complete",
                        "15100",
                        "23",
                        "0"
                    ]
                },
                {
                    "Plugin": [
                        "CRLF Injection",
                        "40003",
                        "release",
                        "Complete",
                        "20173",
                        "63",
                        "0"
                    ]
                },
                {
                    "Plugin": [
                        "Parameter Tampering",
                        "40008",
                        "release",
                        "Complete",
                        "20858",
                        "63",
                        "0"
                    ]
                },
                {
                    "Plugin": [
                        "Reglas de búsqueda activadas para el Script",
                        "50000",
                        "release",
                        "Salteado, sin scripts habilitados.",
                        "2",
                        "0",
                        "0"
                    ]
                },
                {
                    "Plugin": [
                        "Source Code Disclosure - Git ",
                        "41",
                        "beta",
                        "Complete",
                        "6660",
                        "0",
                        "0"
                    ]
                },
                {
                    "Plugin": [
                        "Source Code Disclosure - File Inclusion",
                        "43",
                        "beta",
                        "79%",
                        "168765",
                        "32",
                        "0"
                    ]
                },
                {
                    "Plugin": [
                        "Ejecución remota de código - Shell Shock",
                        "10048",
                        "beta",
                        "Pending",
                        "0",
                        "0",
                        "0"
                    ]
                },
                {
                    "Plugin": [
                        "Httpoxy - Proxy Header Misuse",
                        "10107",
                        "beta",
                        "Pending",
                        "0",
                        "0",
                        "0"
                    ]
                },
                {
                    "Plugin": [
                        "Anti-CSRF Tokens Check",
                        "20012",
                        "beta",
                        "Pending",
                        "0",
                        "0",
                        "0"
                    ]
                },
                {
                    "Plugin": [
                        "Vulnerabilidades de OpenSLL HeartBleed",
                        "20015",
                        "beta",
                        "Pending",
                        "0",
                        "0",
                        "0"
                    ]
                },
                {
                    "Plugin": [
                        "Desconfiguración de Dominio cruzado",
                        "20016",
                        "beta",
                        "Pending",
                        "0",
                        "0",
                        "0"
                    ]
                },
                {
                    "Plugin": [
                        "Divulgación del código fuente - CVE-2012-1823",
                        "20017",
                        "beta",
                        "Pending",
                        "0",
                        "0",
                        "0"
                    ]
                },
                {
                    "Plugin": [
                        "Ejecución remota de código - CVE-2012-1823",
                        "20018",
                        "beta",
                        "Pending",
                        "0",
                        "0",
                        "0"
                    ]
                },
                {
                    "Plugin": [
                        "Fijación de Sesión",
                        "40013",
                        "beta",
                        "Pending",
                        "0",
                        "0",
                        "0"
                    ]
                },
                {
                    "Plugin": [
                        "Inyección SQL - MySQL",
                        "40019",
                        "beta",
                        "Pending",
                        "0",
                        "0",
                        "0"
                    ]
                },
                {
                    "Plugin": [
                        "Inyección SQL - SQL hipersónico",
                        "40020",
                        "beta",
                        "Pending",
                        "0",
                        "0",
                        "0"
                    ]
                },
                {
                    "Plugin": [
                        "Inyección SQL - Oráculo",
                        "40021",
                        "beta",
                        "Pending",
                        "0",
                        "0",
                        "0"
                    ]
                },
                {
                    "Plugin": [
                        "Inyección SQL - PostgreSQL",
                        "40022",
                        "beta",
                        "Pending",
                        "0",
                        "0",
                        "0"
                    ]
                },
                {
                    "Plugin": [
                        "SQL Injection - SQLite",
                        "40024",
                        "beta",
                        "Pending",
                        "0",
                        "0",
                        "0"
                    ]
                },
                {
                    "Plugin": [
                        "SQL Injection - MsSQL",
                        "40027",
                        "beta",
                        "Pending",
                        "0",
                        "0",
                        "0"
                    ]
                },
                {
                    "Plugin": [
                        "XPath Injection",
                        "90021",
                        "beta",
                        "Pending",
                        "0",
                        "0",
                        "0"
                    ]
                },
                {
                    "Plugin": [
                        "XML External Entity Attack",
                        "90023",
                        "beta",
                        "Pending",
                        "0",
                        "0",
                        "0"
                    ]
                },
                {
                    "Plugin": [
                        "Relleno genérico del Oráculo",
                        "90024",
                        "beta",
                        "Pending",
                        "0",
                        "0",
                        "0"
                    ]
                },
                {
                    "Plugin": [
                        "Inyección Expresión de Lenguaje",
                        "90025",
                        "beta",
                        "Pending",
                        "0",
                        "0",
                        "0"
                    ]
                },
                {
                    "Plugin": [
                        "Divulgación del código fuente - SVN",
                        "42",
                        "beta",
                        "Pending",
                        "0",
                        "0",
                        "0"
                    ]
                },
                {
                    "Plugin": [
                        "Relative Path Confusion",
                        "10051",
                        "beta",
                        "Pending",
                        "0",
                        "0",
                        "0"
                    ]
                },
                {
                    "Plugin": [
                        "Apache Range Header DoS (CVE-2011-3192)",
                        "10053",
                        "beta",
                        "Pending",
                        "0",
                        "0",
                        "0"
                    ]
                },
                {
                    "Plugin": [
                        "Divulgación del archivo de respaldo",
                        "10095",
                        "beta",
                        "Pending",
                        "0",
                        "0",
                        "0"
                    ]
                },
                {
                    "Plugin": [
                        "HTTP Only Site",
                        "10106",
                        "beta",
                        "Pending",
                        "0",
                        "0",
                        "0"
                    ]
                },
                {
                    "Plugin": [
                        "Falla de desbordamiento de enteros",
                        "30003",
                        "beta",
                        "Pending",
                        "0",
                        "0",
                        "0"
                    ]
                },
                {
                    "Plugin": [
                        "Proxy Disclosure",
                        "40025",
                        "beta",
                        "Pending",
                        "0",
                        "0",
                        "0"
                    ]
                },
                {
                    "Plugin": [
                        "ELMAH Information Leak",
                        "40028",
                        "beta",
                        "Pending",
                        "0",
                        "0",
                        "0"
                    ]
                },
                {
                    "Plugin": [
                        "Trace.axd Information Leak",
                        "40029",
                        "beta",
                        "Pending",
                        "0",
                        "0",
                        "0"
                    ]
                },
                {
                    "Plugin": [
                        ".htaccess Information Leak",
                        "40032",
                        "beta",
                        "Pending",
                        "0",
                        "0",
                        "0"
                    ]
                },
                {
                    "Plugin": [
                        "Método HTTP inseguro",
                        "90028",
                        "beta",
                        "Pending",
                        "0",
                        "0",
                        "0"
                    ]
                },
                {
                    "Plugin": [
                        "HTTPS Content Available via HTTP",
                        "10047",
                        "beta",
                        "Pending",
                        "0",
                        "0",
                        "0"
                    ]
                },
                {
                    "Plugin": [
                        "GET for POST",
                        "10058",
                        "beta",
                        "Pending",
                        "0",
                        "0",
                        "0"
                    ]
                },
                {
                    "Plugin": [
                        "User Agent Fuzzer",
                        "10104",
                        "beta",
                        "Pending",
                        "0",
                        "0",
                        "0"
                    ]
                },
                {
                    "Plugin": [
                        "Escáner de infección por el parámetro HTTP",
                        "20014",
                        "beta",
                        "Pending",
                        "0",
                        "0",
                        "0"
                    ]
                },
                {
                    "Plugin": [
                        "Posible enumeración de nombre de usuario",
                        "40023",
                        "beta",
                        "Pending",
                        "0",
                        "0",
                        "0"
                    ]
                },
                {
                    "Plugin": [
                        "Cookie Slack Detector",
                        "90027",
                        "beta",
                        "Pending",
                        "0",
                        "0",
                        "0"
                    ]
                }
            ]
        }
    ]
}
OWASP Status : 36 %
{
    "scanProgress": [
        "http://todo.ly",
        {
            "HostProcess": [
                {
                    "Plugin": [
                        "Path Traversal",
                        "6",
                        "release",
                        "Complete",
                        "36468",
                        "150",
                        "0"
                    ]
                },
                {
                    "Plugin": [
                        "Remote File Inclusion",
                        "7",
                        "release",
                        "Complete",
                        "24501",
                        "90",
                        "0"
                    ]
                },
                {
                    "Plugin": [
                        "Source Code Disclosure - /WEB-INF folder",
                        "10045",
                        "release",
                        "Complete",
                        "1870",
                        "8",
                        "0"
                    ]
                },
                {
                    "Plugin": [
                        "External Redirect",
                        "20019",
                        "release",
                        "Complete",
                        "23503",
                        "81",
                        "0"
                    ]
                },
                {
                    "Plugin": [
                        "Server Side Include",
                        "40009",
                        "release",
                        "Complete",
                        "15675",
                        "36",
                        "0"
                    ]
                },
                {
                    "Plugin": [
                        "Cross Site Scripting (Reflected)",
                        "40012",
                        "release",
                        "Complete",
                        "15446",
                        "36",
                        "0"
                    ]
                },
                {
                    "Plugin": [
                        "Cross Site Scripting (Persistent) - Prime",
                        "40016",
                        "release",
                        "Complete",
                        "11307",
                        "9",
                        "0"
                    ]
                },
                {
                    "Plugin": [
                        "Cross Site Scripting (Persistent) - Spider",
                        "40017",
                        "release",
                        "Complete",
                        "24202",
                        "114",
                        "0"
                    ]
                },
                {
                    "Plugin": [
                        "Cross Site Scripting (Persistent)",
                        "40014",
                        "release",
                        "Complete",
                        "9168",
                        "0",
                        "0"
                    ]
                },
                {
                    "Plugin": [
                        "SQL Injection",
                        "40018",
                        "release",
                        "Complete",
                        "53560",
                        "242",
                        "0"
                    ]
                },
                {
                    "Plugin": [
                        "Server Side Code Injection",
                        "90019",
                        "release",
                        "Complete",
                        "20869",
                        "72",
                        "0"
                    ]
                },
                {
                    "Plugin": [
                        "Remote OS Command Injection",
                        "90020",
                        "release",
                        "Complete",
                        "55836",
                        "288",
                        "0"
                    ]
                },
                {
                    "Plugin": [
                        "Directory Browsing",
                        "0",
                        "release",
                        "Complete",
                        "23864",
                        "114",
                        "0"
                    ]
                },
                {
                    "Plugin": [
                        "Buffer Overflow",
                        "30001",
                        "release",
                        "Complete",
                        "12382",
                        "9",
                        "0"
                    ]
                },
                {
                    "Plugin": [
                        "Error de formato de cadena",
                        "30002",
                        "release",
                        "Complete",
                        "15100",
                        "23",
                        "0"
                    ]
                },
                {
                    "Plugin": [
                        "CRLF Injection",
                        "40003",
                        "release",
                        "Complete",
                        "20173",
                        "63",
                        "0"
                    ]
                },
                {
                    "Plugin": [
                        "Parameter Tampering",
                        "40008",
                        "release",
                        "Complete",
                        "20858",
                        "63",
                        "0"
                    ]
                },
                {
                    "Plugin": [
                        "Reglas de búsqueda activadas para el Script",
                        "50000",
                        "release",
                        "Salteado, sin scripts habilitados.",
                        "2",
                        "0",
                        "0"
                    ]
                },
                {
                    "Plugin": [
                        "Source Code Disclosure - Git ",
                        "41",
                        "beta",
                        "Complete",
                        "6660",
                        "0",
                        "0"
                    ]
                },
                {
                    "Plugin": [
                        "Source Code Disclosure - File Inclusion",
                        "43",
                        "beta",
                        "86%",
                        "199425",
                        "34",
                        "0"
                    ]
                },
                {
                    "Plugin": [
                        "Ejecución remota de código - Shell Shock",
                        "10048",
                        "beta",
                        "Pending",
                        "0",
                        "0",
                        "0"
                    ]
                },
                {
                    "Plugin": [
                        "Httpoxy - Proxy Header Misuse",
                        "10107",
                        "beta",
                        "Pending",
                        "0",
                        "0",
                        "0"
                    ]
                },
                {
                    "Plugin": [
                        "Anti-CSRF Tokens Check",
                        "20012",
                        "beta",
                        "Pending",
                        "0",
                        "0",
                        "0"
                    ]
                },
                {
                    "Plugin": [
                        "Vulnerabilidades de OpenSLL HeartBleed",
                        "20015",
                        "beta",
                        "Pending",
                        "0",
                        "0",
                        "0"
                    ]
                },
                {
                    "Plugin": [
                        "Desconfiguración de Dominio cruzado",
                        "20016",
                        "beta",
                        "Pending",
                        "0",
                        "0",
                        "0"
                    ]
                },
                {
                    "Plugin": [
                        "Divulgación del código fuente - CVE-2012-1823",
                        "20017",
                        "beta",
                        "Pending",
                        "0",
                        "0",
                        "0"
                    ]
                },
                {
                    "Plugin": [
                        "Ejecución remota de código - CVE-2012-1823",
                        "20018",
                        "beta",
                        "Pending",
                        "0",
                        "0",
                        "0"
                    ]
                },
                {
                    "Plugin": [
                        "Fijación de Sesión",
                        "40013",
                        "beta",
                        "Pending",
                        "0",
                        "0",
                        "0"
                    ]
                },
                {
                    "Plugin": [
                        "Inyección SQL - MySQL",
                        "40019",
                        "beta",
                        "Pending",
                        "0",
                        "0",
                        "0"
                    ]
                },
                {
                    "Plugin": [
                        "Inyección SQL - SQL hipersónico",
                        "40020",
                        "beta",
                        "Pending",
                        "0",
                        "0",
                        "0"
                    ]
                },
                {
                    "Plugin": [
                        "Inyección SQL - Oráculo",
                        "40021",
                        "beta",
                        "Pending",
                        "0",
                        "0",
                        "0"
                    ]
                },
                {
                    "Plugin": [
                        "Inyección SQL - PostgreSQL",
                        "40022",
                        "beta",
                        "Pending",
                        "0",
                        "0",
                        "0"
                    ]
                },
                {
                    "Plugin": [
                        "SQL Injection - SQLite",
                        "40024",
                        "beta",
                        "Pending",
                        "0",
                        "0",
                        "0"
                    ]
                },
                {
                    "Plugin": [
                        "SQL Injection - MsSQL",
                        "40027",
                        "beta",
                        "Pending",
                        "0",
                        "0",
                        "0"
                    ]
                },
                {
                    "Plugin": [
                        "XPath Injection",
                        "90021",
                        "beta",
                        "Pending",
                        "0",
                        "0",
                        "0"
                    ]
                },
                {
                    "Plugin": [
                        "XML External Entity Attack",
                        "90023",
                        "beta",
                        "Pending",
                        "0",
                        "0",
                        "0"
                    ]
                },
                {
                    "Plugin": [
                        "Relleno genérico del Oráculo",
                        "90024",
                        "beta",
                        "Pending",
                        "0",
                        "0",
                        "0"
                    ]
                },
                {
                    "Plugin": [
                        "Inyección Expresión de Lenguaje",
                        "90025",
                        "beta",
                        "Pending",
                        "0",
                        "0",
                        "0"
                    ]
                },
                {
                    "Plugin": [
                        "Divulgación del código fuente - SVN",
                        "42",
                        "beta",
                        "Pending",
                        "0",
                        "0",
                        "0"
                    ]
                },
                {
                    "Plugin": [
                        "Relative Path Confusion",
                        "10051",
                        "beta",
                        "Pending",
                        "0",
                        "0",
                        "0"
                    ]
                },
                {
                    "Plugin": [
                        "Apache Range Header DoS (CVE-2011-3192)",
                        "10053",
                        "beta",
                        "Pending",
                        "0",
                        "0",
                        "0"
                    ]
                },
                {
                    "Plugin": [
                        "Divulgación del archivo de respaldo",
                        "10095",
                        "beta",
                        "Pending",
                        "0",
                        "0",
                        "0"
                    ]
                },
                {
                    "Plugin": [
                        "HTTP Only Site",
                        "10106",
                        "beta",
                        "Pending",
                        "0",
                        "0",
                        "0"
                    ]
                },
                {
                    "Plugin": [
                        "Falla de desbordamiento de enteros",
                        "30003",
                        "beta",
                        "Pending",
                        "0",
                        "0",
                        "0"
                    ]
                },
                {
                    "Plugin": [
                        "Proxy Disclosure",
                        "40025",
                        "beta",
                        "Pending",
                        "0",
                        "0",
                        "0"
                    ]
                },
                {
                    "Plugin": [
                        "ELMAH Information Leak",
                        "40028",
                        "beta",
                        "Pending",
                        "0",
                        "0",
                        "0"
                    ]
                },
                {
                    "Plugin": [
                        "Trace.axd Information Leak",
                        "40029",
                        "beta",
                        "Pending",
                        "0",
                        "0",
                        "0"
                    ]
                },
                {
                    "Plugin": [
                        ".htaccess Information Leak",
                        "40032",
                        "beta",
                        "Pending",
                        "0",
                        "0",
                        "0"
                    ]
                },
                {
                    "Plugin": [
                        "Método HTTP inseguro",
                        "90028",
                        "beta",
                        "Pending",
                        "0",
                        "0",
                        "0"
                    ]
                },
                {
                    "Plugin": [
                        "HTTPS Content Available via HTTP",
                        "10047",
                        "beta",
                        "Pending",
                        "0",
                        "0",
                        "0"
                    ]
                },
                {
                    "Plugin": [
                        "GET for POST",
                        "10058",
                        "beta",
                        "Pending",
                        "0",
                        "0",
                        "0"
                    ]
                },
                {
                    "Plugin": [
                        "User Agent Fuzzer",
                        "10104",
                        "beta",
                        "Pending",
                        "0",
                        "0",
                        "0"
                    ]
                },
                {
                    "Plugin": [
                        "Escáner de infección por el parámetro HTTP",
                        "20014",
                        "beta",
                        "Pending",
                        "0",
                        "0",
                        "0"
                    ]
                },
                {
                    "Plugin": [
                        "Posible enumeración de nombre de usuario",
                        "40023",
                        "beta",
                        "Pending",
                        "0",
                        "0",
                        "0"
                    ]
                },
                {
                    "Plugin": [
                        "Cookie Slack Detector",
                        "90027",
                        "beta",
                        "Pending",
                        "0",
                        "0",
                        "0"
                    ]
                }
            ]
        }
    ]
}
OWASP Status : 36 %
{
    "scanProgress": [
        "http://todo.ly",
        {
            "HostProcess": [
                {
                    "Plugin": [
                        "Path Traversal",
                        "6",
                        "release",
                        "Complete",
                        "36468",
                        "150",
                        "0"
                    ]
                },
                {
                    "Plugin": [
                        "Remote File Inclusion",
                        "7",
                        "release",
                        "Complete",
                        "24501",
                        "90",
                        "0"
                    ]
                },
                {
                    "Plugin": [
                        "Source Code Disclosure - /WEB-INF folder",
                        "10045",
                        "release",
                        "Complete",
                        "1870",
                        "8",
                        "0"
                    ]
                },
                {
                    "Plugin": [
                        "External Redirect",
                        "20019",
                        "release",
                        "Complete",
                        "23503",
                        "81",
                        "0"
                    ]
                },
                {
                    "Plugin": [
                        "Server Side Include",
                        "40009",
                        "release",
                        "Complete",
                        "15675",
                        "36",
                        "0"
                    ]
                },
                {
                    "Plugin": [
                        "Cross Site Scripting (Reflected)",
                        "40012",
                        "release",
                        "Complete",
                        "15446",
                        "36",
                        "0"
                    ]
                },
                {
                    "Plugin": [
                        "Cross Site Scripting (Persistent) - Prime",
                        "40016",
                        "release",
                        "Complete",
                        "11307",
                        "9",
                        "0"
                    ]
                },
                {
                    "Plugin": [
                        "Cross Site Scripting (Persistent) - Spider",
                        "40017",
                        "release",
                        "Complete",
                        "24202",
                        "114",
                        "0"
                    ]
                },
                {
                    "Plugin": [
                        "Cross Site Scripting (Persistent)",
                        "40014",
                        "release",
                        "Complete",
                        "9168",
                        "0",
                        "0"
                    ]
                },
                {
                    "Plugin": [
                        "SQL Injection",
                        "40018",
                        "release",
                        "Complete",
                        "53560",
                        "242",
                        "0"
                    ]
                },
                {
                    "Plugin": [
                        "Server Side Code Injection",
                        "90019",
                        "release",
                        "Complete",
                        "20869",
                        "72",
                        "0"
                    ]
                },
                {
                    "Plugin": [
                        "Remote OS Command Injection",
                        "90020",
                        "release",
                        "Complete",
                        "55836",
                        "288",
                        "0"
                    ]
                },
                {
                    "Plugin": [
                        "Directory Browsing",
                        "0",
                        "release",
                        "Complete",
                        "23864",
                        "114",
                        "0"
                    ]
                },
                {
                    "Plugin": [
                        "Buffer Overflow",
                        "30001",
                        "release",
                        "Complete",
                        "12382",
                        "9",
                        "0"
                    ]
                },
                {
                    "Plugin": [
                        "Error de formato de cadena",
                        "30002",
                        "release",
                        "Complete",
                        "15100",
                        "23",
                        "0"
                    ]
                },
                {
                    "Plugin": [
                        "CRLF Injection",
                        "40003",
                        "release",
                        "Complete",
                        "20173",
                        "63",
                        "0"
                    ]
                },
                {
                    "Plugin": [
                        "Parameter Tampering",
                        "40008",
                        "release",
                        "Complete",
                        "20858",
                        "63",
                        "0"
                    ]
                },
                {
                    "Plugin": [
                        "Reglas de búsqueda activadas para el Script",
                        "50000",
                        "release",
                        "Salteado, sin scripts habilitados.",
                        "2",
                        "0",
                        "0"
                    ]
                },
                {
                    "Plugin": [
                        "Source Code Disclosure - Git ",
                        "41",
                        "beta",
                        "Complete",
                        "6660",
                        "0",
                        "0"
                    ]
                },
                {
                    "Plugin": [
                        "Source Code Disclosure - File Inclusion",
                        "43",
                        "beta",
                        "98%",
                        "232168",
                        "38",
                        "0"
                    ]
                },
                {
                    "Plugin": [
                        "Ejecución remota de código - Shell Shock",
                        "10048",
                        "beta",
                        "Pending",
                        "0",
                        "0",
                        "0"
                    ]
                },
                {
                    "Plugin": [
                        "Httpoxy - Proxy Header Misuse",
                        "10107",
                        "beta",
                        "Pending",
                        "0",
                        "0",
                        "0"
                    ]
                },
                {
                    "Plugin": [
                        "Anti-CSRF Tokens Check",
                        "20012",
                        "beta",
                        "Pending",
                        "0",
                        "0",
                        "0"
                    ]
                },
                {
                    "Plugin": [
                        "Vulnerabilidades de OpenSLL HeartBleed",
                        "20015",
                        "beta",
                        "Pending",
                        "0",
                        "0",
                        "0"
                    ]
                },
                {
                    "Plugin": [
                        "Desconfiguración de Dominio cruzado",
                        "20016",
                        "beta",
                        "Pending",
                        "0",
                        "0",
                        "0"
                    ]
                },
                {
                    "Plugin": [
                        "Divulgación del código fuente - CVE-2012-1823",
                        "20017",
                        "beta",
                        "Pending",
                        "0",
                        "0",
                        "0"
                    ]
                },
                {
                    "Plugin": [
                        "Ejecución remota de código - CVE-2012-1823",
                        "20018",
                        "beta",
                        "Pending",
                        "0",
                        "0",
                        "0"
                    ]
                },
                {
                    "Plugin": [
                        "Fijación de Sesión",
                        "40013",
                        "beta",
                        "Pending",
                        "0",
                        "0",
                        "0"
                    ]
                },
                {
                    "Plugin": [
                        "Inyección SQL - MySQL",
                        "40019",
                        "beta",
                        "Pending",
                        "0",
                        "0",
                        "0"
                    ]
                },
                {
                    "Plugin": [
                        "Inyección SQL - SQL hipersónico",
                        "40020",
                        "beta",
                        "Pending",
                        "0",
                        "0",
                        "0"
                    ]
                },
                {
                    "Plugin": [
                        "Inyección SQL - Oráculo",
                        "40021",
                        "beta",
                        "Pending",
                        "0",
                        "0",
                        "0"
                    ]
                },
                {
                    "Plugin": [
                        "Inyección SQL - PostgreSQL",
                        "40022",
                        "beta",
                        "Pending",
                        "0",
                        "0",
                        "0"
                    ]
                },
                {
                    "Plugin": [
                        "SQL Injection - SQLite",
                        "40024",
                        "beta",
                        "Pending",
                        "0",
                        "0",
                        "0"
                    ]
                },
                {
                    "Plugin": [
                        "SQL Injection - MsSQL",
                        "40027",
                        "beta",
                        "Pending",
                        "0",
                        "0",
                        "0"
                    ]
                },
                {
                    "Plugin": [
                        "XPath Injection",
                        "90021",
                        "beta",
                        "Pending",
                        "0",
                        "0",
                        "0"
                    ]
                },
                {
                    "Plugin": [
                        "XML External Entity Attack",
                        "90023",
                        "beta",
                        "Pending",
                        "0",
                        "0",
                        "0"
                    ]
                },
                {
                    "Plugin": [
                        "Relleno genérico del Oráculo",
                        "90024",
                        "beta",
                        "Pending",
                        "0",
                        "0",
                        "0"
                    ]
                },
                {
                    "Plugin": [
                        "Inyección Expresión de Lenguaje",
                        "90025",
                        "beta",
                        "Pending",
                        "0",
                        "0",
                        "0"
                    ]
                },
                {
                    "Plugin": [
                        "Divulgación del código fuente - SVN",
                        "42",
                        "beta",
                        "Pending",
                        "0",
                        "0",
                        "0"
                    ]
                },
                {
                    "Plugin": [
                        "Relative Path Confusion",
                        "10051",
                        "beta",
                        "Pending",
                        "0",
                        "0",
                        "0"
                    ]
                },
                {
                    "Plugin": [
                        "Apache Range Header DoS (CVE-2011-3192)",
                        "10053",
                        "beta",
                        "Pending",
                        "0",
                        "0",
                        "0"
                    ]
                },
                {
                    "Plugin": [
                        "Divulgación del archivo de respaldo",
                        "10095",
                        "beta",
                        "Pending",
                        "0",
                        "0",
                        "0"
                    ]
                },
                {
                    "Plugin": [
                        "HTTP Only Site",
                        "10106",
                        "beta",
                        "Pending",
                        "0",
                        "0",
                        "0"
                    ]
                },
                {
                    "Plugin": [
                        "Falla de desbordamiento de enteros",
                        "30003",
                        "beta",
                        "Pending",
                        "0",
                        "0",
                        "0"
                    ]
                },
                {
                    "Plugin": [
                        "Proxy Disclosure",
                        "40025",
                        "beta",
                        "Pending",
                        "0",
                        "0",
                        "0"
                    ]
                },
                {
                    "Plugin": [
                        "ELMAH Information Leak",
                        "40028",
                        "beta",
                        "Pending",
                        "0",
                        "0",
                        "0"
                    ]
                },
                {
                    "Plugin": [
                        "Trace.axd Information Leak",
                        "40029",
                        "beta",
                        "Pending",
                        "0",
                        "0",
                        "0"
                    ]
                },
                {
                    "Plugin": [
                        ".htaccess Information Leak",
                        "40032",
                        "beta",
                        "Pending",
                        "0",
                        "0",
                        "0"
                    ]
                },
                {
                    "Plugin": [
                        "Método HTTP inseguro",
                        "90028",
                        "beta",
                        "Pending",
                        "0",
                        "0",
                        "0"
                    ]
                },
                {
                    "Plugin": [
                        "HTTPS Content Available via HTTP",
                        "10047",
                        "beta",
                        "Pending",
                        "0",
                        "0",
                        "0"
                    ]
                },
                {
                    "Plugin": [
                        "GET for POST",
                        "10058",
                        "beta",
                        "Pending",
                        "0",
                        "0",
                        "0"
                    ]
                },
                {
                    "Plugin": [
                        "User Agent Fuzzer",
                        "10104",
                        "beta",
                        "Pending",
                        "0",
                        "0",
                        "0"
                    ]
                },
                {
                    "Plugin": [
                        "Escáner de infección por el parámetro HTTP",
                        "20014",
                        "beta",
                        "Pending",
                        "0",
                        "0",
                        "0"
                    ]
                },
                {
                    "Plugin": [
                        "Posible enumeración de nombre de usuario",
                        "40023",
                        "beta",
                        "Pending",
                        "0",
                        "0",
                        "0"
                    ]
                },
                {
                    "Plugin": [
                        "Cookie Slack Detector",
                        "90027",
                        "beta",
                        "Pending",
                        "0",
                        "0",
                        "0"
                    ]
                }
            ]
        }
    ]
}
OWASP Status : 36 %
{
    "scanProgress": [
        "http://todo.ly",
        {
            "HostProcess": [
                {
                    "Plugin": [
                        "Path Traversal",
                        "6",
                        "release",
                        "Complete",
                        "36468",
                        "150",
                        "0"
                    ]
                },
                {
                    "Plugin": [
                        "Remote File Inclusion",
                        "7",
                        "release",
                        "Complete",
                        "24501",
                        "90",
                        "0"
                    ]
                },
                {
                    "Plugin": [
                        "Source Code Disclosure - /WEB-INF folder",
                        "10045",
                        "release",
                        "Complete",
                        "1870",
                        "8",
                        "0"
                    ]
                },
                {
                    "Plugin": [
                        "External Redirect",
                        "20019",
                        "release",
                        "Complete",
                        "23503",
                        "81",
                        "0"
                    ]
                },
                {
                    "Plugin": [
                        "Server Side Include",
                        "40009",
                        "release",
                        "Complete",
                        "15675",
                        "36",
                        "0"
                    ]
                },
                {
                    "Plugin": [
                        "Cross Site Scripting (Reflected)",
                        "40012",
                        "release",
                        "Complete",
                        "15446",
                        "36",
                        "0"
                    ]
                },
                {
                    "Plugin": [
                        "Cross Site Scripting (Persistent) - Prime",
                        "40016",
                        "release",
                        "Complete",
                        "11307",
                        "9",
                        "0"
                    ]
                },
                {
                    "Plugin": [
                        "Cross Site Scripting (Persistent) - Spider",
                        "40017",
                        "release",
                        "Complete",
                        "24202",
                        "114",
                        "0"
                    ]
                },
                {
                    "Plugin": [
                        "Cross Site Scripting (Persistent)",
                        "40014",
                        "release",
                        "Complete",
                        "9168",
                        "0",
                        "0"
                    ]
                },
                {
                    "Plugin": [
                        "SQL Injection",
                        "40018",
                        "release",
                        "Complete",
                        "53560",
                        "242",
                        "0"
                    ]
                },
                {
                    "Plugin": [
                        "Server Side Code Injection",
                        "90019",
                        "release",
                        "Complete",
                        "20869",
                        "72",
                        "0"
                    ]
                },
                {
                    "Plugin": [
                        "Remote OS Command Injection",
                        "90020",
                        "release",
                        "Complete",
                        "55836",
                        "288",
                        "0"
                    ]
                },
                {
                    "Plugin": [
                        "Directory Browsing",
                        "0",
                        "release",
                        "Complete",
                        "23864",
                        "114",
                        "0"
                    ]
                },
                {
                    "Plugin": [
                        "Buffer Overflow",
                        "30001",
                        "release",
                        "Complete",
                        "12382",
                        "9",
                        "0"
                    ]
                },
                {
                    "Plugin": [
                        "Error de formato de cadena",
                        "30002",
                        "release",
                        "Complete",
                        "15100",
                        "23",
                        "0"
                    ]
                },
                {
                    "Plugin": [
                        "CRLF Injection",
                        "40003",
                        "release",
                        "Complete",
                        "20173",
                        "63",
                        "0"
                    ]
                },
                {
                    "Plugin": [
                        "Parameter Tampering",
                        "40008",
                        "release",
                        "Complete",
                        "20858",
                        "63",
                        "0"
                    ]
                },
                {
                    "Plugin": [
                        "Reglas de búsqueda activadas para el Script",
                        "50000",
                        "release",
                        "Salteado, sin scripts habilitados.",
                        "2",
                        "0",
                        "0"
                    ]
                },
                {
                    "Plugin": [
                        "Source Code Disclosure - Git ",
                        "41",
                        "beta",
                        "Complete",
                        "6660",
                        "0",
                        "0"
                    ]
                },
                {
                    "Plugin": [
                        "Source Code Disclosure - File Inclusion",
                        "43",
                        "beta",
                        "99%",
                        "283709",
                        "42",
                        "0"
                    ]
                },
                {
                    "Plugin": [
                        "Ejecución remota de código - Shell Shock",
                        "10048",
                        "beta",
                        "Pending",
                        "0",
                        "0",
                        "0"
                    ]
                },
                {
                    "Plugin": [
                        "Httpoxy - Proxy Header Misuse",
                        "10107",
                        "beta",
                        "Pending",
                        "0",
                        "0",
                        "0"
                    ]
                },
                {
                    "Plugin": [
                        "Anti-CSRF Tokens Check",
                        "20012",
                        "beta",
                        "Pending",
                        "0",
                        "0",
                        "0"
                    ]
                },
                {
                    "Plugin": [
                        "Vulnerabilidades de OpenSLL HeartBleed",
                        "20015",
                        "beta",
                        "Pending",
                        "0",
                        "0",
                        "0"
                    ]
                },
                {
                    "Plugin": [
                        "Desconfiguración de Dominio cruzado",
                        "20016",
                        "beta",
                        "Pending",
                        "0",
                        "0",
                        "0"
                    ]
                },
                {
                    "Plugin": [
                        "Divulgación del código fuente - CVE-2012-1823",
                        "20017",
                        "beta",
                        "Pending",
                        "0",
                        "0",
                        "0"
                    ]
                },
                {
                    "Plugin": [
                        "Ejecución remota de código - CVE-2012-1823",
                        "20018",
                        "beta",
                        "Pending",
                        "0",
                        "0",
                        "0"
                    ]
                },
                {
                    "Plugin": [
                        "Fijación de Sesión",
                        "40013",
                        "beta",
                        "Pending",
                        "0",
                        "0",
                        "0"
                    ]
                },
                {
                    "Plugin": [
                        "Inyección SQL - MySQL",
                        "40019",
                        "beta",
                        "Pending",
                        "0",
                        "0",
                        "0"
                    ]
                },
                {
                    "Plugin": [
                        "Inyección SQL - SQL hipersónico",
                        "40020",
                        "beta",
                        "Pending",
                        "0",
                        "0",
                        "0"
                    ]
                },
                {
                    "Plugin": [
                        "Inyección SQL - Oráculo",
                        "40021",
                        "beta",
                        "Pending",
                        "0",
                        "0",
                        "0"
                    ]
                },
                {
                    "Plugin": [
                        "Inyección SQL - PostgreSQL",
                        "40022",
                        "beta",
                        "Pending",
                        "0",
                        "0",
                        "0"
                    ]
                },
                {
                    "Plugin": [
                        "SQL Injection - SQLite",
                        "40024",
                        "beta",
                        "Pending",
                        "0",
                        "0",
                        "0"
                    ]
                },
                {
                    "Plugin": [
                        "SQL Injection - MsSQL",
                        "40027",
                        "beta",
                        "Pending",
                        "0",
                        "0",
                        "0"
                    ]
                },
                {
                    "Plugin": [
                        "XPath Injection",
                        "90021",
                        "beta",
                        "Pending",
                        "0",
                        "0",
                        "0"
                    ]
                },
                {
                    "Plugin": [
                        "XML External Entity Attack",
                        "90023",
                        "beta",
                        "Pending",
                        "0",
                        "0",
                        "0"
                    ]
                },
                {
                    "Plugin": [
                        "Relleno genérico del Oráculo",
                        "90024",
                        "beta",
                        "Pending",
                        "0",
                        "0",
                        "0"
                    ]
                },
                {
                    "Plugin": [
                        "Inyección Expresión de Lenguaje",
                        "90025",
                        "beta",
                        "Pending",
                        "0",
                        "0",
                        "0"
                    ]
                },
                {
                    "Plugin": [
                        "Divulgación del código fuente - SVN",
                        "42",
                        "beta",
                        "Pending",
                        "0",
                        "0",
                        "0"
                    ]
                },
                {
                    "Plugin": [
                        "Relative Path Confusion",
                        "10051",
                        "beta",
                        "Pending",
                        "0",
                        "0",
                        "0"
                    ]
                },
                {
                    "Plugin": [
                        "Apache Range Header DoS (CVE-2011-3192)",
                        "10053",
                        "beta",
                        "Pending",
                        "0",
                        "0",
                        "0"
                    ]
                },
                {
                    "Plugin": [
                        "Divulgación del archivo de respaldo",
                        "10095",
                        "beta",
                        "Pending",
                        "0",
                        "0",
                        "0"
                    ]
                },
                {
                    "Plugin": [
                        "HTTP Only Site",
                        "10106",
                        "beta",
                        "Pending",
                        "0",
                        "0",
                        "0"
                    ]
                },
                {
                    "Plugin": [
                        "Falla de desbordamiento de enteros",
                        "30003",
                        "beta",
                        "Pending",
                        "0",
                        "0",
                        "0"
                    ]
                },
                {
                    "Plugin": [
                        "Proxy Disclosure",
                        "40025",
                        "beta",
                        "Pending",
                        "0",
                        "0",
                        "0"
                    ]
                },
                {
                    "Plugin": [
                        "ELMAH Information Leak",
                        "40028",
                        "beta",
                        "Pending",
                        "0",
                        "0",
                        "0"
                    ]
                },
                {
                    "Plugin": [
                        "Trace.axd Information Leak",
                        "40029",
                        "beta",
                        "Pending",
                        "0",
                        "0",
                        "0"
                    ]
                },
                {
                    "Plugin": [
                        ".htaccess Information Leak",
                        "40032",
                        "beta",
                        "Pending",
                        "0",
                        "0",
                        "0"
                    ]
                },
                {
                    "Plugin": [
                        "Método HTTP inseguro",
                        "90028",
                        "beta",
                        "Pending",
                        "0",
                        "0",
                        "0"
                    ]
                },
                {
                    "Plugin": [
                        "HTTPS Content Available via HTTP",
                        "10047",
                        "beta",
                        "Pending",
                        "0",
                        "0",
                        "0"
                    ]
                },
                {
                    "Plugin": [
                        "GET for POST",
                        "10058",
                        "beta",
                        "Pending",
                        "0",
                        "0",
                        "0"
                    ]
                },
                {
                    "Plugin": [
                        "User Agent Fuzzer",
                        "10104",
                        "beta",
                        "Pending",
                        "0",
                        "0",
                        "0"
                    ]
                },
                {
                    "Plugin": [
                        "Escáner de infección por el parámetro HTTP",
                        "20014",
                        "beta",
                        "Pending",
                        "0",
                        "0",
                        "0"
                    ]
                },
                {
                    "Plugin": [
                        "Posible enumeración de nombre de usuario",
                        "40023",
                        "beta",
                        "Pending",
                        "0",
                        "0",
                        "0"
                    ]
                },
                {
                    "Plugin": [
                        "Cookie Slack Detector",
                        "90027",
                        "beta",
                        "Pending",
                        "0",
                        "0",
                        "0"
                    ]
                }
            ]
        }
    ]
}
OWASP Status : 36 %
{
    "scanProgress": [
        "http://todo.ly",
        {
            "HostProcess": [
                {
                    "Plugin": [
                        "Path Traversal",
                        "6",
                        "release",
                        "Complete",
                        "36468",
                        "150",
                        "0"
                    ]
                },
                {
                    "Plugin": [
                        "Remote File Inclusion",
                        "7",
                        "release",
                        "Complete",
                        "24501",
                        "90",
                        "0"
                    ]
                },
                {
                    "Plugin": [
                        "Source Code Disclosure - /WEB-INF folder",
                        "10045",
                        "release",
                        "Complete",
                        "1870",
                        "8",
                        "0"
                    ]
                },
                {
                    "Plugin": [
                        "External Redirect",
                        "20019",
                        "release",
                        "Complete",
                        "23503",
                        "81",
                        "0"
                    ]
                },
                {
                    "Plugin": [
                        "Server Side Include",
                        "40009",
                        "release",
                        "Complete",
                        "15675",
                        "36",
                        "0"
                    ]
                },
                {
                    "Plugin": [
                        "Cross Site Scripting (Reflected)",
                        "40012",
                        "release",
                        "Complete",
                        "15446",
                        "36",
                        "0"
                    ]
                },
                {
                    "Plugin": [
                        "Cross Site Scripting (Persistent) - Prime",
                        "40016",
                        "release",
                        "Complete",
                        "11307",
                        "9",
                        "0"
                    ]
                },
                {
                    "Plugin": [
                        "Cross Site Scripting (Persistent) - Spider",
                        "40017",
                        "release",
                        "Complete",
                        "24202",
                        "114",
                        "0"
                    ]
                },
                {
                    "Plugin": [
                        "Cross Site Scripting (Persistent)",
                        "40014",
                        "release",
                        "Complete",
                        "9168",
                        "0",
                        "0"
                    ]
                },
                {
                    "Plugin": [
                        "SQL Injection",
                        "40018",
                        "release",
                        "Complete",
                        "53560",
                        "242",
                        "0"
                    ]
                },
                {
                    "Plugin": [
                        "Server Side Code Injection",
                        "90019",
                        "release",
                        "Complete",
                        "20869",
                        "72",
                        "0"
                    ]
                },
                {
                    "Plugin": [
                        "Remote OS Command Injection",
                        "90020",
                        "release",
                        "Complete",
                        "55836",
                        "288",
                        "0"
                    ]
                },
                {
                    "Plugin": [
                        "Directory Browsing",
                        "0",
                        "release",
                        "Complete",
                        "23864",
                        "114",
                        "0"
                    ]
                },
                {
                    "Plugin": [
                        "Buffer Overflow",
                        "30001",
                        "release",
                        "Complete",
                        "12382",
                        "9",
                        "0"
                    ]
                },
                {
                    "Plugin": [
                        "Error de formato de cadena",
                        "30002",
                        "release",
                        "Complete",
                        "15100",
                        "23",
                        "0"
                    ]
                },
                {
                    "Plugin": [
                        "CRLF Injection",
                        "40003",
                        "release",
                        "Complete",
                        "20173",
                        "63",
                        "0"
                    ]
                },
                {
                    "Plugin": [
                        "Parameter Tampering",
                        "40008",
                        "release",
                        "Complete",
                        "20858",
                        "63",
                        "0"
                    ]
                },
                {
                    "Plugin": [
                        "Reglas de búsqueda activadas para el Script",
                        "50000",
                        "release",
                        "Salteado, sin scripts habilitados.",
                        "2",
                        "0",
                        "0"
                    ]
                },
                {
                    "Plugin": [
                        "Source Code Disclosure - Git ",
                        "41",
                        "beta",
                        "Complete",
                        "6660",
                        "0",
                        "0"
                    ]
                },
                {
                    "Plugin": [
                        "Source Code Disclosure - File Inclusion",
                        "43",
                        "beta",
                        "Complete",
                        "310984",
                        "42",
                        "0"
                    ]
                },
                {
                    "Plugin": [
                        "Ejecución remota de código - Shell Shock",
                        "10048",
                        "beta",
                        "19%",
                        "2791",
                        "4",
                        "0"
                    ]
                },
                {
                    "Plugin": [
                        "Httpoxy - Proxy Header Misuse",
                        "10107",
                        "beta",
                        "Pending",
                        "0",
                        "0",
                        "0"
                    ]
                },
                {
                    "Plugin": [
                        "Anti-CSRF Tokens Check",
                        "20012",
                        "beta",
                        "Pending",
                        "0",
                        "0",
                        "0"
                    ]
                },
                {
                    "Plugin": [
                        "Vulnerabilidades de OpenSLL HeartBleed",
                        "20015",
                        "beta",
                        "Pending",
                        "0",
                        "0",
                        "0"
                    ]
                },
                {
                    "Plugin": [
                        "Desconfiguración de Dominio cruzado",
                        "20016",
                        "beta",
                        "Pending",
                        "0",
                        "0",
                        "0"
                    ]
                },
                {
                    "Plugin": [
                        "Divulgación del código fuente - CVE-2012-1823",
                        "20017",
                        "beta",
                        "Pending",
                        "0",
                        "0",
                        "0"
                    ]
                },
                {
                    "Plugin": [
                        "Ejecución remota de código - CVE-2012-1823",
                        "20018",
                        "beta",
                        "Pending",
                        "0",
                        "0",
                        "0"
                    ]
                },
                {
                    "Plugin": [
                        "Fijación de Sesión",
                        "40013",
                        "beta",
                        "Pending",
                        "0",
                        "0",
                        "0"
                    ]
                },
                {
                    "Plugin": [
                        "Inyección SQL - MySQL",
                        "40019",
                        "beta",
                        "Pending",
                        "0",
                        "0",
                        "0"
                    ]
                },
                {
                    "Plugin": [
                        "Inyección SQL - SQL hipersónico",
                        "40020",
                        "beta",
                        "Pending",
                        "0",
                        "0",
                        "0"
                    ]
                },
                {
                    "Plugin": [
                        "Inyección SQL - Oráculo",
                        "40021",
                        "beta",
                        "Pending",
                        "0",
                        "0",
                        "0"
                    ]
                },
                {
                    "Plugin": [
                        "Inyección SQL - PostgreSQL",
                        "40022",
                        "beta",
                        "Pending",
                        "0",
                        "0",
                        "0"
                    ]
                },
                {
                    "Plugin": [
                        "SQL Injection - SQLite",
                        "40024",
                        "beta",
                        "Pending",
                        "0",
                        "0",
                        "0"
                    ]
                },
                {
                    "Plugin": [
                        "SQL Injection - MsSQL",
                        "40027",
                        "beta",
                        "Pending",
                        "0",
                        "0",
                        "0"
                    ]
                },
                {
                    "Plugin": [
                        "XPath Injection",
                        "90021",
                        "beta",
                        "Pending",
                        "0",
                        "0",
                        "0"
                    ]
                },
                {
                    "Plugin": [
                        "XML External Entity Attack",
                        "90023",
                        "beta",
                        "Pending",
                        "0",
                        "0",
                        "0"
                    ]
                },
                {
                    "Plugin": [
                        "Relleno genérico del Oráculo",
                        "90024",
                        "beta",
                        "Pending",
                        "0",
                        "0",
                        "0"
                    ]
                },
                {
                    "Plugin": [
                        "Inyección Expresión de Lenguaje",
                        "90025",
                        "beta",
                        "Pending",
                        "0",
                        "0",
                        "0"
                    ]
                },
                {
                    "Plugin": [
                        "Divulgación del código fuente - SVN",
                        "42",
                        "beta",
                        "Pending",
                        "0",
                        "0",
                        "0"
                    ]
                },
                {
                    "Plugin": [
                        "Relative Path Confusion",
                        "10051",
                        "beta",
                        "Pending",
                        "0",
                        "0",
                        "0"
                    ]
                },
                {
                    "Plugin": [
                        "Apache Range Header DoS (CVE-2011-3192)",
                        "10053",
                        "beta",
                        "Pending",
                        "0",
                        "0",
                        "0"
                    ]
                },
                {
                    "Plugin": [
                        "Divulgación del archivo de respaldo",
                        "10095",
                        "beta",
                        "Pending",
                        "0",
                        "0",
                        "0"
                    ]
                },
                {
                    "Plugin": [
                        "HTTP Only Site",
                        "10106",
                        "beta",
                        "Pending",
                        "0",
                        "0",
                        "0"
                    ]
                },
                {
                    "Plugin": [
                        "Falla de desbordamiento de enteros",
                        "30003",
                        "beta",
                        "Pending",
                        "0",
                        "0",
                        "0"
                    ]
                },
                {
                    "Plugin": [
                        "Proxy Disclosure",
                        "40025",
                        "beta",
                        "Pending",
                        "0",
                        "0",
                        "0"
                    ]
                },
                {
                    "Plugin": [
                        "ELMAH Information Leak",
                        "40028",
                        "beta",
                        "Pending",
                        "0",
                        "0",
                        "0"
                    ]
                },
                {
                    "Plugin": [
                        "Trace.axd Information Leak",
                        "40029",
                        "beta",
                        "Pending",
                        "0",
                        "0",
                        "0"
                    ]
                },
                {
                    "Plugin": [
                        ".htaccess Information Leak",
                        "40032",
                        "beta",
                        "Pending",
                        "0",
                        "0",
                        "0"
                    ]
                },
                {
                    "Plugin": [
                        "Método HTTP inseguro",
                        "90028",
                        "beta",
                        "Pending",
                        "0",
                        "0",
                        "0"
                    ]
                },
                {
                    "Plugin": [
                        "HTTPS Content Available via HTTP",
                        "10047",
                        "beta",
                        "Pending",
                        "0",
                        "0",
                        "0"
                    ]
                },
                {
                    "Plugin": [
                        "GET for POST",
                        "10058",
                        "beta",
                        "Pending",
                        "0",
                        "0",
                        "0"
                    ]
                },
                {
                    "Plugin": [
                        "User Agent Fuzzer",
                        "10104",
                        "beta",
                        "Pending",
                        "0",
                        "0",
                        "0"
                    ]
                },
                {
                    "Plugin": [
                        "Escáner de infección por el parámetro HTTP",
                        "20014",
                        "beta",
                        "Pending",
                        "0",
                        "0",
                        "0"
                    ]
                },
                {
                    "Plugin": [
                        "Posible enumeración de nombre de usuario",
                        "40023",
                        "beta",
                        "Pending",
                        "0",
                        "0",
                        "0"
                    ]
                },
                {
                    "Plugin": [
                        "Cookie Slack Detector",
                        "90027",
                        "beta",
                        "Pending",
                        "0",
                        "0",
                        "0"
                    ]
                }
            ]
        }
    ]
}
OWASP Status : 38 %
{
    "scanProgress": [
        "http://todo.ly",
        {
            "HostProcess": [
                {
                    "Plugin": [
                        "Path Traversal",
                        "6",
                        "release",
                        "Complete",
                        "36468",
                        "150",
                        "0"
                    ]
                },
                {
                    "Plugin": [
                        "Remote File Inclusion",
                        "7",
                        "release",
                        "Complete",
                        "24501",
                        "90",
                        "0"
                    ]
                },
                {
                    "Plugin": [
                        "Source Code Disclosure - /WEB-INF folder",
                        "10045",
                        "release",
                        "Complete",
                        "1870",
                        "8",
                        "0"
                    ]
                },
                {
                    "Plugin": [
                        "External Redirect",
                        "20019",
                        "release",
                        "Complete",
                        "23503",
                        "81",
                        "0"
                    ]
                },
                {
                    "Plugin": [
                        "Server Side Include",
                        "40009",
                        "release",
                        "Complete",
                        "15675",
                        "36",
                        "0"
                    ]
                },
                {
                    "Plugin": [
                        "Cross Site Scripting (Reflected)",
                        "40012",
                        "release",
                        "Complete",
                        "15446",
                        "36",
                        "0"
                    ]
                },
                {
                    "Plugin": [
                        "Cross Site Scripting (Persistent) - Prime",
                        "40016",
                        "release",
                        "Complete",
                        "11307",
                        "9",
                        "0"
                    ]
                },
                {
                    "Plugin": [
                        "Cross Site Scripting (Persistent) - Spider",
                        "40017",
                        "release",
                        "Complete",
                        "24202",
                        "114",
                        "0"
                    ]
                },
                {
                    "Plugin": [
                        "Cross Site Scripting (Persistent)",
                        "40014",
                        "release",
                        "Complete",
                        "9168",
                        "0",
                        "0"
                    ]
                },
                {
                    "Plugin": [
                        "SQL Injection",
                        "40018",
                        "release",
                        "Complete",
                        "53560",
                        "242",
                        "0"
                    ]
                },
                {
                    "Plugin": [
                        "Server Side Code Injection",
                        "90019",
                        "release",
                        "Complete",
                        "20869",
                        "72",
                        "0"
                    ]
                },
                {
                    "Plugin": [
                        "Remote OS Command Injection",
                        "90020",
                        "release",
                        "Complete",
                        "55836",
                        "288",
                        "0"
                    ]
                },
                {
                    "Plugin": [
                        "Directory Browsing",
                        "0",
                        "release",
                        "Complete",
                        "23864",
                        "114",
                        "0"
                    ]
                },
                {
                    "Plugin": [
                        "Buffer Overflow",
                        "30001",
                        "release",
                        "Complete",
                        "12382",
                        "9",
                        "0"
                    ]
                },
                {
                    "Plugin": [
                        "Error de formato de cadena",
                        "30002",
                        "release",
                        "Complete",
                        "15100",
                        "23",
                        "0"
                    ]
                },
                {
                    "Plugin": [
                        "CRLF Injection",
                        "40003",
                        "release",
                        "Complete",
                        "20173",
                        "63",
                        "0"
                    ]
                },
                {
                    "Plugin": [
                        "Parameter Tampering",
                        "40008",
                        "release",
                        "Complete",
                        "20858",
                        "63",
                        "0"
                    ]
                },
                {
                    "Plugin": [
                        "Reglas de búsqueda activadas para el Script",
                        "50000",
                        "release",
                        "Salteado, sin scripts habilitados.",
                        "2",
                        "0",
                        "0"
                    ]
                },
                {
                    "Plugin": [
                        "Source Code Disclosure - Git ",
                        "41",
                        "beta",
                        "Complete",
                        "6660",
                        "0",
                        "0"
                    ]
                },
                {
                    "Plugin": [
                        "Source Code Disclosure - File Inclusion",
                        "43",
                        "beta",
                        "Complete",
                        "310984",
                        "42",
                        "0"
                    ]
                },
                {
                    "Plugin": [
                        "Ejecución remota de código - Shell Shock",
                        "10048",
                        "beta",
                        "Complete",
                        "11348",
                        "18",
                        "0"
                    ]
                },
                {
                    "Plugin": [
                        "Httpoxy - Proxy Header Misuse",
                        "10107",
                        "beta",
                        "9%",
                        "21499",
                        "153",
                        "0"
                    ]
                },
                {
                    "Plugin": [
                        "Anti-CSRF Tokens Check",
                        "20012",
                        "beta",
                        "Pending",
                        "0",
                        "0",
                        "0"
                    ]
                },
                {
                    "Plugin": [
                        "Vulnerabilidades de OpenSLL HeartBleed",
                        "20015",
                        "beta",
                        "Pending",
                        "0",
                        "0",
                        "0"
                    ]
                },
                {
                    "Plugin": [
                        "Desconfiguración de Dominio cruzado",
                        "20016",
                        "beta",
                        "Pending",
                        "0",
                        "0",
                        "0"
                    ]
                },
                {
                    "Plugin": [
                        "Divulgación del código fuente - CVE-2012-1823",
                        "20017",
                        "beta",
                        "Pending",
                        "0",
                        "0",
                        "0"
                    ]
                },
                {
                    "Plugin": [
                        "Ejecución remota de código - CVE-2012-1823",
                        "20018",
                        "beta",
                        "Pending",
                        "0",
                        "0",
                        "0"
                    ]
                },
                {
                    "Plugin": [
                        "Fijación de Sesión",
                        "40013",
                        "beta",
                        "Pending",
                        "0",
                        "0",
                        "0"
                    ]
                },
                {
                    "Plugin": [
                        "Inyección SQL - MySQL",
                        "40019",
                        "beta",
                        "Pending",
                        "0",
                        "0",
                        "0"
                    ]
                },
                {
                    "Plugin": [
                        "Inyección SQL - SQL hipersónico",
                        "40020",
                        "beta",
                        "Pending",
                        "0",
                        "0",
                        "0"
                    ]
                },
                {
                    "Plugin": [
                        "Inyección SQL - Oráculo",
                        "40021",
                        "beta",
                        "Pending",
                        "0",
                        "0",
                        "0"
                    ]
                },
                {
                    "Plugin": [
                        "Inyección SQL - PostgreSQL",
                        "40022",
                        "beta",
                        "Pending",
                        "0",
                        "0",
                        "0"
                    ]
                },
                {
                    "Plugin": [
                        "SQL Injection - SQLite",
                        "40024",
                        "beta",
                        "Pending",
                        "0",
                        "0",
                        "0"
                    ]
                },
                {
                    "Plugin": [
                        "SQL Injection - MsSQL",
                        "40027",
                        "beta",
                        "Pending",
                        "0",
                        "0",
                        "0"
                    ]
                },
                {
                    "Plugin": [
                        "XPath Injection",
                        "90021",
                        "beta",
                        "Pending",
                        "0",
                        "0",
                        "0"
                    ]
                },
                {
                    "Plugin": [
                        "XML External Entity Attack",
                        "90023",
                        "beta",
                        "Pending",
                        "0",
                        "0",
                        "0"
                    ]
                },
                {
                    "Plugin": [
                        "Relleno genérico del Oráculo",
                        "90024",
                        "beta",
                        "Pending",
                        "0",
                        "0",
                        "0"
                    ]
                },
                {
                    "Plugin": [
                        "Inyección Expresión de Lenguaje",
                        "90025",
                        "beta",
                        "Pending",
                        "0",
                        "0",
                        "0"
                    ]
                },
                {
                    "Plugin": [
                        "Divulgación del código fuente - SVN",
                        "42",
                        "beta",
                        "Pending",
                        "0",
                        "0",
                        "0"
                    ]
                },
                {
                    "Plugin": [
                        "Relative Path Confusion",
                        "10051",
                        "beta",
                        "Pending",
                        "0",
                        "0",
                        "0"
                    ]
                },
                {
                    "Plugin": [
                        "Apache Range Header DoS (CVE-2011-3192)",
                        "10053",
                        "beta",
                        "Pending",
                        "0",
                        "0",
                        "0"
                    ]
                },
                {
                    "Plugin": [
                        "Divulgación del archivo de respaldo",
                        "10095",
                        "beta",
                        "Pending",
                        "0",
                        "0",
                        "0"
                    ]
                },
                {
                    "Plugin": [
                        "HTTP Only Site",
                        "10106",
                        "beta",
                        "Pending",
                        "0",
                        "0",
                        "0"
                    ]
                },
                {
                    "Plugin": [
                        "Falla de desbordamiento de enteros",
                        "30003",
                        "beta",
                        "Pending",
                        "0",
                        "0",
                        "0"
                    ]
                },
                {
                    "Plugin": [
                        "Proxy Disclosure",
                        "40025",
                        "beta",
                        "Pending",
                        "0",
                        "0",
                        "0"
                    ]
                },
                {
                    "Plugin": [
                        "ELMAH Information Leak",
                        "40028",
                        "beta",
                        "Pending",
                        "0",
                        "0",
                        "0"
                    ]
                },
                {
                    "Plugin": [
                        "Trace.axd Information Leak",
                        "40029",
                        "beta",
                        "Pending",
                        "0",
                        "0",
                        "0"
                    ]
                },
                {
                    "Plugin": [
                        ".htaccess Information Leak",
                        "40032",
                        "beta",
                        "Pending",
                        "0",
                        "0",
                        "0"
                    ]
                },
                {
                    "Plugin": [
                        "Método HTTP inseguro",
                        "90028",
                        "beta",
                        "Pending",
                        "0",
                        "0",
                        "0"
                    ]
                },
                {
                    "Plugin": [
                        "HTTPS Content Available via HTTP",
                        "10047",
                        "beta",
                        "Pending",
                        "0",
                        "0",
                        "0"
                    ]
                },
                {
                    "Plugin": [
                        "GET for POST",
                        "10058",
                        "beta",
                        "Pending",
                        "0",
                        "0",
                        "0"
                    ]
                },
                {
                    "Plugin": [
                        "User Agent Fuzzer",
                        "10104",
                        "beta",
                        "Pending",
                        "0",
                        "0",
                        "0"
                    ]
                },
                {
                    "Plugin": [
                        "Escáner de infección por el parámetro HTTP",
                        "20014",
                        "beta",
                        "Pending",
                        "0",
                        "0",
                        "0"
                    ]
                },
                {
                    "Plugin": [
                        "Posible enumeración de nombre de usuario",
                        "40023",
                        "beta",
                        "Pending",
                        "0",
                        "0",
                        "0"
                    ]
                },
                {
                    "Plugin": [
                        "Cookie Slack Detector",
                        "90027",
                        "beta",
                        "Pending",
                        "0",
                        "0",
                        "0"
                    ]
                }
            ]
        }
    ]
}
OWASP Status : 38 %
{
    "scanProgress": [
        "http://todo.ly",
        {
            "HostProcess": [
                {
                    "Plugin": [
                        "Path Traversal",
                        "6",
                        "release",
                        "Complete",
                        "36468",
                        "150",
                        "0"
                    ]
                },
                {
                    "Plugin": [
                        "Remote File Inclusion",
                        "7",
                        "release",
                        "Complete",
                        "24501",
                        "90",
                        "0"
                    ]
                },
                {
                    "Plugin": [
                        "Source Code Disclosure - /WEB-INF folder",
                        "10045",
                        "release",
                        "Complete",
                        "1870",
                        "8",
                        "0"
                    ]
                },
                {
                    "Plugin": [
                        "External Redirect",
                        "20019",
                        "release",
                        "Complete",
                        "23503",
                        "81",
                        "0"
                    ]
                },
                {
                    "Plugin": [
                        "Server Side Include",
                        "40009",
                        "release",
                        "Complete",
                        "15675",
                        "36",
                        "0"
                    ]
                },
                {
                    "Plugin": [
                        "Cross Site Scripting (Reflected)",
                        "40012",
                        "release",
                        "Complete",
                        "15446",
                        "36",
                        "0"
                    ]
                },
                {
                    "Plugin": [
                        "Cross Site Scripting (Persistent) - Prime",
                        "40016",
                        "release",
                        "Complete",
                        "11307",
                        "9",
                        "0"
                    ]
                },
                {
                    "Plugin": [
                        "Cross Site Scripting (Persistent) - Spider",
                        "40017",
                        "release",
                        "Complete",
                        "24202",
                        "114",
                        "0"
                    ]
                },
                {
                    "Plugin": [
                        "Cross Site Scripting (Persistent)",
                        "40014",
                        "release",
                        "Complete",
                        "9168",
                        "0",
                        "0"
                    ]
                },
                {
                    "Plugin": [
                        "SQL Injection",
                        "40018",
                        "release",
                        "Complete",
                        "53560",
                        "242",
                        "0"
                    ]
                },
                {
                    "Plugin": [
                        "Server Side Code Injection",
                        "90019",
                        "release",
                        "Complete",
                        "20869",
                        "72",
                        "0"
                    ]
                },
                {
                    "Plugin": [
                        "Remote OS Command Injection",
                        "90020",
                        "release",
                        "Complete",
                        "55836",
                        "288",
                        "0"
                    ]
                },
                {
                    "Plugin": [
                        "Directory Browsing",
                        "0",
                        "release",
                        "Complete",
                        "23864",
                        "114",
                        "0"
                    ]
                },
                {
                    "Plugin": [
                        "Buffer Overflow",
                        "30001",
                        "release",
                        "Complete",
                        "12382",
                        "9",
                        "0"
                    ]
                },
                {
                    "Plugin": [
                        "Error de formato de cadena",
                        "30002",
                        "release",
                        "Complete",
                        "15100",
                        "23",
                        "0"
                    ]
                },
                {
                    "Plugin": [
                        "CRLF Injection",
                        "40003",
                        "release",
                        "Complete",
                        "20173",
                        "63",
                        "0"
                    ]
                },
                {
                    "Plugin": [
                        "Parameter Tampering",
                        "40008",
                        "release",
                        "Complete",
                        "20858",
                        "63",
                        "0"
                    ]
                },
                {
                    "Plugin": [
                        "Reglas de búsqueda activadas para el Script",
                        "50000",
                        "release",
                        "Salteado, sin scripts habilitados.",
                        "2",
                        "0",
                        "0"
                    ]
                },
                {
                    "Plugin": [
                        "Source Code Disclosure - Git ",
                        "41",
                        "beta",
                        "Complete",
                        "6660",
                        "0",
                        "0"
                    ]
                },
                {
                    "Plugin": [
                        "Source Code Disclosure - File Inclusion",
                        "43",
                        "beta",
                        "Complete",
                        "310984",
                        "42",
                        "0"
                    ]
                },
                {
                    "Plugin": [
                        "Ejecución remota de código - Shell Shock",
                        "10048",
                        "beta",
                        "Complete",
                        "11348",
                        "18",
                        "0"
                    ]
                },
                {
                    "Plugin": [
                        "Httpoxy - Proxy Header Misuse",
                        "10107",
                        "beta",
                        "23%",
                        "51573",
                        "385",
                        "0"
                    ]
                },
                {
                    "Plugin": [
                        "Anti-CSRF Tokens Check",
                        "20012",
                        "beta",
                        "Pending",
                        "0",
                        "0",
                        "0"
                    ]
                },
                {
                    "Plugin": [
                        "Vulnerabilidades de OpenSLL HeartBleed",
                        "20015",
                        "beta",
                        "Pending",
                        "0",
                        "0",
                        "0"
                    ]
                },
                {
                    "Plugin": [
                        "Desconfiguración de Dominio cruzado",
                        "20016",
                        "beta",
                        "Pending",
                        "0",
                        "0",
                        "0"
                    ]
                },
                {
                    "Plugin": [
                        "Divulgación del código fuente - CVE-2012-1823",
                        "20017",
                        "beta",
                        "Pending",
                        "0",
                        "0",
                        "0"
                    ]
                },
                {
                    "Plugin": [
                        "Ejecución remota de código - CVE-2012-1823",
                        "20018",
                        "beta",
                        "Pending",
                        "0",
                        "0",
                        "0"
                    ]
                },
                {
                    "Plugin": [
                        "Fijación de Sesión",
                        "40013",
                        "beta",
                        "Pending",
                        "0",
                        "0",
                        "0"
                    ]
                },
                {
                    "Plugin": [
                        "Inyección SQL - MySQL",
                        "40019",
                        "beta",
                        "Pending",
                        "0",
                        "0",
                        "0"
                    ]
                },
                {
                    "Plugin": [
                        "Inyección SQL - SQL hipersónico",
                        "40020",
                        "beta",
                        "Pending",
                        "0",
                        "0",
                        "0"
                    ]
                },
                {
                    "Plugin": [
                        "Inyección SQL - Oráculo",
                        "40021",
                        "beta",
                        "Pending",
                        "0",
                        "0",
                        "0"
                    ]
                },
                {
                    "Plugin": [
                        "Inyección SQL - PostgreSQL",
                        "40022",
                        "beta",
                        "Pending",
                        "0",
                        "0",
                        "0"
                    ]
                },
                {
                    "Plugin": [
                        "SQL Injection - SQLite",
                        "40024",
                        "beta",
                        "Pending",
                        "0",
                        "0",
                        "0"
                    ]
                },
                {
                    "Plugin": [
                        "SQL Injection - MsSQL",
                        "40027",
                        "beta",
                        "Pending",
                        "0",
                        "0",
                        "0"
                    ]
                },
                {
                    "Plugin": [
                        "XPath Injection",
                        "90021",
                        "beta",
                        "Pending",
                        "0",
                        "0",
                        "0"
                    ]
                },
                {
                    "Plugin": [
                        "XML External Entity Attack",
                        "90023",
                        "beta",
                        "Pending",
                        "0",
                        "0",
                        "0"
                    ]
                },
                {
                    "Plugin": [
                        "Relleno genérico del Oráculo",
                        "90024",
                        "beta",
                        "Pending",
                        "0",
                        "0",
                        "0"
                    ]
                },
                {
                    "Plugin": [
                        "Inyección Expresión de Lenguaje",
                        "90025",
                        "beta",
                        "Pending",
                        "0",
                        "0",
                        "0"
                    ]
                },
                {
                    "Plugin": [
                        "Divulgación del código fuente - SVN",
                        "42",
                        "beta",
                        "Pending",
                        "0",
                        "0",
                        "0"
                    ]
                },
                {
                    "Plugin": [
                        "Relative Path Confusion",
                        "10051",
                        "beta",
                        "Pending",
                        "0",
                        "0",
                        "0"
                    ]
                },
                {
                    "Plugin": [
                        "Apache Range Header DoS (CVE-2011-3192)",
                        "10053",
                        "beta",
                        "Pending",
                        "0",
                        "0",
                        "0"
                    ]
                },
                {
                    "Plugin": [
                        "Divulgación del archivo de respaldo",
                        "10095",
                        "beta",
                        "Pending",
                        "0",
                        "0",
                        "0"
                    ]
                },
                {
                    "Plugin": [
                        "HTTP Only Site",
                        "10106",
                        "beta",
                        "Pending",
                        "0",
                        "0",
                        "0"
                    ]
                },
                {
                    "Plugin": [
                        "Falla de desbordamiento de enteros",
                        "30003",
                        "beta",
                        "Pending",
                        "0",
                        "0",
                        "0"
                    ]
                },
                {
                    "Plugin": [
                        "Proxy Disclosure",
                        "40025",
                        "beta",
                        "Pending",
                        "0",
                        "0",
                        "0"
                    ]
                },
                {
                    "Plugin": [
                        "ELMAH Information Leak",
                        "40028",
                        "beta",
                        "Pending",
                        "0",
                        "0",
                        "0"
                    ]
                },
                {
                    "Plugin": [
                        "Trace.axd Information Leak",
                        "40029",
                        "beta",
                        "Pending",
                        "0",
                        "0",
                        "0"
                    ]
                },
                {
                    "Plugin": [
                        ".htaccess Information Leak",
                        "40032",
                        "beta",
                        "Pending",
                        "0",
                        "0",
                        "0"
                    ]
                },
                {
                    "Plugin": [
                        "Método HTTP inseguro",
                        "90028",
                        "beta",
                        "Pending",
                        "0",
                        "0",
                        "0"
                    ]
                },
                {
                    "Plugin": [
                        "HTTPS Content Available via HTTP",
                        "10047",
                        "beta",
                        "Pending",
                        "0",
                        "0",
                        "0"
                    ]
                },
                {
                    "Plugin": [
                        "GET for POST",
                        "10058",
                        "beta",
                        "Pending",
                        "0",
                        "0",
                        "0"
                    ]
                },
                {
                    "Plugin": [
                        "User Agent Fuzzer",
                        "10104",
                        "beta",
                        "Pending",
                        "0",
                        "0",
                        "0"
                    ]
                },
                {
                    "Plugin": [
                        "Escáner de infección por el parámetro HTTP",
                        "20014",
                        "beta",
                        "Pending",
                        "0",
                        "0",
                        "0"
                    ]
                },
                {
                    "Plugin": [
                        "Posible enumeración de nombre de usuario",
                        "40023",
                        "beta",
                        "Pending",
                        "0",
                        "0",
                        "0"
                    ]
                },
                {
                    "Plugin": [
                        "Cookie Slack Detector",
                        "90027",
                        "beta",
                        "Pending",
                        "0",
                        "0",
                        "0"
                    ]
                }
            ]
        }
    ]
}
OWASP Status : 100 %
{
    "scanProgress": [
        "http://todo.ly",
        {
            "HostProcess": [
                {
                    "Plugin": [
                        "Path Traversal",
                        "6",
                        "release",
                        "Complete",
                        "36468",
                        "150",
                        "0"
                    ]
                },
                {
                    "Plugin": [
                        "Remote File Inclusion",
                        "7",
                        "release",
                        "Complete",
                        "24501",
                        "90",
                        "0"
                    ]
                },
                {
                    "Plugin": [
                        "Source Code Disclosure - /WEB-INF folder",
                        "10045",
                        "release",
                        "Complete",
                        "1870",
                        "8",
                        "0"
                    ]
                },
                {
                    "Plugin": [
                        "External Redirect",
                        "20019",
                        "release",
                        "Complete",
                        "23503",
                        "81",
                        "0"
                    ]
                },
                {
                    "Plugin": [
                        "Server Side Include",
                        "40009",
                        "release",
                        "Complete",
                        "15675",
                        "36",
                        "0"
                    ]
                },
                {
                    "Plugin": [
                        "Cross Site Scripting (Reflected)",
                        "40012",
                        "release",
                        "Complete",
                        "15446",
                        "36",
                        "0"
                    ]
                },
                {
                    "Plugin": [
                        "Cross Site Scripting (Persistent) - Prime",
                        "40016",
                        "release",
                        "Complete",
                        "11307",
                        "9",
                        "0"
                    ]
                },
                {
                    "Plugin": [
                        "Cross Site Scripting (Persistent) - Spider",
                        "40017",
                        "release",
                        "Complete",
                        "24202",
                        "114",
                        "0"
                    ]
                },
                {
                    "Plugin": [
                        "Cross Site Scripting (Persistent)",
                        "40014",
                        "release",
                        "Complete",
                        "9168",
                        "0",
                        "0"
                    ]
                },
                {
                    "Plugin": [
                        "SQL Injection",
                        "40018",
                        "release",
                        "Complete",
                        "53560",
                        "242",
                        "0"
                    ]
                },
                {
                    "Plugin": [
                        "Server Side Code Injection",
                        "90019",
                        "release",
                        "Complete",
                        "20869",
                        "72",
                        "0"
                    ]
                },
                {
                    "Plugin": [
                        "Remote OS Command Injection",
                        "90020",
                        "release",
                        "Complete",
                        "55836",
                        "288",
                        "0"
                    ]
                },
                {
                    "Plugin": [
                        "Directory Browsing",
                        "0",
                        "release",
                        "Complete",
                        "23864",
                        "114",
                        "0"
                    ]
                },
                {
                    "Plugin": [
                        "Buffer Overflow",
                        "30001",
                        "release",
                        "Complete",
                        "12382",
                        "9",
                        "0"
                    ]
                },
                {
                    "Plugin": [
                        "Error de formato de cadena",
                        "30002",
                        "release",
                        "Complete",
                        "15100",
                        "23",
                        "0"
                    ]
                },
                {
                    "Plugin": [
                        "CRLF Injection",
                        "40003",
                        "release",
                        "Complete",
                        "20173",
                        "63",
                        "0"
                    ]
                },
                {
                    "Plugin": [
                        "Parameter Tampering",
                        "40008",
                        "release",
                        "Complete",
                        "20858",
                        "63",
                        "0"
                    ]
                },
                {
                    "Plugin": [
                        "Reglas de búsqueda activadas para el Script",
                        "50000",
                        "release",
                        "Salteado, sin scripts habilitados.",
                        "2",
                        "0",
                        "0"
                    ]
                },
                {
                    "Plugin": [
                        "Source Code Disclosure - Git ",
                        "41",
                        "beta",
                        "Complete",
                        "6660",
                        "0",
                        "0"
                    ]
                },
                {
                    "Plugin": [
                        "Source Code Disclosure - File Inclusion",
                        "43",
                        "beta",
                        "Complete",
                        "310984",
                        "42",
                        "0"
                    ]
                },
                {
                    "Plugin": [
                        "Ejecución remota de código - Shell Shock",
                        "10048",
                        "beta",
                        "Complete",
                        "11348",
                        "18",
                        "0"
                    ]
                },
                {
                    "Plugin": [
                        "Httpoxy - Proxy Header Misuse",
                        "10107",
                        "beta",
                        "Complete",
                        "58414",
                        "450",
                        "0"
                    ]
                },
                {
                    "Plugin": [
                        "Anti-CSRF Tokens Check",
                        "20012",
                        "beta",
                        "Pending",
                        "0",
                        "0",
                        "0"
                    ]
                },
                {
                    "Plugin": [
                        "Vulnerabilidades de OpenSLL HeartBleed",
                        "20015",
                        "beta",
                        "Pending",
                        "0",
                        "0",
                        "0"
                    ]
                },
                {
                    "Plugin": [
                        "Desconfiguración de Dominio cruzado",
                        "20016",
                        "beta",
                        "Pending",
                        "0",
                        "0",
                        "0"
                    ]
                },
                {
                    "Plugin": [
                        "Divulgación del código fuente - CVE-2012-1823",
                        "20017",
                        "beta",
                        "Pending",
                        "0",
                        "0",
                        "0"
                    ]
                },
                {
                    "Plugin": [
                        "Ejecución remota de código - CVE-2012-1823",
                        "20018",
                        "beta",
                        "Pending",
                        "0",
                        "0",
                        "0"
                    ]
                },
                {
                    "Plugin": [
                        "Fijación de Sesión",
                        "40013",
                        "beta",
                        "Pending",
                        "0",
                        "0",
                        "0"
                    ]
                },
                {
                    "Plugin": [
                        "Inyección SQL - MySQL",
                        "40019",
                        "beta",
                        "Pending",
                        "0",
                        "0",
                        "0"
                    ]
                },
                {
                    "Plugin": [
                        "Inyección SQL - SQL hipersónico",
                        "40020",
                        "beta",
                        "Pending",
                        "0",
                        "0",
                        "0"
                    ]
                },
                {
                    "Plugin": [
                        "Inyección SQL - Oráculo",
                        "40021",
                        "beta",
                        "Pending",
                        "0",
                        "0",
                        "0"
                    ]
                },
                {
                    "Plugin": [
                        "Inyección SQL - PostgreSQL",
                        "40022",
                        "beta",
                        "Pending",
                        "0",
                        "0",
                        "0"
                    ]
                },
                {
                    "Plugin": [
                        "SQL Injection - SQLite",
                        "40024",
                        "beta",
                        "Pending",
                        "0",
                        "0",
                        "0"
                    ]
                },
                {
                    "Plugin": [
                        "SQL Injection - MsSQL",
                        "40027",
                        "beta",
                        "Pending",
                        "0",
                        "0",
                        "0"
                    ]
                },
                {
                    "Plugin": [
                        "XPath Injection",
                        "90021",
                        "beta",
                        "Pending",
                        "0",
                        "0",
                        "0"
                    ]
                },
                {
                    "Plugin": [
                        "XML External Entity Attack",
                        "90023",
                        "beta",
                        "Pending",
                        "0",
                        "0",
                        "0"
                    ]
                },
                {
                    "Plugin": [
                        "Relleno genérico del Oráculo",
                        "90024",
                        "beta",
                        "Pending",
                        "0",
                        "0",
                        "0"
                    ]
                },
                {
                    "Plugin": [
                        "Inyección Expresión de Lenguaje",
                        "90025",
                        "beta",
                        "Pending",
                        "0",
                        "0",
                        "0"
                    ]
                },
                {
                    "Plugin": [
                        "Divulgación del código fuente - SVN",
                        "42",
                        "beta",
                        "Pending",
                        "0",
                        "0",
                        "0"
                    ]
                },
                {
                    "Plugin": [
                        "Relative Path Confusion",
                        "10051",
                        "beta",
                        "Pending",
                        "0",
                        "0",
                        "0"
                    ]
                },
                {
                    "Plugin": [
                        "Apache Range Header DoS (CVE-2011-3192)",
                        "10053",
                        "beta",
                        "Pending",
                        "0",
                        "0",
                        "0"
                    ]
                },
                {
                    "Plugin": [
                        "Divulgación del archivo de respaldo",
                        "10095",
                        "beta",
                        "Pending",
                        "0",
                        "0",
                        "0"
                    ]
                },
                {
                    "Plugin": [
                        "HTTP Only Site",
                        "10106",
                        "beta",
                        "Pending",
                        "0",
                        "0",
                        "0"
                    ]
                },
                {
                    "Plugin": [
                        "Falla de desbordamiento de enteros",
                        "30003",
                        "beta",
                        "Pending",
                        "0",
                        "0",
                        "0"
                    ]
                },
                {
                    "Plugin": [
                        "Proxy Disclosure",
                        "40025",
                        "beta",
                        "Pending",
                        "0",
                        "0",
                        "0"
                    ]
                },
                {
                    "Plugin": [
                        "ELMAH Information Leak",
                        "40028",
                        "beta",
                        "Pending",
                        "0",
                        "0",
                        "0"
                    ]
                },
                {
                    "Plugin": [
                        "Trace.axd Information Leak",
                        "40029",
                        "beta",
                        "Pending",
                        "0",
                        "0",
                        "0"
                    ]
                },
                {
                    "Plugin": [
                        ".htaccess Information Leak",
                        "40032",
                        "beta",
                        "Pending",
                        "0",
                        "0",
                        "0"
                    ]
                },
                {
                    "Plugin": [
                        "Método HTTP inseguro",
                        "90028",
                        "beta",
                        "Pending",
                        "0",
                        "0",
                        "0"
                    ]
                },
                {
                    "Plugin": [
                        "HTTPS Content Available via HTTP",
                        "10047",
                        "beta",
                        "Pending",
                        "0",
                        "0",
                        "0"
                    ]
                },
                {
                    "Plugin": [
                        "GET for POST",
                        "10058",
                        "beta",
                        "Pending",
                        "0",
                        "0",
                        "0"
                    ]
                },
                {
                    "Plugin": [
                        "User Agent Fuzzer",
                        "10104",
                        "beta",
                        "Pending",
                        "0",
                        "0",
                        "0"
                    ]
                },
                {
                    "Plugin": [
                        "Escáner de infección por el parámetro HTTP",
                        "20014",
                        "beta",
                        "Pending",
                        "0",
                        "0",
                        "0"
                    ]
                },
                {
                    "Plugin": [
                        "Posible enumeración de nombre de usuario",
                        "40023",
                        "beta",
                        "Pending",
                        "0",
                        "0",
                        "0"
                    ]
                },
                {
                    "Plugin": [
                        "Cookie Slack Detector",
                        "90027",
                        "beta",
                        "Pending",
                        "0",
                        "0",
                        "0"
                    ]
                }
            ]
        }
    ]
}
]]></system-out>
  <system-err><![CDATA[SLF4J: Failed to load class "org.slf4j.impl.StaticLoggerBinder".
SLF4J: Defaulting to no-operation (NOP) logger implementation
SLF4J: See http://www.slf4j.org/codes.html#StaticLoggerBinder for further details.
oct 10, 2020 2:08:17 PM org.aspectj.weaver.tools.Jdk14Trace error
GRAVE: org/codehaus/groovy/runtime/callsite/AbstractCallSite
java.lang.RuntimeException: bad non-abstract method with no code: void org.codehaus.groovy.runtime.callsite.AbstractCallSite.<init>(org.codehaus.groovy.runtime.callsite.CallSiteArray, int, java.lang.String) on public class org.codehaus.groovy.runtime.callsite.AbstractCallSite
	at org.aspectj.weaver.bcel.LazyMethodGen.<init>(LazyMethodGen.java:223)
	at org.aspectj.weaver.bcel.LazyClassGen.<init>(LazyClassGen.java:308)
	at org.aspectj.weaver.bcel.BcelObjectType.getLazyClassGen(BcelObjectType.java:563)
	at org.aspectj.weaver.bcel.BcelWeaver.weave(BcelWeaver.java:1693)
	at org.aspectj.weaver.bcel.BcelWeaver.weaveWithoutDump(BcelWeaver.java:1644)
	at org.aspectj.weaver.bcel.BcelWeaver.weaveAndNotify(BcelWeaver.java:1409)
	at org.aspectj.weaver.bcel.BcelWeaver.weave(BcelWeaver.java:1191)
	at org.aspectj.weaver.tools.WeavingAdaptor.getWovenBytes(WeavingAdaptor.java:527)
	at org.aspectj.weaver.tools.WeavingAdaptor.weaveClass(WeavingAdaptor.java:363)
	at org.aspectj.weaver.loadtime.Aj.preProcess(Aj.java:121)
	at org.aspectj.weaver.loadtime.ClassPreProcessorAgentAdapter.transform(ClassPreProcessorAgentAdapter.java:54)
	at sun.instrument.TransformerManager.transform(TransformerManager.java:188)
	at sun.instrument.InstrumentationImpl.transform(InstrumentationImpl.java:428)
	at java.lang.ClassLoader.defineClass1(Native Method)
	at java.lang.ClassLoader.defineClass(ClassLoader.java:756)
	at java.lang.ClassLoader.defineClass(ClassLoader.java:635)
	at org.codehaus.groovy.reflection.SunClassLoader.define(SunClassLoader.java:94)
	at org.codehaus.groovy.runtime.callsite.GroovySunClassLoader.loadAbstract(GroovySunClassLoader.java:72)
	at org.codehaus.groovy.runtime.callsite.GroovySunClassLoader.<init>(GroovySunClassLoader.java:54)
	at org.codehaus.groovy.runtime.callsite.GroovySunClassLoader.<init>(GroovySunClassLoader.java:49)
	at org.codehaus.groovy.runtime.callsite.GroovySunClassLoader.lambda$static$0(GroovySunClassLoader.java:40)
	at java.security.AccessController.doPrivileged(Native Method)
	at org.codehaus.groovy.runtime.callsite.GroovySunClassLoader.<clinit>(GroovySunClassLoader.java:37)
	at org.codehaus.groovy.runtime.callsite.CallSiteGenerator.isCompilable(CallSiteGenerator.java:256)
	at org.codehaus.groovy.reflection.CachedMethod.createStaticMetaMethodSite(CachedMethod.java:312)
	at org.codehaus.groovy.runtime.callsite.StaticMetaMethodSite.createStaticMetaMethodSite(StaticMetaMethodSite.java:112)
	at groovy.lang.MetaClassImpl.createStaticSite(MetaClassImpl.java:3500)
	at org.codehaus.groovy.runtime.callsite.CallSiteArray.createCallStaticSite(CallSiteArray.java:74)
	at org.codehaus.groovy.runtime.callsite.CallSiteArray.createCallSite(CallSiteArray.java:156)
	at org.codehaus.groovy.runtime.callsite.CallSiteArray.defaultCall(CallSiteArray.java:47)
	at org.codehaus.groovy.runtime.callsite.AbstractCallSite.call(AbstractCallSite.java:125)
	at org.codehaus.groovy.runtime.callsite.AbstractCallSite.call(AbstractCallSite.java:130)
	at io.restassured.internal.common.assertion.AssertParameter.notNull(AssertParameter.groovy:21)
	at io.restassured.config.SSLConfig.<init>(SSLConfig.java:192)
	at io.restassured.config.SSLConfig.<init>(SSLConfig.java:184)
	at io.restassured.config.RestAssuredConfig.<init>(RestAssuredConfig.java:41)
	at io.restassured.RestAssured.<clinit>(RestAssured.java:421)
	at apiClient.RequestGET.send(RequestGET.java:16)
	at testUI.VulnerabilityTest.startScanningOWASPZAP(VulnerabilityTest.java:49)
	at testUI.VulnerabilityTest.verifyVulnerabilityScanTest(VulnerabilityTest.java:30)
	at sun.reflect.NativeMethodAccessorImpl.invoke0(Native Method)
	at sun.reflect.NativeMethodAccessorImpl.invoke(NativeMethodAccessorImpl.java:62)
	at sun.reflect.DelegatingMethodAccessorImpl.invoke(DelegatingMethodAccessorImpl.java:43)
	at java.lang.reflect.Method.invoke(Method.java:498)
	at org.junit.runners.model.FrameworkMethod$1.runReflectiveCall(FrameworkMethod.java:50)
	at org.junit.internal.runners.model.ReflectiveCallable.run(ReflectiveCallable.java:12)
	at org.junit.runners.model.FrameworkMethod.invokeExplosively(FrameworkMethod.java:47)
	at org.junit.internal.runners.statements.InvokeMethod.evaluate(InvokeMethod.java:17)
	at org.junit.internal.runners.statements.RunBefores.evaluate(RunBefores.java:26)
	at org.junit.internal.runners.statements.RunAfters.evaluate(RunAfters.java:27)
	at org.junit.runners.ParentRunner.runLeaf(ParentRunner.java:325)
	at org.junit.runners.BlockJUnit4ClassRunner.runChild(BlockJUnit4ClassRunner.java:78)
	at org.junit.runners.BlockJUnit4ClassRunner.runChild(BlockJUnit4ClassRunner.java:57)
	at org.junit.runners.ParentRunner$3.run(ParentRunner.java:290)
	at org.junit.runners.ParentRunner$1.schedule(ParentRunner.java:71)
	at org.junit.runners.ParentRunner.runChildren(ParentRunner.java:288)
	at org.junit.runners.ParentRunner.access$000(ParentRunner.java:58)
	at org.junit.runners.ParentRunner$2.evaluate(ParentRunner.java:268)
	at org.junit.runners.ParentRunner.run(ParentRunner.java:363)
	at org.gradle.api.internal.tasks.testing.junit.JUnitTestClassExecutor.runTestClass(JUnitTestClassExecutor.java:110)
	at org.gradle.api.internal.tasks.testing.junit.JUnitTestClassExecutor.execute(JUnitTestClassExecutor.java:58)
	at org.gradle.api.internal.tasks.testing.junit.JUnitTestClassExecutor.execute(JUnitTestClassExecutor.java:38)
	at org.gradle.api.internal.tasks.testing.junit.AbstractJUnitTestClassProcessor.processTestClass(AbstractJUnitTestClassProcessor.java:62)
	at org.gradle.api.internal.tasks.testing.SuiteTestClassProcessor.processTestClass(SuiteTestClassProcessor.java:51)
	at sun.reflect.NativeMethodAccessorImpl.invoke0(Native Method)
	at sun.reflect.NativeMethodAccessorImpl.invoke(NativeMethodAccessorImpl.java:62)
	at sun.reflect.DelegatingMethodAccessorImpl.invoke(DelegatingMethodAccessorImpl.java:43)
	at java.lang.reflect.Method.invoke(Method.java:498)
	at org.gradle.internal.dispatch.ReflectionDispatch.dispatch(ReflectionDispatch.java:36)
	at org.gradle.internal.dispatch.ReflectionDispatch.dispatch(ReflectionDispatch.java:24)
	at org.gradle.internal.dispatch.ContextClassLoaderDispatch.dispatch(ContextClassLoaderDispatch.java:33)
	at org.gradle.internal.dispatch.ProxyDispatchAdapter$DispatchingInvocationHandler.invoke(ProxyDispatchAdapter.java:94)
	at com.sun.proxy.$Proxy2.processTestClass(Unknown Source)
	at org.gradle.api.internal.tasks.testing.worker.TestWorker.processTestClass(TestWorker.java:119)
	at sun.reflect.NativeMethodAccessorImpl.invoke0(Native Method)
	at sun.reflect.NativeMethodAccessorImpl.invoke(NativeMethodAccessorImpl.java:62)
	at sun.reflect.DelegatingMethodAccessorImpl.invoke(DelegatingMethodAccessorImpl.java:43)
	at java.lang.reflect.Method.invoke(Method.java:498)
	at org.gradle.internal.dispatch.ReflectionDispatch.dispatch(ReflectionDispatch.java:36)
	at org.gradle.internal.dispatch.ReflectionDispatch.dispatch(ReflectionDispatch.java:24)
	at org.gradle.internal.remote.internal.hub.MessageHubBackedObjectConnection$DispatchWrapper.dispatch(MessageHubBackedObjectConnection.java:182)
	at org.gradle.internal.remote.internal.hub.MessageHubBackedObjectConnection$DispatchWrapper.dispatch(MessageHubBackedObjectConnection.java:164)
	at org.gradle.internal.remote.internal.hub.MessageHub$Handler.run(MessageHub.java:414)
	at org.gradle.internal.concurrent.ExecutorPolicy$CatchAndRecordFailures.onExecute(ExecutorPolicy.java:64)
	at org.gradle.internal.concurrent.ManagedExecutorImpl$1.run(ManagedExecutorImpl.java:48)
	at java.util.concurrent.ThreadPoolExecutor.runWorker(ThreadPoolExecutor.java:1149)
	at java.util.concurrent.ThreadPoolExecutor$Worker.run(ThreadPoolExecutor.java:624)
	at org.gradle.internal.concurrent.ThreadFactoryImpl$ManagedThreadRunnable.run(ThreadFactoryImpl.java:56)
	at java.lang.Thread.run(Thread.java:748)

oct 10, 2020 2:08:17 PM org.aspectj.weaver.tools.Jdk14Trace info
INFORMACIÓN: Dumping to C:\Users\Aldo Flores\Documents\GITHUB\seccion3\.\ajcore.20201010.140817.180.txt
]]></system-err>
</testsuite>
